<?xml version="1.0" encoding="UTF-8"?>
<coverage generated="1773096375763" clover="3.2.0">
  <project timestamp="1773096375764" name="All files">
    <metrics statements="186" coveredstatements="161" conditionals="121" coveredconditionals="86" methods="23" coveredmethods="22" elements="330" coveredelements="269" complexity="0" loc="186" ncloc="186" packages="4" files="4" classes="4"/>
    <package name="analyzers">
      <metrics statements="63" coveredstatements="54" conditionals="25" coveredconditionals="18" methods="4" coveredmethods="4"/>
      <file name="index.ts" path="/home/drix/.openclaw/workspace/memecoin-bot-project/src/analyzers/index.ts">
        <metrics statements="63" coveredstatements="54" conditionals="25" coveredconditionals="18" methods="4" coveredmethods="4"/>
        <line num="1" count="1" type="stmt"/>
        <line num="11" count="1" type="stmt"/>
        <line num="13" count="3" type="stmt"/>
        <line num="18" count="3" type="stmt"/>
        <line num="19" count="3" type="cond" truecount="1" falsecount="0"/>
        <line num="20" count="1" type="stmt"/>
        <line num="28" count="20" type="stmt"/>
        <line num="29" count="2" type="cond" truecount="1" falsecount="1"/>
        <line num="31" count="2" type="stmt"/>
        <line num="32" count="2" type="stmt"/>
        <line num="35" count="2" type="cond" truecount="2" falsecount="0"/>
        <line num="36" count="1" type="stmt"/>
        <line num="37" count="1" type="stmt"/>
        <line num="38" count="1" type="cond" truecount="1" falsecount="1"/>
        <line num="39" count="0" type="stmt"/>
        <line num="40" count="0" type="stmt"/>
        <line num="41" count="1" type="cond" truecount="0" falsecount="1"/>
        <line num="42" count="0" type="stmt"/>
        <line num="45" count="2" type="cond" truecount="2" falsecount="0"/>
        <line num="46" count="1" type="stmt"/>
        <line num="47" count="1" type="stmt"/>
        <line num="48" count="1" type="cond" truecount="0" falsecount="1"/>
        <line num="49" count="0" type="stmt"/>
        <line num="50" count="0" type="stmt"/>
        <line num="53" count="2" type="stmt"/>
        <line num="71" count="1" type="stmt"/>
        <line num="73" count="2" type="stmt"/>
        <line num="77" count="2" type="stmt"/>
        <line num="78" count="2" type="stmt"/>
        <line num="79" count="2" type="stmt"/>
        <line num="81" count="2" type="stmt"/>
        <line num="82" count="2" type="stmt"/>
        <line num="83" count="2" type="stmt"/>
        <line num="85" count="2" type="cond" truecount="2" falsecount="0"/>
        <line num="86" count="1" type="stmt"/>
        <line num="87" count="1" type="stmt"/>
        <line num="88" count="1" type="cond" truecount="1" falsecount="1"/>
        <line num="89" count="0" type="stmt"/>
        <line num="90" count="0" type="stmt"/>
        <line num="91" count="1" type="cond" truecount="1" falsecount="0"/>
        <line num="92" count="1" type="stmt"/>
        <line num="93" count="1" type="stmt"/>
        <line num="96" count="2" type="stmt"/>
        <line num="115" count="1" type="stmt"/>
        <line num="121" count="4" type="stmt"/>
        <line num="127" count="4" type="stmt"/>
        <line num="128" count="4" type="stmt"/>
        <line num="129" count="4" type="stmt"/>
        <line num="131" count="4" type="cond" truecount="2" falsecount="0"/>
        <line num="132" count="1" type="stmt"/>
        <line num="133" count="1" type="stmt"/>
        <line num="135" count="3" type="stmt"/>
        <line num="136" count="3" type="stmt"/>
        <line num="139" count="4" type="cond" truecount="1" falsecount="1"/>
        <line num="140" count="0" type="stmt"/>
        <line num="141" count="0" type="stmt"/>
        <line num="142" count="4" type="cond" truecount="2" falsecount="0"/>
        <line num="143" count="1" type="stmt"/>
        <line num="144" count="1" type="stmt"/>
        <line num="145" count="3" type="cond" truecount="1" falsecount="0"/>
        <line num="146" count="1" type="stmt"/>
        <line num="147" count="1" type="stmt"/>
        <line num="150" count="4" type="stmt"/>
      </file>
    </package>
    <package name="scoring">
      <metrics statements="13" coveredstatements="13" conditionals="4" coveredconditionals="3" methods="1" coveredmethods="1"/>
      <file name="score-engine.ts" path="/home/drix/.openclaw/workspace/memecoin-bot-project/src/scoring/score-engine.ts">
        <metrics statements="13" coveredstatements="13" conditionals="4" coveredconditionals="3" methods="1" coveredmethods="1"/>
        <line num="1" count="1" type="stmt"/>
        <line num="17" count="1" type="stmt"/>
        <line num="24" count="1" type="stmt"/>
        <line num="31" count="5" type="stmt"/>
        <line num="39" count="5" type="stmt"/>
        <line num="47" count="5" type="stmt"/>
        <line num="53" count="5" type="stmt"/>
        <line num="59" count="5" type="stmt"/>
        <line num="60" count="5" type="cond" truecount="2" falsecount="0"/>
        <line num="61" count="2" type="stmt"/>
        <line num="62" count="3" type="cond" truecount="1" falsecount="0"/>
        <line num="63" count="2" type="stmt"/>
        <line num="66" count="5" type="stmt"/>
      </file>
    </package>
    <package name="scrapers">
      <metrics statements="107" coveredstatements="91" conditionals="90" coveredconditionals="63" methods="18" coveredmethods="17"/>
      <file name="clanker.ts" path="/home/drix/.openclaw/workspace/memecoin-bot-project/src/scrapers/clanker.ts">
        <metrics statements="107" coveredstatements="91" conditionals="90" coveredconditionals="63" methods="18" coveredmethods="17"/>
        <line num="1" count="1" type="stmt"/>
        <line num="2" count="1" type="stmt"/>
        <line num="30" count="20" type="stmt"/>
        <line num="35" count="20" type="stmt"/>
        <line num="36" count="20" type="stmt"/>
        <line num="43" count="16" type="stmt"/>
        <line num="45" count="16" type="stmt"/>
        <line num="47" count="16" type="cond" truecount="0" falsecount="1"/>
        <line num="48" count="0" type="stmt"/>
        <line num="49" count="0" type="stmt"/>
        <line num="50" count="0" type="cond" truecount="0" falsecount="1"/>
        <line num="51" count="0" type="stmt"/>
        <line num="52" count="0" type="stmt"/>
        <line num="56" count="16" type="stmt"/>
        <line num="67" count="1" type="stmt"/>
        <line num="68" count="20" type="stmt"/>
        <line num="71" count="20" type="stmt"/>
        <line num="79" count="20" type="stmt"/>
        <line num="82" count="20" type="stmt"/>
        <line num="98" count="6" type="cond" truecount="0" falsecount="1"/>
        <line num="99" count="6" type="cond" truecount="0" falsecount="1"/>
        <line num="101" count="6" type="stmt"/>
        <line num="102" count="6" type="stmt"/>
        <line num="103" count="6" type="stmt"/>
        <line num="105" count="4" type="cond" truecount="0" falsecount="1"/>
        <line num="106" count="0" type="stmt"/>
        <line num="107" count="0" type="stmt"/>
        <line num="110" count="4" type="stmt"/>
        <line num="111" count="5" type="stmt"/>
        <line num="112" count="4" type="stmt"/>
        <line num="114" count="4" type="stmt"/>
        <line num="115" count="4" type="stmt"/>
        <line num="117" count="2" type="stmt"/>
        <line num="120" count="2" type="stmt"/>
        <line num="130" count="13" type="cond" truecount="1" falsecount="0"/>
        <line num="131" count="5" type="stmt"/>
        <line num="132" count="5" type="stmt"/>
        <line num="135" count="8" type="stmt"/>
        <line num="136" count="8" type="stmt"/>
        <line num="137" count="8" type="stmt"/>
        <line num="139" count="7" type="cond" truecount="0" falsecount="1"/>
        <line num="140" count="0" type="stmt"/>
        <line num="141" count="0" type="stmt"/>
        <line num="144" count="7" type="stmt"/>
        <line num="146" count="1" type="stmt"/>
        <line num="150" count="1" type="stmt"/>
        <line num="160" count="3" type="cond" truecount="1" falsecount="0"/>
        <line num="161" count="1" type="stmt"/>
        <line num="162" count="1" type="stmt"/>
        <line num="165" count="2" type="stmt"/>
        <line num="166" count="2" type="stmt"/>
        <line num="167" count="2" type="stmt"/>
        <line num="168" count="1" type="cond" truecount="1" falsecount="1"/>
        <line num="170" count="1" type="stmt"/>
        <line num="174" count="1" type="stmt"/>
        <line num="186" count="16" type="stmt"/>
        <line num="188" count="16" type="stmt"/>
        <line num="190" count="16" type="stmt"/>
        <line num="191" count="26" type="stmt"/>
        <line num="192" count="26" type="stmt"/>
        <line num="198" count="26" type="stmt"/>
        <line num="200" count="12" type="cond" truecount="2" falsecount="1"/>
        <line num="201" count="12" type="stmt"/>
        <line num="204" count="0" type="stmt"/>
        <line num="206" count="14" type="cond" truecount="1" falsecount="1"/>
        <line num="209" count="14" type="cond" truecount="0" falsecount="1"/>
        <line num="210" count="0" type="stmt"/>
        <line num="214" count="0" type="stmt"/>
        <line num="218" count="14" type="cond" truecount="1" falsecount="0"/>
        <line num="219" count="10" type="stmt"/>
        <line num="220" count="10" type="stmt"/>
        <line num="225" count="10" type="stmt"/>
        <line num="231" count="4" type="stmt"/>
        <line num="242" count="10" type="stmt"/>
        <line num="245" count="10" type="stmt"/>
        <line num="246" count="10" type="stmt"/>
        <line num="253" count="14" type="cond" truecount="0" falsecount="1"/>
        <line num="256" count="14" type="cond" truecount="2" falsecount="1"/>
        <line num="257" count="0" type="stmt"/>
        <line num="261" count="14" type="cond" truecount="0" falsecount="1"/>
        <line num="262" count="0" type="stmt"/>
        <line num="266" count="14" type="cond" truecount="3" falsecount="0"/>
        <line num="267" count="14" type="stmt"/>
        <line num="268" count="14" type="cond" truecount="0" falsecount="1"/>
        <line num="269" count="0" type="stmt"/>
        <line num="271" count="14" type="cond" truecount="1" falsecount="2"/>
        <line num="272" count="0" type="stmt"/>
        <line num="277" count="14" type="stmt"/>
        <line num="285" count="12" type="cond" truecount="2" falsecount="1"/>
        <line num="287" count="12" type="cond" truecount="2" falsecount="0"/>
        <line num="288" count="12" type="stmt"/>
        <line num="289" count="12" type="stmt"/>
        <line num="290" count="12" type="cond" truecount="3" falsecount="0"/>
        <line num="297" count="16" type="cond" truecount="1" falsecount="0"/>
        <line num="299" count="15" type="stmt"/>
        <line num="300" count="15" type="stmt"/>
        <line num="307" count="11" type="stmt"/>
        <line num="331" count="3" type="stmt"/>
        <line num="332" count="3" type="stmt"/>
        <line num="333" count="3" type="stmt"/>
        <line num="334" count="2" type="stmt"/>
        <line num="336" count="2" type="cond" truecount="2" falsecount="0"/>
        <line num="337" count="1" type="stmt"/>
        <line num="339" count="1" type="stmt"/>
        <line num="342" count="2" type="stmt"/>
        <line num="344" count="1" type="stmt"/>
        <line num="347" count="1" type="stmt"/>
      </file>
    </package>
    <package name="utils">
      <metrics statements="3" coveredstatements="3" conditionals="2" coveredconditionals="2" methods="0" coveredmethods="0"/>
      <file name="logger.ts" path="/home/drix/.openclaw/workspace/memecoin-bot-project/src/utils/logger.ts">
        <metrics statements="3" coveredstatements="3" conditionals="2" coveredconditionals="2" methods="0" coveredmethods="0"/>
        <line num="1" count="2" type="stmt"/>
        <line num="3" count="2" type="stmt"/>
        <line num="23" count="2" type="stmt"/>
      </file>
    </package>
  </project>
</coverage>
