{"/home/drix/.openclaw/workspace/memecoin-bot-project/src/alerts/telegram-notifier.ts": {"path":"/home/drix/.openclaw/workspace/memecoin-bot-project/src/alerts/telegram-notifier.ts","statementMap":{"0":{"start":{"line":1,"column":0},"end":{"line":1,"column":48}},"1":{"start":{"line":2,"column":0},"end":{"line":2,"column":37}},"2":{"start":{"line":3,"column":0},"end":{"line":3,"column":43}},"3":{"start":{"line":52,"column":10},"end":{"line":52,"column":28}},"4":{"start":{"line":53,"column":10},"end":{"line":53,"column":33}},"5":{"start":{"line":66,"column":4},"end":{"line":66,"column":61}},"6":{"start":{"line":67,"column":4},"end":{"line":67,"column":25}},"7":{"start":{"line":103,"column":16},"end":{"line":103,"column":26}},"8":{"start":{"line":104,"column":4},"end":{"line":110,"column":5}},"9":{"start":{"line":105,"column":6},"end":{"line":108,"column":9}},"10":{"start":{"line":109,"column":6},"end":{"line":109,"column":83}},"11":{"start":{"line":112,"column":4},"end":{"line":136,"column":5}},"12":{"start":{"line":113,"column":22},"end":{"line":113,"column":45}},"13":{"start":{"line":114,"column":6},"end":{"line":117,"column":9}},"14":{"start":{"line":119,"column":21},"end":{"line":122,"column":8}},"15":{"start":{"line":124,"column":6},"end":{"line":124,"column":31}},"16":{"start":{"line":125,"column":6},"end":{"line":128,"column":9}},"17":{"start":{"line":130,"column":6},"end":{"line":130,"column":42}},"18":{"start":{"line":132,"column":6},"end":{"line":135,"column":9}},"19":{"start":{"line":162,"column":70},"end":{"line":162,"column":75}},"20":{"start":{"line":163,"column":20},"end":{"line":163,"column":63}},"21":{"start":{"line":164,"column":20},"end":{"line":164,"column":69}},"22":{"start":{"line":165,"column":25},"end":{"line":165,"column":72}},"23":{"start":{"line":167,"column":23},"end":{"line":167,"column":91}},"24":{"start":{"line":169,"column":18},"end":{"line":169,"column":44}},"25":{"start":{"line":170,"column":4},"end":{"line":170,"column":50}},"26":{"start":{"line":171,"column":4},"end":{"line":171,"column":52}},"27":{"start":{"line":172,"column":4},"end":{"line":172,"column":46}},"28":{"start":{"line":174,"column":4},"end":{"line":174,"column":66}},"29":{"start":{"line":175,"column":4},"end":{"line":175,"column":63}},"30":{"start":{"line":177,"column":4},"end":{"line":183,"column":5}},"31":{"start":{"line":178,"column":6},"end":{"line":178,"column":36}},"32":{"start":{"line":179,"column":6},"end":{"line":181,"column":7}},"33":{"start":{"line":180,"column":8},"end":{"line":180,"column":58}},"34":{"start":{"line":182,"column":6},"end":{"line":182,"column":22}},"35":{"start":{"line":185,"column":4},"end":{"line":191,"column":5}},"36":{"start":{"line":186,"column":6},"end":{"line":186,"column":33}},"37":{"start":{"line":187,"column":6},"end":{"line":189,"column":7}},"38":{"start":{"line":188,"column":8},"end":{"line":188,"column":54}},"39":{"start":{"line":190,"column":6},"end":{"line":190,"column":22}},"40":{"start":{"line":193,"column":4},"end":{"line":193,"column":42}},"41":{"start":{"line":194,"column":4},"end":{"line":194,"column":66}},"42":{"start":{"line":195,"column":4},"end":{"line":195,"column":67}},"43":{"start":{"line":196,"column":4},"end":{"line":196,"column":71}},"44":{"start":{"line":197,"column":4},"end":{"line":197,"column":63}},"45":{"start":{"line":199,"column":4},"end":{"line":199,"column":78}},"46":{"start":{"line":201,"column":4},"end":{"line":201,"column":19}},"47":{"start":{"line":219,"column":20},"end":{"line":219,"column":42}},"48":{"start":{"line":220,"column":18},"end":{"line":220,"column":42}},"49":{"start":{"line":221,"column":17},"end":{"line":221,"column":39}},"50":{"start":{"line":223,"column":4},"end":{"line":223,"column":38}},"51":{"start":{"line":223,"column":19},"end":{"line":223,"column":37}},"52":{"start":{"line":224,"column":4},"end":{"line":224,"column":40}},"53":{"start":{"line":224,"column":20},"end":{"line":224,"column":39}},"54":{"start":{"line":225,"column":4},"end":{"line":225,"column":44}},"55":{"start":{"line":225,"column":22},"end":{"line":225,"column":43}},"56":{"start":{"line":226,"column":4},"end":{"line":226,"column":17}},"57":{"start":{"line":244,"column":4},"end":{"line":244,"column":58}},"58":{"start":{"line":267,"column":4},"end":{"line":274,"column":5}},"59":{"start":{"line":268,"column":6},"end":{"line":268,"column":50}},"60":{"start":{"line":269,"column":17},"end":{"line":269,"column":39}},"61":{"start":{"line":270,"column":6},"end":{"line":270,"column":74}},"62":{"start":{"line":271,"column":6},"end":{"line":271,"column":18}},"63":{"start":{"line":273,"column":6},"end":{"line":273,"column":81}},"64":{"start":{"line":49,"column":0},"end":{"line":49,"column":13}}},"fnMap":{"0":{"name":"(anonymous_1)","decl":{"start":{"line":65,"column":2},"end":{"line":65,"column":14}},"loc":{"start":{"line":65,"column":46},"end":{"line":68,"column":3}}},"1":{"name":"(anonymous_2)","decl":{"start":{"line":101,"column":2},"end":{"line":101,"column":7}},"loc":{"start":{"line":101,"column":37},"end":{"line":137,"column":3}}},"2":{"name":"(anonymous_3)","decl":{"start":{"line":161,"column":10},"end":{"line":161,"column":21}},"loc":{"start":{"line":161,"column":41},"end":{"line":202,"column":3}}},"3":{"name":"(anonymous_4)","decl":{"start":{"line":218,"column":10},"end":{"line":218,"column":23}},"loc":{"start":{"line":218,"column":34},"end":{"line":227,"column":3}}},"4":{"name":"(anonymous_5)","decl":{"start":{"line":243,"column":10},"end":{"line":243,"column":24}},"loc":{"start":{"line":243,"column":37},"end":{"line":245,"column":3}}},"5":{"name":"(anonymous_6)","decl":{"start":{"line":266,"column":2},"end":{"line":266,"column":7}},"loc":{"start":{"line":266,"column":22},"end":{"line":275,"column":3}}}},"branchMap":{"0":{"loc":{"start":{"line":104,"column":4},"end":{"line":110,"column":5}},"type":"if","locations":[{"start":{"line":104,"column":4},"end":{"line":110,"column":5}}]},"1":{"loc":{"start":{"line":167,"column":23},"end":{"line":167,"column":91}},"type":"cond-expr","locations":[{"start":{"line":167,"column":48},"end":{"line":167,"column":52}},{"start":{"line":167,"column":55},"end":{"line":167,"column":91}}]},"2":{"loc":{"start":{"line":167,"column":55},"end":{"line":167,"column":91}},"type":"cond-expr","locations":[{"start":{"line":167,"column":80},"end":{"line":167,"column":84}},{"start":{"line":167,"column":87},"end":{"line":167,"column":91}}]},"3":{"loc":{"start":{"line":177,"column":4},"end":{"line":183,"column":5}},"type":"if","locations":[{"start":{"line":177,"column":4},"end":{"line":183,"column":5}}]},"4":{"loc":{"start":{"line":185,"column":4},"end":{"line":191,"column":5}},"type":"if","locations":[{"start":{"line":185,"column":4},"end":{"line":191,"column":5}}]},"5":{"loc":{"start":{"line":223,"column":4},"end":{"line":223,"column":38}},"type":"if","locations":[{"start":{"line":223,"column":4},"end":{"line":223,"column":38}}]},"6":{"loc":{"start":{"line":224,"column":4},"end":{"line":224,"column":40}},"type":"if","locations":[{"start":{"line":224,"column":4},"end":{"line":224,"column":40}}]},"7":{"loc":{"start":{"line":225,"column":4},"end":{"line":225,"column":44}},"type":"if","locations":[{"start":{"line":225,"column":4},"end":{"line":225,"column":44}}]}},"s":{"0":1,"1":1,"2":1,"3":10,"4":10,"5":10,"6":10,"7":0,"8":0,"9":0,"10":0,"11":0,"12":0,"13":0,"14":0,"15":0,"16":0,"17":0,"18":0,"19":0,"20":0,"21":0,"22":0,"23":0,"24":0,"25":0,"26":0,"27":0,"28":0,"29":0,"30":0,"31":0,"32":0,"33":0,"34":0,"35":0,"36":0,"37":0,"38":0,"39":0,"40":0,"41":0,"42":0,"43":0,"44":0,"45":0,"46":0,"47":0,"48":0,"49":0,"50":0,"51":0,"52":0,"53":0,"54":0,"55":0,"56":0,"57":0,"58":0,"59":0,"60":0,"61":0,"62":0,"63":0,"64":1},"f":{"0":10,"1":0,"2":0,"3":0,"4":0,"5":0},"b":{"0":[0],"1":[0,0],"2":[0,0],"3":[0],"4":[0],"5":[0],"6":[0],"7":[0]}}
,"/home/drix/.openclaw/workspace/memecoin-bot-project/src/analyzers/index.ts": {"path":"/home/drix/.openclaw/workspace/memecoin-bot-project/src/analyzers/index.ts","statementMap":{"0":{"start":{"line":1,"column":0},"end":{"line":1,"column":37}},"1":{"start":{"line":78,"column":4},"end":{"line":81,"column":7}},"2":{"start":{"line":83,"column":23},"end":{"line":83,"column":58}},"3":{"start":{"line":84,"column":4},"end":{"line":91,"column":5}},"4":{"start":{"line":85,"column":6},"end":{"line":90,"column":8}},"5":{"start":{"line":93,"column":26},"end":{"line":93,"column":78}},"6":{"start":{"line":93,"column":56},"end":{"line":93,"column":74}},"7":{"start":{"line":94,"column":25},"end":{"line":94,"column":55}},"8":{"start":{"line":96,"column":16},"end":{"line":96,"column":19}},"9":{"start":{"line":97,"column":32},"end":{"line":97,"column":34}},"10":{"start":{"line":100,"column":4},"end":{"line":108,"column":5}},"11":{"start":{"line":101,"column":6},"end":{"line":101,"column":18}},"12":{"start":{"line":102,"column":6},"end":{"line":102,"column":60}},"13":{"start":{"line":103,"column":11},"end":{"line":108,"column":5}},"14":{"start":{"line":104,"column":6},"end":{"line":104,"column":18}},"15":{"start":{"line":105,"column":6},"end":{"line":105,"column":66}},"16":{"start":{"line":106,"column":11},"end":{"line":108,"column":5}},"17":{"start":{"line":107,"column":6},"end":{"line":107,"column":18}},"18":{"start":{"line":111,"column":4},"end":{"line":117,"column":5}},"19":{"start":{"line":112,"column":6},"end":{"line":112,"column":18}},"20":{"start":{"line":113,"column":6},"end":{"line":113,"column":75}},"21":{"start":{"line":114,"column":11},"end":{"line":117,"column":5}},"22":{"start":{"line":115,"column":6},"end":{"line":115,"column":18}},"23":{"start":{"line":116,"column":6},"end":{"line":116,"column":73}},"24":{"start":{"line":119,"column":4},"end":{"line":124,"column":6}},"25":{"start":{"line":48,"column":0},"end":{"line":48,"column":13}},"26":{"start":{"line":203,"column":4},"end":{"line":203,"column":66}},"27":{"start":{"line":206,"column":16},"end":{"line":206,"column":26}},"28":{"start":{"line":207,"column":24},"end":{"line":207,"column":40}},"29":{"start":{"line":208,"column":26},"end":{"line":208,"column":61}},"30":{"start":{"line":210,"column":16},"end":{"line":210,"column":18}},"31":{"start":{"line":211,"column":32},"end":{"line":211,"column":34}},"32":{"start":{"line":212,"column":32},"end":{"line":212,"column":34}},"33":{"start":{"line":215,"column":4},"end":{"line":224,"column":5}},"34":{"start":{"line":216,"column":6},"end":{"line":216,"column":18}},"35":{"start":{"line":217,"column":6},"end":{"line":217,"column":79}},"36":{"start":{"line":218,"column":11},"end":{"line":224,"column":5}},"37":{"start":{"line":219,"column":6},"end":{"line":219,"column":18}},"38":{"start":{"line":220,"column":6},"end":{"line":220,"column":78}},"39":{"start":{"line":221,"column":11},"end":{"line":224,"column":5}},"40":{"start":{"line":222,"column":6},"end":{"line":222,"column":18}},"41":{"start":{"line":223,"column":6},"end":{"line":223,"column":81}},"42":{"start":{"line":226,"column":4},"end":{"line":233,"column":6}},"43":{"start":{"line":176,"column":0},"end":{"line":176,"column":13}},"44":{"start":{"line":309,"column":4},"end":{"line":313,"column":7}},"45":{"start":{"line":315,"column":16},"end":{"line":315,"column":18}},"46":{"start":{"line":316,"column":32},"end":{"line":316,"column":34}},"47":{"start":{"line":317,"column":32},"end":{"line":317,"column":34}},"48":{"start":{"line":320,"column":4},"end":{"line":326,"column":5}},"49":{"start":{"line":321,"column":6},"end":{"line":321,"column":18}},"50":{"start":{"line":322,"column":6},"end":{"line":322,"column":72}},"51":{"start":{"line":324,"column":6},"end":{"line":324,"column":44}},"52":{"start":{"line":325,"column":6},"end":{"line":325,"column":18}},"53":{"start":{"line":329,"column":4},"end":{"line":338,"column":5}},"54":{"start":{"line":330,"column":6},"end":{"line":330,"column":18}},"55":{"start":{"line":331,"column":6},"end":{"line":331,"column":49}},"56":{"start":{"line":332,"column":11},"end":{"line":338,"column":5}},"57":{"start":{"line":333,"column":6},"end":{"line":333,"column":18}},"58":{"start":{"line":334,"column":6},"end":{"line":334,"column":70}},"59":{"start":{"line":335,"column":11},"end":{"line":338,"column":5}},"60":{"start":{"line":336,"column":6},"end":{"line":336,"column":18}},"61":{"start":{"line":337,"column":6},"end":{"line":337,"column":78}},"62":{"start":{"line":340,"column":4},"end":{"line":346,"column":6}},"63":{"start":{"line":280,"column":0},"end":{"line":280,"column":13}}},"fnMap":{"0":{"name":"(anonymous_1)","decl":{"start":{"line":77,"column":2},"end":{"line":77,"column":16}},"loc":{"start":{"line":77,"column":46},"end":{"line":125,"column":3}}},"1":{"name":"(anonymous_2)","decl":{"start":{"line":93,"column":44},"end":{"line":93,"column":45}},"loc":{"start":{"line":93,"column":56},"end":{"line":93,"column":74}}},"2":{"name":"(anonymous_3)","decl":{"start":{"line":202,"column":2},"end":{"line":202,"column":7}},"loc":{"start":{"line":202,"column":65},"end":{"line":234,"column":3}}},"3":{"name":"(anonymous_4)","decl":{"start":{"line":304,"column":2},"end":{"line":304,"column":18}},"loc":{"start":{"line":307,"column":21},"end":{"line":347,"column":3}}}},"branchMap":{"0":{"loc":{"start":{"line":84,"column":4},"end":{"line":91,"column":5}},"type":"if","locations":[{"start":{"line":84,"column":4},"end":{"line":91,"column":5}}]},"1":{"loc":{"start":{"line":94,"column":25},"end":{"line":94,"column":55}},"type":"binary-expr","locations":[{"start":{"line":94,"column":25},"end":{"line":94,"column":50}},{"start":{"line":94,"column":54},"end":{"line":94,"column":55}}]},"2":{"loc":{"start":{"line":100,"column":4},"end":{"line":108,"column":5}},"type":"if","locations":[{"start":{"line":100,"column":4},"end":{"line":108,"column":5}},{"start":{"line":103,"column":11},"end":{"line":108,"column":5}}]},"3":{"loc":{"start":{"line":103,"column":11},"end":{"line":108,"column":5}},"type":"if","locations":[{"start":{"line":103,"column":11},"end":{"line":108,"column":5}},{"start":{"line":106,"column":11},"end":{"line":108,"column":5}}]},"4":{"loc":{"start":{"line":106,"column":11},"end":{"line":108,"column":5}},"type":"if","locations":[{"start":{"line":106,"column":11},"end":{"line":108,"column":5}}]},"5":{"loc":{"start":{"line":111,"column":4},"end":{"line":117,"column":5}},"type":"if","locations":[{"start":{"line":111,"column":4},"end":{"line":117,"column":5}},{"start":{"line":114,"column":11},"end":{"line":117,"column":5}}]},"6":{"loc":{"start":{"line":114,"column":11},"end":{"line":117,"column":5}},"type":"if","locations":[{"start":{"line":114,"column":11},"end":{"line":117,"column":5}}]},"7":{"loc":{"start":{"line":215,"column":4},"end":{"line":224,"column":5}},"type":"if","locations":[{"start":{"line":215,"column":4},"end":{"line":224,"column":5}},{"start":{"line":218,"column":11},"end":{"line":224,"column":5}}]},"8":{"loc":{"start":{"line":218,"column":11},"end":{"line":224,"column":5}},"type":"if","locations":[{"start":{"line":218,"column":11},"end":{"line":224,"column":5}},{"start":{"line":221,"column":11},"end":{"line":224,"column":5}}]},"9":{"loc":{"start":{"line":221,"column":11},"end":{"line":224,"column":5}},"type":"if","locations":[{"start":{"line":221,"column":11},"end":{"line":224,"column":5}}]},"10":{"loc":{"start":{"line":320,"column":4},"end":{"line":326,"column":5}},"type":"if","locations":[{"start":{"line":320,"column":4},"end":{"line":326,"column":5}},{"start":{"line":323,"column":11},"end":{"line":326,"column":5}}]},"11":{"loc":{"start":{"line":329,"column":4},"end":{"line":338,"column":5}},"type":"if","locations":[{"start":{"line":329,"column":4},"end":{"line":338,"column":5}},{"start":{"line":332,"column":11},"end":{"line":338,"column":5}}]},"12":{"loc":{"start":{"line":332,"column":11},"end":{"line":338,"column":5}},"type":"if","locations":[{"start":{"line":332,"column":11},"end":{"line":338,"column":5}},{"start":{"line":335,"column":11},"end":{"line":338,"column":5}}]},"13":{"loc":{"start":{"line":335,"column":11},"end":{"line":338,"column":5}},"type":"if","locations":[{"start":{"line":335,"column":11},"end":{"line":338,"column":5}}]},"14":{"loc":{"start":{"line":343,"column":23},"end":{"line":343,"column":43}},"type":"binary-expr","locations":[{"start":{"line":343,"column":23},"end":{"line":343,"column":38}},{"start":{"line":343,"column":42},"end":{"line":343,"column":43}}]}},"s":{"0":4,"1":10,"2":10,"3":10,"4":3,"5":7,"6":50,"7":7,"8":7,"9":7,"10":7,"11":4,"12":4,"13":3,"14":0,"15":0,"16":3,"17":1,"18":7,"19":3,"20":3,"21":4,"22":1,"23":1,"24":7,"25":4,"26":7,"27":7,"28":7,"29":7,"30":7,"31":7,"32":7,"33":7,"34":4,"35":4,"36":3,"37":0,"38":0,"39":3,"40":3,"41":3,"42":7,"43":4,"44":8,"45":8,"46":8,"47":8,"48":8,"49":2,"50":2,"51":6,"52":6,"53":8,"54":2,"55":2,"56":6,"57":2,"58":2,"59":4,"60":1,"61":1,"62":8,"63":4},"f":{"0":10,"1":50,"2":7,"3":8},"b":{"0":[3],"1":[7,1],"2":[4,3],"3":[0,3],"4":[1],"5":[3,4],"6":[1],"7":[4,3],"8":[0,3],"9":[3],"10":[2,6],"11":[2,6],"12":[2,4],"13":[1],"14":[8,2]}}
,"/home/drix/.openclaw/workspace/memecoin-bot-project/src/analyzers/pump-pattern.ts": {"path":"/home/drix/.openclaw/workspace/memecoin-bot-project/src/analyzers/pump-pattern.ts","statementMap":{"0":{"start":{"line":1,"column":0},"end":{"line":1,"column":37}},"1":{"start":{"line":2,"column":0},"end":{"line":2,"column":43}},"2":{"start":{"line":49,"column":4},"end":{"line":52,"column":5}},"3":{"start":{"line":50,"column":6},"end":{"line":50,"column":76}},"4":{"start":{"line":51,"column":6},"end":{"line":51,"column":70}},"5":{"start":{"line":54,"column":4},"end":{"line":56,"column":5}},"6":{"start":{"line":55,"column":6},"end":{"line":55,"column":66}},"7":{"start":{"line":59,"column":26},"end":{"line":59,"column":85}},"8":{"start":{"line":59,"column":59},"end":{"line":59,"column":84}},"9":{"start":{"line":61,"column":4},"end":{"line":129,"column":5}},"10":{"start":{"line":63,"column":27},"end":{"line":63,"column":72}},"11":{"start":{"line":64,"column":30},"end":{"line":64,"column":56}},"12":{"start":{"line":67,"column":22},"end":{"line":67,"column":54}},"13":{"start":{"line":67,"column":45},"end":{"line":67,"column":53}},"14":{"start":{"line":68,"column":24},"end":{"line":68,"column":75}},"15":{"start":{"line":68,"column":49},"end":{"line":68,"column":54}},"16":{"start":{"line":69,"column":24},"end":{"line":69,"column":44}},"17":{"start":{"line":70,"column":31},"end":{"line":70,"column":82}},"18":{"start":{"line":73,"column":26},"end":{"line":73,"column":64}},"19":{"start":{"line":76,"column":28},"end":{"line":76,"column":70}},"20":{"start":{"line":79,"column":25},"end":{"line":79,"column":64}},"21":{"start":{"line":82,"column":31},"end":{"line":82,"column":83}},"22":{"start":{"line":85,"column":39},"end":{"line":92,"column":null}},"23":{"start":{"line":96,"column":20},"end":{"line":102,"column":null}},"24":{"start":{"line":105,"column":6},"end":{"line":111,"column":9}},"25":{"start":{"line":113,"column":6},"end":{"line":123,"column":8}},"26":{"start":{"line":125,"column":6},"end":{"line":128,"column":9}},"27":{"start":{"line":139,"column":4},"end":{"line":141,"column":5}},"28":{"start":{"line":140,"column":6},"end":{"line":140,"column":22}},"29":{"start":{"line":144,"column":21},"end":{"line":144,"column":57}},"30":{"start":{"line":145,"column":22},"end":{"line":145,"column":54}},"31":{"start":{"line":146,"column":23},"end":{"line":146,"column":52}},"32":{"start":{"line":148,"column":25},"end":{"line":148,"column":91}},"33":{"start":{"line":148,"column":54},"end":{"line":148,"column":68}},"34":{"start":{"line":149,"column":26},"end":{"line":149,"column":94}},"35":{"start":{"line":149,"column":56},"end":{"line":149,"column":70}},"36":{"start":{"line":151,"column":25},"end":{"line":151,"column":77}},"37":{"start":{"line":153,"column":4},"end":{"line":157,"column":5}},"38":{"start":{"line":154,"column":6},"end":{"line":154,"column":26}},"39":{"start":{"line":155,"column":11},"end":{"line":157,"column":5}},"40":{"start":{"line":156,"column":6},"end":{"line":156,"column":26}},"41":{"start":{"line":159,"column":4},"end":{"line":159,"column":20}},"42":{"start":{"line":170,"column":4},"end":{"line":172,"column":5}},"43":{"start":{"line":171,"column":6},"end":{"line":171,"column":15}},"44":{"start":{"line":174,"column":24},"end":{"line":174,"column":46}},"45":{"start":{"line":175,"column":25},"end":{"line":175,"column":70}},"46":{"start":{"line":177,"column":4},"end":{"line":177,"column":61}},"47":{"start":{"line":187,"column":4},"end":{"line":189,"column":5}},"48":{"start":{"line":188,"column":6},"end":{"line":188,"column":15}},"49":{"start":{"line":192,"column":30},"end":{"line":192,"column":32}},"50":{"start":{"line":193,"column":4},"end":{"line":201,"column":5}},"51":{"start":{"line":193,"column":17},"end":{"line":193,"column":18}},"52":{"start":{"line":194,"column":24},"end":{"line":194,"column":50}},"53":{"start":{"line":195,"column":27},"end":{"line":195,"column":49}},"54":{"start":{"line":197,"column":6},"end":{"line":200,"column":7}},"55":{"start":{"line":198,"column":26},"end":{"line":198,"column":60}},"56":{"start":{"line":199,"column":8},"end":{"line":199,"column":32}},"57":{"start":{"line":203,"column":4},"end":{"line":205,"column":5}},"58":{"start":{"line":204,"column":6},"end":{"line":204,"column":15}},"59":{"start":{"line":208,"column":23},"end":{"line":208,"column":74}},"60":{"start":{"line":208,"column":48},"end":{"line":208,"column":53}},"61":{"start":{"line":211,"column":21},"end":{"line":211,"column":102}},"62":{"start":{"line":211,"column":48},"end":{"line":211,"column":81}},"63":{"start":{"line":214,"column":4},"end":{"line":214,"column":31}},"64":{"start":{"line":230,"column":4},"end":{"line":232,"column":5}},"65":{"start":{"line":231,"column":6},"end":{"line":231,"column":19}},"66":{"start":{"line":235,"column":20},"end":{"line":235,"column":31}},"67":{"start":{"line":236,"column":20},"end":{"line":236,"column":21}},"68":{"start":{"line":238,"column":4},"end":{"line":243,"column":5}},"69":{"start":{"line":238,"column":17},"end":{"line":238,"column":18}},"70":{"start":{"line":239,"column":6},"end":{"line":242,"column":7}},"71":{"start":{"line":240,"column":8},"end":{"line":240,"column":43}},"72":{"start":{"line":241,"column":8},"end":{"line":241,"column":22}},"73":{"start":{"line":246,"column":30},"end":{"line":246,"column":81}},"74":{"start":{"line":249,"column":31},"end":{"line":249,"column":36}},"75":{"start":{"line":250,"column":4},"end":{"line":254,"column":5}},"76":{"start":{"line":251,"column":29},"end":{"line":251,"column":74}},"77":{"start":{"line":252,"column":27},"end":{"line":252,"column":67}},"78":{"start":{"line":253,"column":6},"end":{"line":253,"column":48}},"79":{"start":{"line":257,"column":25},"end":{"line":257,"column":56}},"80":{"start":{"line":258,"column":22},"end":{"line":258,"column":96}},"81":{"start":{"line":258,"column":55},"end":{"line":258,"column":69}},"82":{"start":{"line":259,"column":30},"end":{"line":259,"column":58}},"83":{"start":{"line":262,"column":4},"end":{"line":262,"column":74}},"84":{"start":{"line":286,"column":32},"end":{"line":286,"column":34}},"85":{"start":{"line":287,"column":32},"end":{"line":287,"column":34}},"86":{"start":{"line":290,"column":4},"end":{"line":296,"column":5}},"87":{"start":{"line":291,"column":6},"end":{"line":291,"column":92}},"88":{"start":{"line":292,"column":11},"end":{"line":296,"column":5}},"89":{"start":{"line":293,"column":6},"end":{"line":293,"column":90}},"90":{"start":{"line":294,"column":11},"end":{"line":296,"column":5}},"91":{"start":{"line":295,"column":6},"end":{"line":295,"column":90}},"92":{"start":{"line":299,"column":4},"end":{"line":305,"column":5}},"93":{"start":{"line":300,"column":6},"end":{"line":300,"column":78}},"94":{"start":{"line":301,"column":11},"end":{"line":305,"column":5}},"95":{"start":{"line":302,"column":6},"end":{"line":302,"column":75}},"96":{"start":{"line":303,"column":11},"end":{"line":305,"column":5}},"97":{"start":{"line":304,"column":6},"end":{"line":304,"column":46}},"98":{"start":{"line":308,"column":4},"end":{"line":312,"column":5}},"99":{"start":{"line":309,"column":6},"end":{"line":309,"column":86}},"100":{"start":{"line":310,"column":11},"end":{"line":312,"column":5}},"101":{"start":{"line":311,"column":6},"end":{"line":311,"column":79}},"102":{"start":{"line":315,"column":4},"end":{"line":319,"column":5}},"103":{"start":{"line":316,"column":6},"end":{"line":316,"column":69}},"104":{"start":{"line":317,"column":11},"end":{"line":319,"column":5}},"105":{"start":{"line":318,"column":6},"end":{"line":318,"column":47}},"106":{"start":{"line":322,"column":4},"end":{"line":326,"column":5}},"107":{"start":{"line":323,"column":6},"end":{"line":323,"column":47}},"108":{"start":{"line":324,"column":11},"end":{"line":326,"column":5}},"109":{"start":{"line":325,"column":6},"end":{"line":325,"column":72}},"110":{"start":{"line":329,"column":4},"end":{"line":331,"column":5}},"111":{"start":{"line":330,"column":6},"end":{"line":330,"column":55}},"112":{"start":{"line":334,"column":21},"end":{"line":334,"column":65}},"113":{"start":{"line":334,"column":56},"end":{"line":334,"column":63}},"114":{"start":{"line":335,"column":25},"end":{"line":335,"column":70}},"115":{"start":{"line":336,"column":31},"end":{"line":336,"column":75}},"116":{"start":{"line":338,"column":4},"end":{"line":344,"column":5}},"117":{"start":{"line":339,"column":6},"end":{"line":339,"column":85}},"118":{"start":{"line":340,"column":11},"end":{"line":344,"column":5}},"119":{"start":{"line":341,"column":6},"end":{"line":341,"column":86}},"120":{"start":{"line":342,"column":11},"end":{"line":344,"column":5}},"121":{"start":{"line":343,"column":6},"end":{"line":343,"column":59}},"122":{"start":{"line":346,"column":4},"end":{"line":346,"column":36}},"123":{"start":{"line":375,"column":16},"end":{"line":375,"column":18}},"124":{"start":{"line":378,"column":4},"end":{"line":384,"column":5}},"125":{"start":{"line":379,"column":6},"end":{"line":379,"column":18}},"126":{"start":{"line":380,"column":11},"end":{"line":384,"column":5}},"127":{"start":{"line":381,"column":6},"end":{"line":381,"column":18}},"128":{"start":{"line":382,"column":11},"end":{"line":384,"column":5}},"129":{"start":{"line":383,"column":6},"end":{"line":383,"column":17}},"130":{"start":{"line":387,"column":4},"end":{"line":395,"column":5}},"131":{"start":{"line":388,"column":6},"end":{"line":388,"column":18}},"132":{"start":{"line":389,"column":11},"end":{"line":395,"column":5}},"133":{"start":{"line":390,"column":6},"end":{"line":390,"column":18}},"134":{"start":{"line":391,"column":11},"end":{"line":395,"column":5}},"135":{"start":{"line":392,"column":6},"end":{"line":392,"column":17}},"136":{"start":{"line":393,"column":11},"end":{"line":395,"column":5}},"137":{"start":{"line":394,"column":6},"end":{"line":394,"column":18}},"138":{"start":{"line":398,"column":4},"end":{"line":404,"column":5}},"139":{"start":{"line":399,"column":6},"end":{"line":399,"column":18}},"140":{"start":{"line":400,"column":11},"end":{"line":404,"column":5}},"141":{"start":{"line":401,"column":6},"end":{"line":401,"column":18}},"142":{"start":{"line":402,"column":11},"end":{"line":404,"column":5}},"143":{"start":{"line":403,"column":6},"end":{"line":403,"column":18}},"144":{"start":{"line":407,"column":4},"end":{"line":413,"column":5}},"145":{"start":{"line":408,"column":6},"end":{"line":408,"column":18}},"146":{"start":{"line":409,"column":11},"end":{"line":413,"column":5}},"147":{"start":{"line":410,"column":6},"end":{"line":410,"column":18}},"148":{"start":{"line":411,"column":11},"end":{"line":413,"column":5}},"149":{"start":{"line":412,"column":6},"end":{"line":412,"column":17}},"150":{"start":{"line":416,"column":4},"end":{"line":420,"column":5}},"151":{"start":{"line":417,"column":6},"end":{"line":417,"column":18}},"152":{"start":{"line":418,"column":11},"end":{"line":420,"column":5}},"153":{"start":{"line":419,"column":6},"end":{"line":419,"column":18}},"154":{"start":{"line":423,"column":4},"end":{"line":425,"column":5}},"155":{"start":{"line":424,"column":6},"end":{"line":424,"column":18}},"156":{"start":{"line":427,"column":4},"end":{"line":427,"column":45}},"157":{"start":{"line":437,"column":4},"end":{"line":447,"column":6}},"158":{"start":{"line":38,"column":0},"end":{"line":38,"column":13}},"159":{"start":{"line":451,"column":0},"end":{"line":451,"column":35}}},"fnMap":{"0":{"name":"(anonymous_1)","decl":{"start":{"line":47,"column":2},"end":{"line":47,"column":20}},"loc":{"start":{"line":47,"column":72},"end":{"line":130,"column":3}}},"1":{"name":"(anonymous_2)","decl":{"start":{"line":59,"column":49},"end":{"line":59,"column":50}},"loc":{"start":{"line":59,"column":59},"end":{"line":59,"column":84}}},"2":{"name":"(anonymous_3)","decl":{"start":{"line":67,"column":40},"end":{"line":67,"column":41}},"loc":{"start":{"line":67,"column":45},"end":{"line":67,"column":53}}},"3":{"name":"(anonymous_4)","decl":{"start":{"line":68,"column":39},"end":{"line":68,"column":40}},"loc":{"start":{"line":68,"column":49},"end":{"line":68,"column":54}}},"4":{"name":"(anonymous_5)","decl":{"start":{"line":138,"column":10},"end":{"line":138,"column":28}},"loc":{"start":{"line":138,"column":60},"end":{"line":160,"column":3}}},"5":{"name":"(anonymous_6)","decl":{"start":{"line":148,"column":42},"end":{"line":148,"column":43}},"loc":{"start":{"line":148,"column":54},"end":{"line":148,"column":68}}},"6":{"name":"(anonymous_7)","decl":{"start":{"line":149,"column":44},"end":{"line":149,"column":45}},"loc":{"start":{"line":149,"column":56},"end":{"line":149,"column":70}}},"7":{"name":"(anonymous_8)","decl":{"start":{"line":169,"column":10},"end":{"line":169,"column":32}},"loc":{"start":{"line":169,"column":64},"end":{"line":178,"column":3}}},"8":{"name":"(anonymous_9)","decl":{"start":{"line":186,"column":10},"end":{"line":186,"column":29}},"loc":{"start":{"line":186,"column":61},"end":{"line":215,"column":3}}},"9":{"name":"(anonymous_10)","decl":{"start":{"line":208,"column":38},"end":{"line":208,"column":39}},"loc":{"start":{"line":208,"column":48},"end":{"line":208,"column":53}}},"10":{"name":"(anonymous_11)","decl":{"start":{"line":211,"column":36},"end":{"line":211,"column":37}},"loc":{"start":{"line":211,"column":48},"end":{"line":211,"column":81}}},"11":{"name":"(anonymous_12)","decl":{"start":{"line":229,"column":10},"end":{"line":229,"column":29}},"loc":{"start":{"line":229,"column":82},"end":{"line":263,"column":3}}},"12":{"name":"(anonymous_13)","decl":{"start":{"line":258,"column":43},"end":{"line":258,"column":44}},"loc":{"start":{"line":258,"column":55},"end":{"line":258,"column":69}}},"13":{"name":"(anonymous_14)","decl":{"start":{"line":277,"column":10},"end":{"line":277,"column":23}},"loc":{"start":{"line":284,"column":35},"end":{"line":347,"column":3}}},"14":{"name":"(anonymous_15)","decl":{"start":{"line":334,"column":51},"end":{"line":334,"column":52}},"loc":{"start":{"line":334,"column":56},"end":{"line":334,"column":63}}},"15":{"name":"(anonymous_16)","decl":{"start":{"line":367,"column":10},"end":{"line":367,"column":24}},"loc":{"start":{"line":373,"column":29},"end":{"line":428,"column":3}}},"16":{"name":"(anonymous_17)","decl":{"start":{"line":436,"column":10},"end":{"line":436,"column":31}},"loc":{"start":{"line":436,"column":46},"end":{"line":448,"column":3}}}},"branchMap":{"0":{"loc":{"start":{"line":49,"column":4},"end":{"line":52,"column":5}},"type":"if","locations":[{"start":{"line":49,"column":4},"end":{"line":52,"column":5}}]},"1":{"loc":{"start":{"line":49,"column":8},"end":{"line":49,"column":65}},"type":"binary-expr","locations":[{"start":{"line":49,"column":8},"end":{"line":49,"column":36}},{"start":{"line":49,"column":40},"end":{"line":49,"column":65}}]},"2":{"loc":{"start":{"line":54,"column":4},"end":{"line":56,"column":5}},"type":"if","locations":[{"start":{"line":54,"column":4},"end":{"line":56,"column":5}}]},"3":{"loc":{"start":{"line":70,"column":31},"end":{"line":70,"column":82}},"type":"cond-expr","locations":[{"start":{"line":70,"column":50},"end":{"line":70,"column":78}},{"start":{"line":70,"column":81},"end":{"line":70,"column":82}}]},"4":{"loc":{"start":{"line":70,"column":63},"end":{"line":70,"column":77}},"type":"binary-expr","locations":[{"start":{"line":70,"column":63},"end":{"line":70,"column":72}},{"start":{"line":70,"column":76},"end":{"line":70,"column":77}}]},"5":{"loc":{"start":{"line":139,"column":4},"end":{"line":141,"column":5}},"type":"if","locations":[{"start":{"line":139,"column":4},"end":{"line":141,"column":5}}]},"6":{"loc":{"start":{"line":151,"column":59},"end":{"line":151,"column":76}},"type":"binary-expr","locations":[{"start":{"line":151,"column":59},"end":{"line":151,"column":71}},{"start":{"line":151,"column":75},"end":{"line":151,"column":76}}]},"7":{"loc":{"start":{"line":153,"column":4},"end":{"line":157,"column":5}},"type":"if","locations":[{"start":{"line":153,"column":4},"end":{"line":157,"column":5}},{"start":{"line":155,"column":11},"end":{"line":157,"column":5}}]},"8":{"loc":{"start":{"line":155,"column":11},"end":{"line":157,"column":5}},"type":"if","locations":[{"start":{"line":155,"column":11},"end":{"line":157,"column":5}}]},"9":{"loc":{"start":{"line":170,"column":4},"end":{"line":172,"column":5}},"type":"if","locations":[{"start":{"line":170,"column":4},"end":{"line":172,"column":5}}]},"10":{"loc":{"start":{"line":177,"column":43},"end":{"line":177,"column":59}},"type":"binary-expr","locations":[{"start":{"line":177,"column":43},"end":{"line":177,"column":54}},{"start":{"line":177,"column":58},"end":{"line":177,"column":59}}]},"11":{"loc":{"start":{"line":187,"column":4},"end":{"line":189,"column":5}},"type":"if","locations":[{"start":{"line":187,"column":4},"end":{"line":189,"column":5}}]},"12":{"loc":{"start":{"line":197,"column":6},"end":{"line":200,"column":7}},"type":"if","locations":[{"start":{"line":197,"column":6},"end":{"line":200,"column":7}}]},"13":{"loc":{"start":{"line":203,"column":4},"end":{"line":205,"column":5}},"type":"if","locations":[{"start":{"line":203,"column":4},"end":{"line":205,"column":5}}]},"14":{"loc":{"start":{"line":230,"column":4},"end":{"line":232,"column":5}},"type":"if","locations":[{"start":{"line":230,"column":4},"end":{"line":232,"column":5}}]},"15":{"loc":{"start":{"line":239,"column":6},"end":{"line":242,"column":7}},"type":"if","locations":[{"start":{"line":239,"column":6},"end":{"line":242,"column":7}}]},"16":{"loc":{"start":{"line":250,"column":4},"end":{"line":254,"column":5}},"type":"if","locations":[{"start":{"line":250,"column":4},"end":{"line":254,"column":5}}]},"17":{"loc":{"start":{"line":262,"column":11},"end":{"line":262,"column":73}},"type":"binary-expr","locations":[{"start":{"line":262,"column":11},"end":{"line":262,"column":28}},{"start":{"line":262,"column":32},"end":{"line":262,"column":52}},{"start":{"line":262,"column":56},"end":{"line":262,"column":73}}]},"18":{"loc":{"start":{"line":290,"column":4},"end":{"line":296,"column":5}},"type":"if","locations":[{"start":{"line":290,"column":4},"end":{"line":296,"column":5}},{"start":{"line":292,"column":11},"end":{"line":296,"column":5}}]},"19":{"loc":{"start":{"line":292,"column":11},"end":{"line":296,"column":5}},"type":"if","locations":[{"start":{"line":292,"column":11},"end":{"line":296,"column":5}},{"start":{"line":294,"column":11},"end":{"line":296,"column":5}}]},"20":{"loc":{"start":{"line":294,"column":11},"end":{"line":296,"column":5}},"type":"if","locations":[{"start":{"line":294,"column":11},"end":{"line":296,"column":5}}]},"21":{"loc":{"start":{"line":299,"column":4},"end":{"line":305,"column":5}},"type":"if","locations":[{"start":{"line":299,"column":4},"end":{"line":305,"column":5}},{"start":{"line":301,"column":11},"end":{"line":305,"column":5}}]},"22":{"loc":{"start":{"line":301,"column":11},"end":{"line":305,"column":5}},"type":"if","locations":[{"start":{"line":301,"column":11},"end":{"line":305,"column":5}},{"start":{"line":303,"column":11},"end":{"line":305,"column":5}}]},"23":{"loc":{"start":{"line":303,"column":11},"end":{"line":305,"column":5}},"type":"if","locations":[{"start":{"line":303,"column":11},"end":{"line":305,"column":5}}]},"24":{"loc":{"start":{"line":308,"column":4},"end":{"line":312,"column":5}},"type":"if","locations":[{"start":{"line":308,"column":4},"end":{"line":312,"column":5}},{"start":{"line":310,"column":11},"end":{"line":312,"column":5}}]},"25":{"loc":{"start":{"line":310,"column":11},"end":{"line":312,"column":5}},"type":"if","locations":[{"start":{"line":310,"column":11},"end":{"line":312,"column":5}}]},"26":{"loc":{"start":{"line":315,"column":4},"end":{"line":319,"column":5}},"type":"if","locations":[{"start":{"line":315,"column":4},"end":{"line":319,"column":5}},{"start":{"line":317,"column":11},"end":{"line":319,"column":5}}]},"27":{"loc":{"start":{"line":317,"column":11},"end":{"line":319,"column":5}},"type":"if","locations":[{"start":{"line":317,"column":11},"end":{"line":319,"column":5}}]},"28":{"loc":{"start":{"line":322,"column":4},"end":{"line":326,"column":5}},"type":"if","locations":[{"start":{"line":322,"column":4},"end":{"line":326,"column":5}},{"start":{"line":324,"column":11},"end":{"line":326,"column":5}}]},"29":{"loc":{"start":{"line":324,"column":11},"end":{"line":326,"column":5}},"type":"if","locations":[{"start":{"line":324,"column":11},"end":{"line":326,"column":5}}]},"30":{"loc":{"start":{"line":329,"column":4},"end":{"line":331,"column":5}},"type":"if","locations":[{"start":{"line":329,"column":4},"end":{"line":331,"column":5}}]},"31":{"loc":{"start":{"line":338,"column":4},"end":{"line":344,"column":5}},"type":"if","locations":[{"start":{"line":338,"column":4},"end":{"line":344,"column":5}},{"start":{"line":340,"column":11},"end":{"line":344,"column":5}}]},"32":{"loc":{"start":{"line":340,"column":11},"end":{"line":344,"column":5}},"type":"if","locations":[{"start":{"line":340,"column":11},"end":{"line":344,"column":5}},{"start":{"line":342,"column":11},"end":{"line":344,"column":5}}]},"33":{"loc":{"start":{"line":342,"column":11},"end":{"line":344,"column":5}},"type":"if","locations":[{"start":{"line":342,"column":11},"end":{"line":344,"column":5}}]},"34":{"loc":{"start":{"line":378,"column":4},"end":{"line":384,"column":5}},"type":"if","locations":[{"start":{"line":378,"column":4},"end":{"line":384,"column":5}},{"start":{"line":380,"column":11},"end":{"line":384,"column":5}}]},"35":{"loc":{"start":{"line":380,"column":11},"end":{"line":384,"column":5}},"type":"if","locations":[{"start":{"line":380,"column":11},"end":{"line":384,"column":5}},{"start":{"line":382,"column":11},"end":{"line":384,"column":5}}]},"36":{"loc":{"start":{"line":382,"column":11},"end":{"line":384,"column":5}},"type":"if","locations":[{"start":{"line":382,"column":11},"end":{"line":384,"column":5}}]},"37":{"loc":{"start":{"line":387,"column":4},"end":{"line":395,"column":5}},"type":"if","locations":[{"start":{"line":387,"column":4},"end":{"line":395,"column":5}},{"start":{"line":389,"column":11},"end":{"line":395,"column":5}}]},"38":{"loc":{"start":{"line":389,"column":11},"end":{"line":395,"column":5}},"type":"if","locations":[{"start":{"line":389,"column":11},"end":{"line":395,"column":5}},{"start":{"line":391,"column":11},"end":{"line":395,"column":5}}]},"39":{"loc":{"start":{"line":391,"column":11},"end":{"line":395,"column":5}},"type":"if","locations":[{"start":{"line":391,"column":11},"end":{"line":395,"column":5}},{"start":{"line":393,"column":11},"end":{"line":395,"column":5}}]},"40":{"loc":{"start":{"line":393,"column":11},"end":{"line":395,"column":5}},"type":"if","locations":[{"start":{"line":393,"column":11},"end":{"line":395,"column":5}}]},"41":{"loc":{"start":{"line":398,"column":4},"end":{"line":404,"column":5}},"type":"if","locations":[{"start":{"line":398,"column":4},"end":{"line":404,"column":5}},{"start":{"line":400,"column":11},"end":{"line":404,"column":5}}]},"42":{"loc":{"start":{"line":400,"column":11},"end":{"line":404,"column":5}},"type":"if","locations":[{"start":{"line":400,"column":11},"end":{"line":404,"column":5}},{"start":{"line":402,"column":11},"end":{"line":404,"column":5}}]},"43":{"loc":{"start":{"line":402,"column":11},"end":{"line":404,"column":5}},"type":"if","locations":[{"start":{"line":402,"column":11},"end":{"line":404,"column":5}}]},"44":{"loc":{"start":{"line":407,"column":4},"end":{"line":413,"column":5}},"type":"if","locations":[{"start":{"line":407,"column":4},"end":{"line":413,"column":5}},{"start":{"line":409,"column":11},"end":{"line":413,"column":5}}]},"45":{"loc":{"start":{"line":409,"column":11},"end":{"line":413,"column":5}},"type":"if","locations":[{"start":{"line":409,"column":11},"end":{"line":413,"column":5}},{"start":{"line":411,"column":11},"end":{"line":413,"column":5}}]},"46":{"loc":{"start":{"line":411,"column":11},"end":{"line":413,"column":5}},"type":"if","locations":[{"start":{"line":411,"column":11},"end":{"line":413,"column":5}}]},"47":{"loc":{"start":{"line":416,"column":4},"end":{"line":420,"column":5}},"type":"if","locations":[{"start":{"line":416,"column":4},"end":{"line":420,"column":5}},{"start":{"line":418,"column":11},"end":{"line":420,"column":5}}]},"48":{"loc":{"start":{"line":418,"column":11},"end":{"line":420,"column":5}},"type":"if","locations":[{"start":{"line":418,"column":11},"end":{"line":420,"column":5}}]},"49":{"loc":{"start":{"line":423,"column":4},"end":{"line":425,"column":5}},"type":"if","locations":[{"start":{"line":423,"column":4},"end":{"line":425,"column":5}}]}},"s":{"0":1,"1":1,"2":1,"3":0,"4":0,"5":1,"6":0,"7":1,"8":1,"9":1,"10":1,"11":1,"12":1,"13":2,"14":1,"15":2,"16":1,"17":1,"18":1,"19":1,"20":1,"21":1,"22":1,"23":1,"24":1,"25":1,"26":0,"27":1,"28":0,"29":1,"30":1,"31":1,"32":1,"33":1,"34":1,"35":1,"36":1,"37":1,"38":1,"39":0,"40":0,"41":0,"42":1,"43":0,"44":1,"45":1,"46":1,"47":1,"48":0,"49":1,"50":1,"51":1,"52":1,"53":1,"54":1,"55":1,"56":1,"57":1,"58":0,"59":1,"60":1,"61":1,"62":1,"63":1,"64":1,"65":1,"66":0,"67":0,"68":0,"69":0,"70":0,"71":0,"72":0,"73":0,"74":0,"75":0,"76":0,"77":0,"78":0,"79":0,"80":0,"81":0,"82":0,"83":0,"84":1,"85":1,"86":1,"87":0,"88":1,"89":0,"90":1,"91":0,"92":1,"93":0,"94":1,"95":0,"96":1,"97":1,"98":1,"99":0,"100":1,"101":0,"102":1,"103":0,"104":1,"105":0,"106":1,"107":1,"108":0,"109":0,"110":1,"111":0,"112":1,"113":2,"114":1,"115":1,"116":1,"117":0,"118":1,"119":0,"120":1,"121":1,"122":1,"123":1,"124":1,"125":0,"126":1,"127":0,"128":1,"129":1,"130":1,"131":0,"132":1,"133":0,"134":1,"135":0,"136":1,"137":0,"138":1,"139":0,"140":1,"141":0,"142":1,"143":0,"144":1,"145":0,"146":1,"147":0,"148":1,"149":0,"150":1,"151":1,"152":0,"153":0,"154":1,"155":0,"156":1,"157":0,"158":1,"159":1},"f":{"0":1,"1":1,"2":2,"3":2,"4":1,"5":1,"6":1,"7":1,"8":1,"9":1,"10":1,"11":1,"12":0,"13":1,"14":2,"15":1,"16":0},"b":{"0":[0],"1":[1,1],"2":[0],"3":[1,0],"4":[1,0],"5":[0],"6":[1,0],"7":[1,0],"8":[0],"9":[0],"10":[1,0],"11":[0],"12":[1],"13":[0],"14":[1],"15":[0],"16":[0],"17":[0,0,0],"18":[0,1],"19":[0,1],"20":[0],"21":[0,1],"22":[0,1],"23":[1],"24":[0,1],"25":[0],"26":[0,1],"27":[0],"28":[1,0],"29":[0],"30":[0],"31":[0,1],"32":[0,1],"33":[1],"34":[0,1],"35":[0,1],"36":[1],"37":[0,1],"38":[0,1],"39":[0,1],"40":[0],"41":[0,1],"42":[0,1],"43":[0],"44":[0,1],"45":[0,1],"46":[0],"47":[1,0],"48":[0],"49":[0]}}
,"/home/drix/.openclaw/workspace/memecoin-bot-project/src/database/db.ts": {"path":"/home/drix/.openclaw/workspace/memecoin-bot-project/src/database/db.ts","statementMap":{"0":{"start":{"line":1,"column":0},"end":{"line":1,"column":30}},"1":{"start":{"line":2,"column":0},"end":{"line":2,"column":48}},"2":{"start":{"line":3,"column":0},"end":{"line":3,"column":37}},"3":{"start":{"line":109,"column":4},"end":{"line":114,"column":7}},"4":{"start":{"line":110,"column":6},"end":{"line":112,"column":7}},"5":{"start":{"line":111,"column":8},"end":{"line":111,"column":91}},"6":{"start":{"line":113,"column":6},"end":{"line":113,"column":52}},"7":{"start":{"line":135,"column":4},"end":{"line":190,"column":7}},"8":{"start":{"line":136,"column":6},"end":{"line":189,"column":9}},"9":{"start":{"line":138,"column":8},"end":{"line":152,"column":11}},"10":{"start":{"line":151,"column":10},"end":{"line":151,"column":104}},"11":{"start":{"line":151,"column":20},"end":{"line":151,"column":103}},"12":{"start":{"line":155,"column":8},"end":{"line":172,"column":11}},"13":{"start":{"line":171,"column":10},"end":{"line":171,"column":106}},"14":{"start":{"line":171,"column":20},"end":{"line":171,"column":105}},"15":{"start":{"line":175,"column":8},"end":{"line":188,"column":11}},"16":{"start":{"line":186,"column":10},"end":{"line":187,"column":27}},"17":{"start":{"line":186,"column":20},"end":{"line":186,"column":108}},"18":{"start":{"line":187,"column":16},"end":{"line":187,"column":26}},"19":{"start":{"line":216,"column":4},"end":{"line":230,"column":7}},"20":{"start":{"line":217,"column":18},"end":{"line":221,"column":8}},"21":{"start":{"line":222,"column":6},"end":{"line":229,"column":8}},"22":{"start":{"line":226,"column":10},"end":{"line":227,"column":38}},"23":{"start":{"line":226,"column":20},"end":{"line":226,"column":103}},"24":{"start":{"line":227,"column":16},"end":{"line":227,"column":37}},"25":{"start":{"line":245,"column":4},"end":{"line":250,"column":7}},"26":{"start":{"line":246,"column":6},"end":{"line":249,"column":9}},"27":{"start":{"line":247,"column":8},"end":{"line":248,"column":51}},"28":{"start":{"line":247,"column":18},"end":{"line":247,"column":108}},"29":{"start":{"line":248,"column":14},"end":{"line":248,"column":50}},"30":{"start":{"line":277,"column":4},"end":{"line":300,"column":7}},"31":{"start":{"line":278,"column":18},"end":{"line":281,"column":8}},"32":{"start":{"line":282,"column":6},"end":{"line":299,"column":8}},"33":{"start":{"line":296,"column":10},"end":{"line":297,"column":38}},"34":{"start":{"line":296,"column":20},"end":{"line":296,"column":126}},"35":{"start":{"line":297,"column":16},"end":{"line":297,"column":37}},"36":{"start":{"line":319,"column":4},"end":{"line":324,"column":7}},"37":{"start":{"line":320,"column":6},"end":{"line":323,"column":9}},"38":{"start":{"line":321,"column":8},"end":{"line":322,"column":30}},"39":{"start":{"line":321,"column":18},"end":{"line":321,"column":102}},"40":{"start":{"line":322,"column":14},"end":{"line":322,"column":29}},"41":{"start":{"line":342,"column":4},"end":{"line":355,"column":7}},"42":{"start":{"line":343,"column":18},"end":{"line":346,"column":8}},"43":{"start":{"line":347,"column":6},"end":{"line":354,"column":8}},"44":{"start":{"line":351,"column":10},"end":{"line":352,"column":38}},"45":{"start":{"line":351,"column":20},"end":{"line":351,"column":105}},"46":{"start":{"line":352,"column":16},"end":{"line":352,"column":37}},"47":{"start":{"line":372,"column":4},"end":{"line":378,"column":7}},"48":{"start":{"line":373,"column":18},"end":{"line":373,"column":92}},"49":{"start":{"line":374,"column":6},"end":{"line":377,"column":9}},"50":{"start":{"line":375,"column":8},"end":{"line":376,"column":134}},"51":{"start":{"line":375,"column":18},"end":{"line":375,"column":103}},"52":{"start":{"line":376,"column":14},"end":{"line":376,"column":133}},"53":{"start":{"line":392,"column":4},"end":{"line":402,"column":7}},"54":{"start":{"line":393,"column":18},"end":{"line":393,"column":127}},"55":{"start":{"line":394,"column":6},"end":{"line":401,"column":9}},"56":{"start":{"line":395,"column":8},"end":{"line":400,"column":9}},"57":{"start":{"line":396,"column":10},"end":{"line":396,"column":74}},"58":{"start":{"line":397,"column":10},"end":{"line":397,"column":25}},"59":{"start":{"line":399,"column":10},"end":{"line":399,"column":44}},"60":{"start":{"line":418,"column":4},"end":{"line":423,"column":7}},"61":{"start":{"line":419,"column":6},"end":{"line":422,"column":9}},"62":{"start":{"line":420,"column":8},"end":{"line":421,"column":40}},"63":{"start":{"line":420,"column":18},"end":{"line":420,"column":97}},"64":{"start":{"line":421,"column":14},"end":{"line":421,"column":39}},"65":{"start":{"line":439,"column":4},"end":{"line":447,"column":7}},"66":{"start":{"line":440,"column":6},"end":{"line":446,"column":9}},"67":{"start":{"line":441,"column":8},"end":{"line":445,"column":9}},"68":{"start":{"line":441,"column":18},"end":{"line":441,"column":30}},"69":{"start":{"line":443,"column":10},"end":{"line":443,"column":41}},"70":{"start":{"line":444,"column":10},"end":{"line":444,"column":20}},"71":{"start":{"line":96,"column":0},"end":{"line":96,"column":13}}},"fnMap":{"0":{"name":"(anonymous_1)","decl":{"start":{"line":108,"column":2},"end":{"line":108,"column":14}},"loc":{"start":{"line":108,"column":28},"end":{"line":115,"column":3}}},"1":{"name":"(anonymous_2)","decl":{"start":{"line":109,"column":43},"end":{"line":109,"column":44}},"loc":{"start":{"line":109,"column":51},"end":{"line":114,"column":5}}},"2":{"name":"(anonymous_3)","decl":{"start":{"line":134,"column":2},"end":{"line":134,"column":7}},"loc":{"start":{"line":134,"column":18},"end":{"line":191,"column":3}}},"3":{"name":"(anonymous_4)","decl":{"start":{"line":135,"column":23},"end":{"line":135,"column":24}},"loc":{"start":{"line":135,"column":43},"end":{"line":190,"column":5}}},"4":{"name":"(anonymous_5)","decl":{"start":{"line":136,"column":24},"end":{"line":136,"column":27}},"loc":{"start":{"line":136,"column":29},"end":{"line":189,"column":7}}},"5":{"name":"(anonymous_6)","decl":{"start":{"line":150,"column":11},"end":{"line":150,"column":12}},"loc":{"start":{"line":150,"column":19},"end":{"line":152,"column":9}}},"6":{"name":"(anonymous_7)","decl":{"start":{"line":170,"column":11},"end":{"line":170,"column":12}},"loc":{"start":{"line":170,"column":19},"end":{"line":172,"column":9}}},"7":{"name":"(anonymous_8)","decl":{"start":{"line":185,"column":11},"end":{"line":185,"column":12}},"loc":{"start":{"line":185,"column":19},"end":{"line":188,"column":9}}},"8":{"name":"(anonymous_9)","decl":{"start":{"line":215,"column":2},"end":{"line":215,"column":7}},"loc":{"start":{"line":215,"column":38},"end":{"line":231,"column":3}}},"9":{"name":"(anonymous_10)","decl":{"start":{"line":216,"column":23},"end":{"line":216,"column":24}},"loc":{"start":{"line":216,"column":43},"end":{"line":230,"column":5}}},"10":{"name":"(anonymous_11)","decl":{"start":{"line":225,"column":8},"end":{"line":225,"column":18}},"loc":{"start":{"line":225,"column":21},"end":{"line":228,"column":9}}},"11":{"name":"(anonymous_12)","decl":{"start":{"line":244,"column":2},"end":{"line":244,"column":7}},"loc":{"start":{"line":244,"column":40},"end":{"line":251,"column":3}}},"12":{"name":"(anonymous_13)","decl":{"start":{"line":245,"column":23},"end":{"line":245,"column":24}},"loc":{"start":{"line":245,"column":43},"end":{"line":250,"column":5}}},"13":{"name":"(anonymous_14)","decl":{"start":{"line":246,"column":87},"end":{"line":246,"column":88}},"loc":{"start":{"line":246,"column":105},"end":{"line":249,"column":7}}},"14":{"name":"(anonymous_15)","decl":{"start":{"line":276,"column":2},"end":{"line":276,"column":7}},"loc":{"start":{"line":276,"column":47},"end":{"line":301,"column":3}}},"15":{"name":"(anonymous_16)","decl":{"start":{"line":277,"column":23},"end":{"line":277,"column":24}},"loc":{"start":{"line":277,"column":43},"end":{"line":300,"column":5}}},"16":{"name":"(anonymous_17)","decl":{"start":{"line":295,"column":8},"end":{"line":295,"column":18}},"loc":{"start":{"line":295,"column":21},"end":{"line":298,"column":9}}},"17":{"name":"(anonymous_18)","decl":{"start":{"line":318,"column":2},"end":{"line":318,"column":7}},"loc":{"start":{"line":318,"column":40},"end":{"line":325,"column":3}}},"18":{"name":"(anonymous_19)","decl":{"start":{"line":319,"column":23},"end":{"line":319,"column":24}},"loc":{"start":{"line":319,"column":43},"end":{"line":324,"column":5}}},"19":{"name":"(anonymous_20)","decl":{"start":{"line":320,"column":77},"end":{"line":320,"column":78}},"loc":{"start":{"line":320,"column":90},"end":{"line":323,"column":7}}},"20":{"name":"(anonymous_21)","decl":{"start":{"line":341,"column":2},"end":{"line":341,"column":7}},"loc":{"start":{"line":341,"column":59},"end":{"line":356,"column":3}}},"21":{"name":"(anonymous_22)","decl":{"start":{"line":342,"column":23},"end":{"line":342,"column":24}},"loc":{"start":{"line":342,"column":43},"end":{"line":355,"column":5}}},"22":{"name":"(anonymous_23)","decl":{"start":{"line":350,"column":8},"end":{"line":350,"column":18}},"loc":{"start":{"line":350,"column":21},"end":{"line":353,"column":9}}},"23":{"name":"(anonymous_24)","decl":{"start":{"line":371,"column":2},"end":{"line":371,"column":7}},"loc":{"start":{"line":371,"column":41},"end":{"line":379,"column":3}}},"24":{"name":"(anonymous_25)","decl":{"start":{"line":372,"column":23},"end":{"line":372,"column":24}},"loc":{"start":{"line":372,"column":43},"end":{"line":378,"column":5}}},"25":{"name":"(anonymous_26)","decl":{"start":{"line":374,"column":34},"end":{"line":374,"column":35}},"loc":{"start":{"line":374,"column":52},"end":{"line":377,"column":7}}},"26":{"name":"(anonymous_27)","decl":{"start":{"line":391,"column":2},"end":{"line":391,"column":7}},"loc":{"start":{"line":391,"column":20},"end":{"line":403,"column":3}}},"27":{"name":"(anonymous_28)","decl":{"start":{"line":392,"column":23},"end":{"line":392,"column":24}},"loc":{"start":{"line":392,"column":35},"end":{"line":402,"column":5}}},"28":{"name":"(anonymous_29)","decl":{"start":{"line":394,"column":23},"end":{"line":394,"column":24}},"loc":{"start":{"line":394,"column":44},"end":{"line":401,"column":7}}},"29":{"name":"(anonymous_30)","decl":{"start":{"line":417,"column":2},"end":{"line":417,"column":7}},"loc":{"start":{"line":417,"column":21},"end":{"line":424,"column":3}}},"30":{"name":"(anonymous_31)","decl":{"start":{"line":418,"column":23},"end":{"line":418,"column":24}},"loc":{"start":{"line":418,"column":43},"end":{"line":423,"column":5}}},"31":{"name":"(anonymous_32)","decl":{"start":{"line":419,"column":58},"end":{"line":419,"column":59}},"loc":{"start":{"line":419,"column":76},"end":{"line":422,"column":7}}},"32":{"name":"(anonymous_33)","decl":{"start":{"line":438,"column":2},"end":{"line":438,"column":7}},"loc":{"start":{"line":438,"column":7},"end":{"line":448,"column":3}}},"33":{"name":"(anonymous_34)","decl":{"start":{"line":439,"column":23},"end":{"line":439,"column":24}},"loc":{"start":{"line":439,"column":43},"end":{"line":447,"column":5}}},"34":{"name":"(anonymous_35)","decl":{"start":{"line":440,"column":20},"end":{"line":440,"column":21}},"loc":{"start":{"line":440,"column":28},"end":{"line":446,"column":7}}}},"branchMap":{"0":{"loc":{"start":{"line":110,"column":6},"end":{"line":112,"column":7}},"type":"if","locations":[{"start":{"line":110,"column":6},"end":{"line":112,"column":7}}]},"1":{"loc":{"start":{"line":151,"column":10},"end":{"line":151,"column":104}},"type":"if","locations":[{"start":{"line":151,"column":10},"end":{"line":151,"column":104}}]},"2":{"loc":{"start":{"line":171,"column":10},"end":{"line":171,"column":106}},"type":"if","locations":[{"start":{"line":171,"column":10},"end":{"line":171,"column":106}}]},"3":{"loc":{"start":{"line":186,"column":10},"end":{"line":187,"column":27}},"type":"if","locations":[{"start":{"line":186,"column":10},"end":{"line":187,"column":27}},{"start":{"line":187,"column":15},"end":{"line":187,"column":27}}]},"4":{"loc":{"start":{"line":226,"column":10},"end":{"line":227,"column":38}},"type":"if","locations":[{"start":{"line":226,"column":10},"end":{"line":227,"column":38}},{"start":{"line":227,"column":15},"end":{"line":227,"column":38}}]},"5":{"loc":{"start":{"line":247,"column":8},"end":{"line":248,"column":51}},"type":"if","locations":[{"start":{"line":247,"column":8},"end":{"line":248,"column":51}},{"start":{"line":248,"column":13},"end":{"line":248,"column":51}}]},"6":{"loc":{"start":{"line":248,"column":22},"end":{"line":248,"column":48}},"type":"binary-expr","locations":[{"start":{"line":248,"column":22},"end":{"line":248,"column":40}},{"start":{"line":248,"column":44},"end":{"line":248,"column":48}}]},"7":{"loc":{"start":{"line":296,"column":10},"end":{"line":297,"column":38}},"type":"if","locations":[{"start":{"line":296,"column":10},"end":{"line":297,"column":38}},{"start":{"line":297,"column":15},"end":{"line":297,"column":38}}]},"8":{"loc":{"start":{"line":321,"column":8},"end":{"line":322,"column":30}},"type":"if","locations":[{"start":{"line":321,"column":8},"end":{"line":322,"column":30}},{"start":{"line":322,"column":13},"end":{"line":322,"column":30}}]},"9":{"loc":{"start":{"line":351,"column":10},"end":{"line":352,"column":38}},"type":"if","locations":[{"start":{"line":351,"column":10},"end":{"line":352,"column":38}},{"start":{"line":352,"column":15},"end":{"line":352,"column":38}}]},"10":{"loc":{"start":{"line":375,"column":8},"end":{"line":376,"column":134}},"type":"if","locations":[{"start":{"line":375,"column":8},"end":{"line":376,"column":134}},{"start":{"line":376,"column":13},"end":{"line":376,"column":134}}]},"11":{"loc":{"start":{"line":376,"column":22},"end":{"line":376,"column":131}},"type":"cond-expr","locations":[{"start":{"line":376,"column":28},"end":{"line":376,"column":124}},{"start":{"line":376,"column":127},"end":{"line":376,"column":131}}]},"12":{"loc":{"start":{"line":395,"column":8},"end":{"line":400,"column":9}},"type":"if","locations":[{"start":{"line":395,"column":8},"end":{"line":400,"column":9}},{"start":{"line":398,"column":15},"end":{"line":400,"column":9}}]},"13":{"loc":{"start":{"line":399,"column":18},"end":{"line":399,"column":42}},"type":"binary-expr","locations":[{"start":{"line":399,"column":18},"end":{"line":399,"column":22}},{"start":{"line":399,"column":26},"end":{"line":399,"column":42}}]},"14":{"loc":{"start":{"line":420,"column":8},"end":{"line":421,"column":40}},"type":"if","locations":[{"start":{"line":420,"column":8},"end":{"line":421,"column":40}},{"start":{"line":421,"column":13},"end":{"line":421,"column":40}}]},"15":{"loc":{"start":{"line":421,"column":22},"end":{"line":421,"column":37}},"type":"binary-expr","locations":[{"start":{"line":421,"column":22},"end":{"line":421,"column":32}},{"start":{"line":421,"column":36},"end":{"line":421,"column":37}}]},"16":{"loc":{"start":{"line":441,"column":8},"end":{"line":445,"column":9}},"type":"if","locations":[{"start":{"line":441,"column":8},"end":{"line":445,"column":9}},{"start":{"line":442,"column":13},"end":{"line":445,"column":9}}]}},"s":{"0":2,"1":2,"2":2,"3":28,"4":28,"5":0,"6":28,"7":28,"8":28,"9":28,"10":28,"11":0,"12":28,"13":28,"14":0,"15":28,"16":28,"17":0,"18":28,"19":26,"20":26,"21":26,"22":26,"23":0,"24":26,"25":4,"26":4,"27":4,"28":1,"29":3,"30":6,"31":6,"32":6,"33":6,"34":0,"35":6,"36":7,"37":7,"38":7,"39":0,"40":7,"41":7,"42":7,"43":7,"44":7,"45":0,"46":7,"47":0,"48":0,"49":0,"50":0,"51":0,"52":0,"53":0,"54":0,"55":0,"56":0,"57":0,"58":0,"59":0,"60":0,"61":0,"62":0,"63":0,"64":0,"65":29,"66":29,"67":29,"68":1,"69":28,"70":28,"71":2},"f":{"0":28,"1":28,"2":28,"3":28,"4":28,"5":28,"6":28,"7":28,"8":26,"9":26,"10":26,"11":4,"12":4,"13":4,"14":6,"15":6,"16":6,"17":7,"18":7,"19":7,"20":7,"21":7,"22":7,"23":0,"24":0,"25":0,"26":0,"27":0,"28":0,"29":0,"30":0,"31":0,"32":29,"33":29,"34":29},"b":{"0":[0],"1":[0],"2":[0],"3":[0,28],"4":[0,26],"5":[1,3],"6":[3,2],"7":[0,6],"8":[0,7],"9":[0,7],"10":[0,0],"11":[0,0],"12":[0,0],"13":[0,0],"14":[0,0],"15":[0,0],"16":[1,28]}}
,"/home/drix/.openclaw/workspace/memecoin-bot-project/src/scoring/score-engine.ts": {"path":"/home/drix/.openclaw/workspace/memecoin-bot-project/src/scoring/score-engine.ts","statementMap":{"0":{"start":{"line":1,"column":0},"end":{"line":1,"column":37}},"1":{"start":{"line":40,"column":13},"end":{"line":45,"column":2}},"2":{"start":{"line":100,"column":4},"end":{"line":105,"column":7}},"3":{"start":{"line":108,"column":23},"end":{"line":112,"column":null}},"4":{"start":{"line":116,"column":18},"end":{"line":120,"column":6}},"5":{"start":{"line":122,"column":22},"end":{"line":125,"column":6}},"6":{"start":{"line":128,"column":58},"end":{"line":128,"column":65}},"7":{"start":{"line":129,"column":4},"end":{"line":133,"column":5}},"8":{"start":{"line":130,"column":6},"end":{"line":130,"column":30}},"9":{"start":{"line":131,"column":11},"end":{"line":133,"column":5}},"10":{"start":{"line":132,"column":6},"end":{"line":132,"column":33}},"11":{"start":{"line":135,"column":4},"end":{"line":146,"column":6}},"12":{"start":{"line":60,"column":0},"end":{"line":60,"column":13}}},"fnMap":{"0":{"name":"(anonymous_1)","decl":{"start":{"line":94,"column":2},"end":{"line":94,"column":7}},"loc":{"start":{"line":98,"column":26},"end":{"line":147,"column":3}}}},"branchMap":{"0":{"loc":{"start":{"line":98,"column":4},"end":{"line":98,"column":26}},"type":"default-arg","locations":[{"start":{"line":98,"column":24},"end":{"line":98,"column":26}}]},"1":{"loc":{"start":{"line":129,"column":4},"end":{"line":133,"column":5}},"type":"if","locations":[{"start":{"line":129,"column":4},"end":{"line":133,"column":5}},{"start":{"line":131,"column":11},"end":{"line":133,"column":5}}]},"2":{"loc":{"start":{"line":131,"column":11},"end":{"line":133,"column":5}},"type":"if","locations":[{"start":{"line":131,"column":11},"end":{"line":133,"column":5}}]}},"s":{"0":4,"1":4,"2":16,"3":16,"4":16,"5":16,"6":16,"7":16,"8":4,"9":12,"10":7,"11":16,"12":4},"f":{"0":16},"b":{"0":[5],"1":[4,12],"2":[7]}}
,"/home/drix/.openclaw/workspace/memecoin-bot-project/src/scrapers/clanker.ts": {"path":"/home/drix/.openclaw/workspace/memecoin-bot-project/src/scrapers/clanker.ts","statementMap":{"0":{"start":{"line":1,"column":0},"end":{"line":1,"column":45}},"1":{"start":{"line":2,"column":0},"end":{"line":2,"column":37}},"2":{"start":{"line":30,"column":10},"end":{"line":30,"column":38}},"3":{"start":{"line":35,"column":4},"end":{"line":35,"column":35}},"4":{"start":{"line":36,"column":4},"end":{"line":36,"column":47}},"5":{"start":{"line":43,"column":16},"end":{"line":43,"column":26}},"6":{"start":{"line":45,"column":4},"end":{"line":45,"column":87}},"7":{"start":{"line":45,"column":57},"end":{"line":45,"column":85}},"8":{"start":{"line":47,"column":4},"end":{"line":54,"column":5}},"9":{"start":{"line":48,"column":28},"end":{"line":48,"column":48}},"10":{"start":{"line":49,"column":23},"end":{"line":49,"column":68}},"11":{"start":{"line":50,"column":6},"end":{"line":53,"column":7}},"12":{"start":{"line":51,"column":8},"end":{"line":51,"column":68}},"13":{"start":{"line":51,"column":37},"end":{"line":51,"column":66}},"14":{"start":{"line":52,"column":8},"end":{"line":52,"column":35}},"15":{"start":{"line":56,"column":4},"end":{"line":56,"column":32}},"16":{"start":{"line":68,"column":10},"end":{"line":68,"column":50}},"17":{"start":{"line":71,"column":10},"end":{"line":76,"column":4}},"18":{"start":{"line":79,"column":4},"end":{"line":79,"column":48}},"19":{"start":{"line":82,"column":4},"end":{"line":89,"column":7}},"20":{"start":{"line":98,"column":4},"end":{"line":98,"column":35}},"21":{"start":{"line":98,"column":22},"end":{"line":98,"column":34}},"22":{"start":{"line":99,"column":4},"end":{"line":99,"column":31}},"23":{"start":{"line":99,"column":20},"end":{"line":99,"column":30}},"24":{"start":{"line":101,"column":4},"end":{"line":121,"column":5}},"25":{"start":{"line":102,"column":6},"end":{"line":102,"column":68}},"26":{"start":{"line":103,"column":23},"end":{"line":103,"column":74}},"27":{"start":{"line":105,"column":6},"end":{"line":108,"column":7}},"28":{"start":{"line":106,"column":8},"end":{"line":106,"column":86}},"29":{"start":{"line":107,"column":8},"end":{"line":107,"column":18}},"30":{"start":{"line":110,"column":24},"end":{"line":112,"column":53}},"31":{"start":{"line":111,"column":25},"end":{"line":111,"column":49}},"32":{"start":{"line":112,"column":22},"end":{"line":112,"column":52}},"33":{"start":{"line":114,"column":6},"end":{"line":114,"column":88}},"34":{"start":{"line":115,"column":6},"end":{"line":115,"column":23}},"35":{"start":{"line":117,"column":6},"end":{"line":119,"column":9}},"36":{"start":{"line":120,"column":6},"end":{"line":120,"column":16}},"37":{"start":{"line":130,"column":4},"end":{"line":133,"column":5}},"38":{"start":{"line":131,"column":6},"end":{"line":131,"column":79}},"39":{"start":{"line":132,"column":6},"end":{"line":132,"column":18}},"40":{"start":{"line":135,"column":4},"end":{"line":151,"column":5}},"41":{"start":{"line":136,"column":6},"end":{"line":136,"column":65}},"42":{"start":{"line":137,"column":23},"end":{"line":137,"column":71}},"43":{"start":{"line":139,"column":6},"end":{"line":142,"column":7}},"44":{"start":{"line":140,"column":8},"end":{"line":140,"column":86}},"45":{"start":{"line":141,"column":8},"end":{"line":141,"column":20}},"46":{"start":{"line":144,"column":6},"end":{"line":144,"column":47}},"47":{"start":{"line":146,"column":6},"end":{"line":149,"column":9}},"48":{"start":{"line":150,"column":6},"end":{"line":150,"column":18}},"49":{"start":{"line":160,"column":4},"end":{"line":163,"column":5}},"50":{"start":{"line":161,"column":6},"end":{"line":161,"column":89}},"51":{"start":{"line":162,"column":6},"end":{"line":162,"column":18}},"52":{"start":{"line":165,"column":4},"end":{"line":175,"column":5}},"53":{"start":{"line":166,"column":6},"end":{"line":166,"column":66}},"54":{"start":{"line":167,"column":23},"end":{"line":167,"column":80}},"55":{"start":{"line":168,"column":6},"end":{"line":168,"column":30}},"56":{"start":{"line":170,"column":6},"end":{"line":173,"column":9}},"57":{"start":{"line":174,"column":6},"end":{"line":174,"column":18}},"58":{"start":{"line":186,"column":4},"end":{"line":186,"column":42}},"59":{"start":{"line":188,"column":34},"end":{"line":188,"column":38}},"60":{"start":{"line":190,"column":4},"end":{"line":228,"column":5}},"61":{"start":{"line":190,"column":23},"end":{"line":190,"column":24}},"62":{"start":{"line":191,"column":6},"end":{"line":227,"column":7}},"63":{"start":{"line":192,"column":8},"end":{"line":196,"column":11}},"64":{"start":{"line":198,"column":25},"end":{"line":198,"column":72}},"65":{"start":{"line":200,"column":8},"end":{"line":202,"column":9}},"66":{"start":{"line":201,"column":10},"end":{"line":201,"column":31}},"67":{"start":{"line":204,"column":8},"end":{"line":204,"column":70}},"68":{"start":{"line":206,"column":8},"end":{"line":206,"column":78}},"69":{"start":{"line":209,"column":8},"end":{"line":215,"column":9}},"70":{"start":{"line":210,"column":10},"end":{"line":213,"column":13}},"71":{"start":{"line":214,"column":10},"end":{"line":214,"column":26}},"72":{"start":{"line":218,"column":8},"end":{"line":226,"column":9}},"73":{"start":{"line":219,"column":26},"end":{"line":219,"column":61}},"74":{"start":{"line":220,"column":10},"end":{"line":224,"column":13}},"75":{"start":{"line":225,"column":10},"end":{"line":225,"column":69}},"76":{"start":{"line":225,"column":39},"end":{"line":225,"column":67}},"77":{"start":{"line":231,"column":4},"end":{"line":233,"column":6}},"78":{"start":{"line":242,"column":6},"end":{"line":243,"column":59}},"79":{"start":{"line":245,"column":19},"end":{"line":245,"column":39}},"80":{"start":{"line":246,"column":4},"end":{"line":246,"column":76}},"81":{"start":{"line":253,"column":4},"end":{"line":253,"column":49}},"82":{"start":{"line":253,"column":36},"end":{"line":253,"column":48}},"83":{"start":{"line":256,"column":4},"end":{"line":258,"column":5}},"84":{"start":{"line":257,"column":6},"end":{"line":257,"column":18}},"85":{"start":{"line":261,"column":4},"end":{"line":263,"column":5}},"86":{"start":{"line":262,"column":6},"end":{"line":262,"column":18}},"87":{"start":{"line":266,"column":4},"end":{"line":274,"column":5}},"88":{"start":{"line":267,"column":25},"end":{"line":267,"column":37}},"89":{"start":{"line":268,"column":6},"end":{"line":270,"column":7}},"90":{"start":{"line":269,"column":8},"end":{"line":269,"column":20}},"91":{"start":{"line":271,"column":6},"end":{"line":273,"column":7}},"92":{"start":{"line":272,"column":8},"end":{"line":272,"column":20}},"93":{"start":{"line":277,"column":4},"end":{"line":277,"column":16}},"94":{"start":{"line":285,"column":4},"end":{"line":285,"column":60}},"95":{"start":{"line":285,"column":46},"end":{"line":285,"column":59}},"96":{"start":{"line":287,"column":23},"end":{"line":287,"column":62}},"97":{"start":{"line":288,"column":20},"end":{"line":288,"column":32}},"98":{"start":{"line":289,"column":22},"end":{"line":289,"column":36}},"99":{"start":{"line":290,"column":4},"end":{"line":290,"column":46}},"100":{"start":{"line":297,"column":4},"end":{"line":297,"column":33}},"101":{"start":{"line":297,"column":19},"end":{"line":297,"column":32}},"102":{"start":{"line":299,"column":25},"end":{"line":299,"column":46}},"103":{"start":{"line":300,"column":4},"end":{"line":300,"column":52}},"104":{"start":{"line":307,"column":4},"end":{"line":324,"column":6}},"105":{"start":{"line":331,"column":4},"end":{"line":348,"column":5}},"106":{"start":{"line":332,"column":6},"end":{"line":332,"column":58}},"107":{"start":{"line":333,"column":23},"end":{"line":333,"column":78}},"108":{"start":{"line":334,"column":24},"end":{"line":334,"column":47}},"109":{"start":{"line":336,"column":6},"end":{"line":340,"column":7}},"110":{"start":{"line":337,"column":8},"end":{"line":337,"column":55}},"111":{"start":{"line":339,"column":8},"end":{"line":339,"column":84}},"112":{"start":{"line":342,"column":6},"end":{"line":342,"column":23}},"113":{"start":{"line":344,"column":6},"end":{"line":346,"column":9}},"114":{"start":{"line":347,"column":6},"end":{"line":347,"column":19}},"115":{"start":{"line":67,"column":0},"end":{"line":67,"column":13}}},"fnMap":{"0":{"name":"(anonymous_1)","decl":{"start":{"line":34,"column":2},"end":{"line":34,"column":14}},"loc":{"start":{"line":34,"column":71},"end":{"line":37,"column":3}}},"1":{"name":"(anonymous_2)","decl":{"start":{"line":42,"column":2},"end":{"line":42,"column":7}},"loc":{"start":{"line":42,"column":20},"end":{"line":57,"column":3}}},"2":{"name":"(anonymous_3)","decl":{"start":{"line":45,"column":49},"end":{"line":45,"column":53}},"loc":{"start":{"line":45,"column":57},"end":{"line":45,"column":85}}},"3":{"name":"(anonymous_4)","decl":{"start":{"line":51,"column":26},"end":{"line":51,"column":33}},"loc":{"start":{"line":51,"column":37},"end":{"line":51,"column":66}}},"4":{"name":"(anonymous_5)","decl":{"start":{"line":78,"column":2},"end":{"line":78,"column":null}},"loc":{"start":{"line":78,"column":2},"end":{"line":90,"column":3}}},"5":{"name":"(anonymous_6)","decl":{"start":{"line":97,"column":2},"end":{"line":97,"column":7}},"loc":{"start":{"line":97,"column":46},"end":{"line":122,"column":3}}},"6":{"name":"(anonymous_7)","decl":{"start":{"line":111,"column":16},"end":{"line":111,"column":21}},"loc":{"start":{"line":111,"column":25},"end":{"line":111,"column":49}}},"7":{"name":"(anonymous_8)","decl":{"start":{"line":112,"column":13},"end":{"line":112,"column":18}},"loc":{"start":{"line":112,"column":22},"end":{"line":112,"column":52}}},"8":{"name":"(anonymous_9)","decl":{"start":{"line":129,"column":2},"end":{"line":129,"column":7}},"loc":{"start":{"line":129,"column":44},"end":{"line":152,"column":3}}},"9":{"name":"(anonymous_10)","decl":{"start":{"line":159,"column":2},"end":{"line":159,"column":7}},"loc":{"start":{"line":159,"column":45},"end":{"line":176,"column":3}}},"10":{"name":"(anonymous_11)","decl":{"start":{"line":184,"column":10},"end":{"line":184,"column":15}},"loc":{"start":{"line":184,"column":74},"end":{"line":234,"column":3}}},"11":{"name":"(anonymous_12)","decl":{"start":{"line":225,"column":28},"end":{"line":225,"column":35}},"loc":{"start":{"line":225,"column":39},"end":{"line":225,"column":67}}},"12":{"name":"(anonymous_13)","decl":{"start":{"line":240,"column":10},"end":{"line":240,"column":31}},"loc":{"start":{"line":240,"column":47},"end":{"line":247,"column":3}}},"13":{"name":"(anonymous_14)","decl":{"start":{"line":252,"column":10},"end":{"line":252,"column":26}},"loc":{"start":{"line":252,"column":37},"end":{"line":278,"column":3}}},"14":{"name":"(anonymous_15)","decl":{"start":{"line":284,"column":10},"end":{"line":284,"column":22}},"loc":{"start":{"line":284,"column":33},"end":{"line":291,"column":3}}},"15":{"name":"(anonymous_16)","decl":{"start":{"line":296,"column":10},"end":{"line":296,"column":24}},"loc":{"start":{"line":296,"column":40},"end":{"line":301,"column":3}}},"16":{"name":"(anonymous_17)","decl":{"start":{"line":306,"column":10},"end":{"line":306,"column":28}},"loc":{"start":{"line":306,"column":37},"end":{"line":325,"column":3}}},"17":{"name":"(anonymous_18)","decl":{"start":{"line":330,"column":2},"end":{"line":330,"column":7}},"loc":{"start":{"line":330,"column":19},"end":{"line":349,"column":3}}}},"branchMap":{"0":{"loc":{"start":{"line":34,"column":14},"end":{"line":34,"column":39}},"type":"default-arg","locations":[{"start":{"line":34,"column":36},"end":{"line":34,"column":39}}]},"1":{"loc":{"start":{"line":34,"column":41},"end":{"line":34,"column":71}},"type":"default-arg","locations":[{"start":{"line":34,"column":69},"end":{"line":34,"column":71}}]},"2":{"loc":{"start":{"line":47,"column":4},"end":{"line":54,"column":5}},"type":"if","locations":[{"start":{"line":47,"column":4},"end":{"line":54,"column":5}}]},"3":{"loc":{"start":{"line":50,"column":6},"end":{"line":53,"column":7}},"type":"if","locations":[{"start":{"line":50,"column":6},"end":{"line":53,"column":7}}]},"4":{"loc":{"start":{"line":97,"column":28},"end":{"line":97,"column":46}},"type":"default-arg","locations":[{"start":{"line":97,"column":44},"end":{"line":97,"column":46}}]},"5":{"loc":{"start":{"line":98,"column":4},"end":{"line":98,"column":35}},"type":"if","locations":[{"start":{"line":98,"column":4},"end":{"line":98,"column":35}}]},"6":{"loc":{"start":{"line":99,"column":4},"end":{"line":99,"column":31}},"type":"if","locations":[{"start":{"line":99,"column":4},"end":{"line":99,"column":31}}]},"7":{"loc":{"start":{"line":105,"column":6},"end":{"line":108,"column":7}},"type":"if","locations":[{"start":{"line":105,"column":6},"end":{"line":108,"column":7}}]},"8":{"loc":{"start":{"line":118,"column":15},"end":{"line":118,"column":69}},"type":"cond-expr","locations":[{"start":{"line":118,"column":40},"end":{"line":118,"column":53}},{"start":{"line":118,"column":56},"end":{"line":118,"column":69}}]},"9":{"loc":{"start":{"line":130,"column":4},"end":{"line":133,"column":5}},"type":"if","locations":[{"start":{"line":130,"column":4},"end":{"line":133,"column":5}}]},"10":{"loc":{"start":{"line":139,"column":6},"end":{"line":142,"column":7}},"type":"if","locations":[{"start":{"line":139,"column":6},"end":{"line":142,"column":7}}]},"11":{"loc":{"start":{"line":148,"column":15},"end":{"line":148,"column":69}},"type":"cond-expr","locations":[{"start":{"line":148,"column":40},"end":{"line":148,"column":53}},{"start":{"line":148,"column":56},"end":{"line":148,"column":69}}]},"12":{"loc":{"start":{"line":160,"column":4},"end":{"line":163,"column":5}},"type":"if","locations":[{"start":{"line":160,"column":4},"end":{"line":163,"column":5}}]},"13":{"loc":{"start":{"line":168,"column":13},"end":{"line":168,"column":29}},"type":"binary-expr","locations":[{"start":{"line":168,"column":13},"end":{"line":168,"column":21}},{"start":{"line":168,"column":25},"end":{"line":168,"column":29}}]},"14":{"loc":{"start":{"line":172,"column":15},"end":{"line":172,"column":69}},"type":"cond-expr","locations":[{"start":{"line":172,"column":40},"end":{"line":172,"column":53}},{"start":{"line":172,"column":56},"end":{"line":172,"column":69}}]},"15":{"loc":{"start":{"line":200,"column":8},"end":{"line":202,"column":9}},"type":"if","locations":[{"start":{"line":200,"column":8},"end":{"line":202,"column":9}}]},"16":{"loc":{"start":{"line":200,"column":12},"end":{"line":200,"column":62}},"type":"binary-expr","locations":[{"start":{"line":200,"column":12},"end":{"line":200,"column":35}},{"start":{"line":200,"column":39},"end":{"line":200,"column":62}}]},"17":{"loc":{"start":{"line":206,"column":20},"end":{"line":206,"column":77}},"type":"cond-expr","locations":[{"start":{"line":206,"column":45},"end":{"line":206,"column":50}},{"start":{"line":206,"column":53},"end":{"line":206,"column":77}}]},"18":{"loc":{"start":{"line":209,"column":8},"end":{"line":215,"column":9}},"type":"if","locations":[{"start":{"line":209,"column":8},"end":{"line":215,"column":9}}]},"19":{"loc":{"start":{"line":218,"column":8},"end":{"line":226,"column":9}},"type":"if","locations":[{"start":{"line":218,"column":8},"end":{"line":226,"column":9}}]},"20":{"loc":{"start":{"line":232,"column":85},"end":{"line":232,"column":122}},"type":"binary-expr","locations":[{"start":{"line":232,"column":85},"end":{"line":232,"column":103}},{"start":{"line":232,"column":107},"end":{"line":232,"column":122}}]},"21":{"loc":{"start":{"line":253,"column":4},"end":{"line":253,"column":49}},"type":"if","locations":[{"start":{"line":253,"column":4},"end":{"line":253,"column":49}}]},"22":{"loc":{"start":{"line":256,"column":4},"end":{"line":258,"column":5}},"type":"if","locations":[{"start":{"line":256,"column":4},"end":{"line":258,"column":5}}]},"23":{"loc":{"start":{"line":256,"column":8},"end":{"line":256,"column":85}},"type":"binary-expr","locations":[{"start":{"line":256,"column":8},"end":{"line":256,"column":46}},{"start":{"line":256,"column":50},"end":{"line":256,"column":85}}]},"24":{"loc":{"start":{"line":261,"column":4},"end":{"line":263,"column":5}},"type":"if","locations":[{"start":{"line":261,"column":4},"end":{"line":263,"column":5}}]},"25":{"loc":{"start":{"line":266,"column":4},"end":{"line":274,"column":5}},"type":"if","locations":[{"start":{"line":266,"column":4},"end":{"line":274,"column":5}}]},"26":{"loc":{"start":{"line":266,"column":8},"end":{"line":266,"column":42}},"type":"binary-expr","locations":[{"start":{"line":266,"column":8},"end":{"line":266,"column":13}},{"start":{"line":266,"column":17},"end":{"line":266,"column":42}}]},"27":{"loc":{"start":{"line":268,"column":6},"end":{"line":270,"column":7}},"type":"if","locations":[{"start":{"line":268,"column":6},"end":{"line":270,"column":7}}]},"28":{"loc":{"start":{"line":271,"column":6},"end":{"line":273,"column":7}},"type":"if","locations":[{"start":{"line":271,"column":6},"end":{"line":273,"column":7}}]},"29":{"loc":{"start":{"line":271,"column":10},"end":{"line":271,"column":74}},"type":"binary-expr","locations":[{"start":{"line":271,"column":10},"end":{"line":271,"column":37}},{"start":{"line":271,"column":41},"end":{"line":271,"column":74}}]},"30":{"loc":{"start":{"line":285,"column":4},"end":{"line":285,"column":60}},"type":"if","locations":[{"start":{"line":285,"column":4},"end":{"line":285,"column":60}}]},"31":{"loc":{"start":{"line":285,"column":8},"end":{"line":285,"column":43}},"type":"binary-expr","locations":[{"start":{"line":285,"column":8},"end":{"line":285,"column":14}},{"start":{"line":285,"column":18},"end":{"line":285,"column":43}}]},"32":{"loc":{"start":{"line":287,"column":26},"end":{"line":287,"column":61}},"type":"binary-expr","locations":[{"start":{"line":287,"column":26},"end":{"line":287,"column":39}},{"start":{"line":287,"column":43},"end":{"line":287,"column":61}}]},"33":{"loc":{"start":{"line":290,"column":11},"end":{"line":290,"column":45}},"type":"binary-expr","locations":[{"start":{"line":290,"column":11},"end":{"line":290,"column":21}},{"start":{"line":290,"column":25},"end":{"line":290,"column":32}},{"start":{"line":290,"column":36},"end":{"line":290,"column":45}}]},"34":{"loc":{"start":{"line":297,"column":4},"end":{"line":297,"column":33}},"type":"if","locations":[{"start":{"line":297,"column":4},"end":{"line":297,"column":33}}]},"35":{"loc":{"start":{"line":308,"column":16},"end":{"line":308,"column":53}},"type":"binary-expr","locations":[{"start":{"line":308,"column":16},"end":{"line":308,"column":27}},{"start":{"line":308,"column
[...]
0":{"start":{"line":350,"column":8},"end":{"line":355,"column":9}},"151":{"start":{"line":351,"column":28},"end":{"line":352,"column":null}},"152":{"start":{"line":354,"column":10},"end":{"line":354,"column":35}},"153":{"start":{"line":358,"column":47},"end":{"line":358,"column":49}},"154":{"start":{"line":359,"column":6},"end":{"line":368,"column":7}},"155":{"start":{"line":360,"column":8},"end":{"line":367,"column":9}},"156":{"start":{"line":361,"column":26},"end":{"line":361,"column":75}},"157":{"start":{"line":362,"column":10},"end":{"line":364,"column":11}},"158":{"start":{"line":363,"column":12},"end":{"line":363,"column":45}},"159":{"start":{"line":366,"column":10},"end":{"line":366,"column":19}},"160":{"start":{"line":370,"column":6},"end":{"line":372,"column":9}},"161":{"start":{"line":371,"column":8},"end":{"line":371,"column":44}},"162":{"start":{"line":374,"column":6},"end":{"line":374,"column":37}},"163":{"start":{"line":376,"column":6},"end":{"line":380,"column":9}},"164":{"start":{"line":385,"column":4},"end":{"line":387,"column":5}},"165":{"start":{"line":386,"column":6},"end":{"line":386,"column":73}},"166":{"start":{"line":389,"column":4},"end":{"line":404,"column":5}},"167":{"start":{"line":390,"column":23},"end":{"line":390,"column":47}},"168":{"start":{"line":391,"column":6},"end":{"line":391,"column":44}},"169":{"start":{"line":392,"column":23},"end":{"line":395,"column":null}},"170":{"start":{"line":397,"column":35},"end":{"line":397,"column":63}},"171":{"start":{"line":398,"column":6},"end":{"line":398,"column":50}},"172":{"start":{"line":400,"column":6},"end":{"line":403,"column":9}},"173":{"start":{"line":408,"column":4},"end":{"line":410,"column":5}},"174":{"start":{"line":409,"column":6},"end":{"line":409,"column":73}},"175":{"start":{"line":412,"column":4},"end":{"line":428,"column":5}},"176":{"start":{"line":413,"column":23},"end":{"line":413,"column":47}},"177":{"start":{"line":414,"column":6},"end":{"line":414,"column":44}},"178":{"start":{"line":415,"column":23},"end":{"line":418,"column":null}},"179":{"start":{"line":420,"column":21},"end":{"line":420,"column":44}},"180":{"start":{"line":421,"column":21},"end":{"line":421,"column":44}},"181":{"start":{"line":422,"column":6},"end":{"line":422,"column":30}},"182":{"start":{"line":424,"column":6},"end":{"line":427,"column":9}},"183":{"start":{"line":435,"column":4},"end":{"line":439,"column":5}},"184":{"start":{"line":436,"column":6},"end":{"line":438,"column":9}},"185":{"start":{"line":441,"column":4},"end":{"line":467,"column":5}},"186":{"start":{"line":442,"column":26},"end":{"line":442,"column":70}},"187":{"start":{"line":443,"column":26},"end":{"line":443,"column":70}},"188":{"start":{"line":445,"column":26},"end":{"line":447,"column":null}},"189":{"start":{"line":449,"column":6},"end":{"line":451,"column":7}},"190":{"start":{"line":450,"column":8},"end":{"line":450,"column":20}},"191":{"start":{"line":453,"column":26},"end":{"line":455,"column":null}},"192":{"start":{"line":457,"column":6},"end":{"line":459,"column":7}},"193":{"start":{"line":458,"column":8},"end":{"line":458,"column":20}},"194":{"start":{"line":461,"column":6},"end":{"line":461,"column":19}},"195":{"start":{"line":463,"column":6},"end":{"line":466,"column":9}},"196":{"start":{"line":471,"column":4},"end":{"line":471,"column":47}},"197":{"start":{"line":475,"column":4},"end":{"line":475,"column":53}},"198":{"start":{"line":479,"column":40},"end":{"line":479,"column":42}},"199":{"start":{"line":481,"column":4},"end":{"line":496,"column":5}},"200":{"start":{"line":482,"column":24},"end":{"line":482,"column":58}},"201":{"start":{"line":483,"column":6},"end":{"line":495,"column":7}},"202":{"start":{"line":484,"column":8},"end":{"line":492,"column":9}},"203":{"start":{"line":485,"column":27},"end":{"line":485,"column":51}},"204":{"start":{"line":486,"column":10},"end":{"line":489,"column":11}},"205":{"start":{"line":487,"column":32},"end":{"line":487,"column":63}},"206":{"start":{"line":488,"column":12},"end":{"line":488,"column":58}},"207":{"start":{"line":491,"column":10},"end":{"line":491,"column":44}},"208":{"start":{"line":494,"column":8},"end":{"line":494,"column":42}},"209":{"start":{"line":498,"column":4},"end":{"line":498,"column":18}},"210":{"start":{"line":62,"column":0},"end":{"line":62,"column":13}},"211":{"start":{"line":502,"column":46},"end":{"line":502,"column":50}},"212":{"start":{"line":505,"column":2},"end":{"line":507,"column":3}},"213":{"start":{"line":506,"column":4},"end":{"line":506,"column":64}},"214":{"start":{"line":508,"column":2},"end":{"line":508,"column":29}},"215":{"start":{"line":511,"column":0},"end":{"line":511,"column":27}}},"fnMap":{"0":{"name":"(anonymous_1)","decl":{"start":{"line":34,"column":2},"end":{"line":34,"column":14}},"loc":{"start":{"line":34,"column":48},"end":{"line":36,"column":3}}},"1":{"name":"(anonymous_2)","decl":{"start":{"line":38,"column":2},"end":{"line":38,"column":7}},"loc":{"start":{"line":38,"column":20},"end":{"line":56,"column":3}}},"2":{"name":"(anonymous_3)","decl":{"start":{"line":43,"column":6},"end":{"line":43,"column":7}},"loc":{"start":{"line":43,"column":14},"end":{"line":43,"column":31}}},"3":{"name":"(anonymous_4)","decl":{"start":{"line":51,"column":26},"end":{"line":51,"column":27}},"loc":{"start":{"line":51,"column":39},"end":{"line":51,"column":68}}},"4":{"name":"(anonymous_5)","decl":{"start":{"line":77,"column":2},"end":{"line":77,"column":14}},"loc":{"start":{"line":77,"column":48},"end":{"line":83,"column":3}}},"5":{"name":"(anonymous_6)","decl":{"start":{"line":85,"column":10},"end":{"line":85,"column":36}},"loc":{"start":{"line":85,"column":36},"end":{"line":89,"column":3}}},"6":{"name":"(anonymous_7)","decl":{"start":{"line":91,"column":2},"end":{"line":91,"column":13}},"loc":{"start":{"line":91,"column":39},"end":{"line":112,"column":3}}},"7":{"name":"(anonymous_8)","decl":{"start":{"line":114,"column":2},"end":{"line":114,"column":13}},"loc":{"start":{"line":114,"column":26},"end":{"line":116,"column":3}}},"8":{"name":"(anonymous_9)","decl":{"start":{"line":118,"column":2},"end":{"line":118,"column":19}},"loc":{"start":{"line":118,"column":19},"end":{"line":131,"column":3}}},"9":{"name":"(anonymous_10)","decl":{"start":{"line":133,"column":2},"end":{"line":133,"column":23}},"loc":{"start":{"line":133,"column":23},"end":{"line":135,"column":3}}},"10":{"name":"(anonymous_11)","decl":{"start":{"line":137,"column":2},"end":{"line":137,"column":7}},"loc":{"start":{"line":137,"column":56},"end":{"line":175,"column":3}}},"11":{"name":"(anonymous_12)","decl":{"start":{"line":169,"column":28},"end":{"line":169,"column":29}},"loc":{"start":{"line":169,"column":41},"end":{"line":169,"column":67}}},"12":{"name":"(anonymous_13)","decl":{"start":{"line":177,"column":2},"end":{"line":177,"column":7}},"loc":{"start":{"line":177,"column":30},"end":{"line":199,"column":3}}},"13":{"name":"(anonymous_14)","decl":{"start":{"line":201,"column":2},"end":{"line":201,"column":7}},"loc":{"start":{"line":201,"column":42},"end":{"line":230,"column":3}}},"14":{"name":"(anonymous_15)","decl":{"start":{"line":219,"column":28},"end":{"line":219,"column":29}},"loc":{"start":{"line":219,"column":41},"end":{"line":219,"column":67}}},"15":{"name":"(anonymous_16)","decl":{"start":{"line":232,"column":2},"end":{"line":232,"column":7}},"loc":{"start":{"line":232,"column":19},"end":{"line":243,"column":3}}},"16":{"name":"(anonymous_17)","decl":{"start":{"line":245,"column":2},"end":{"line":245,"column":7}},"loc":{"start":{"line":245,"column":45},"end":{"line":266,"column":3}}},"17":{"name":"(anonymous_18)","decl":{"start":{"line":268,"column":2},"end":{"line":268,"column":7}},"loc":{"start":{"line":268,"column":48},"end":{"line":289,"column":3}}},"18":{"name":"(anonymous_19)","decl":{"start":{"line":291,"column":2},"end":{"line":291,"column":7}},"loc":{"start":{"line":293,"column":26},"end":{"line":319,"column":3}}},"19":{"name":"(anonymous_20)","decl":{"start":{"line":321,"column":2},"end":{"line":321,"column":7}},"loc":{"start":{"line":324,"column":22},"end":{"line":382,"column":3}}},"20":{"name":"(anonymous_21)","decl":{"start":{"line":370,"column":19},"end":{"line":370,"column":20}},"loc":{"start":{"line":370,"column":50},"end":{"line":372,"column":7}}},"21":{"name":"(anonymous_22)","decl":{"start":{"line":384,"column":2},"end":{"line":384,"column":7}},"loc":{"start":{"line":384,"column":48},"end":{"line":405,"column":3}}},"22":{"name":"(anonymous_23)","decl":{"start":{"line":407,"column":2},"end":{"line":407,"column":7}},"loc":{"start":{"line":407,"column":46},"end":{"line":429,"column":3}}},"23":{"name":"(anonymous_24)","decl":{"start":{"line":431,"column":2},"end":{"line":431,"column":7}},"loc":{"start":{"line":433,"column":29},"end":{"line":468,"column":3}}},"24":{"name":"(anonymous_25)","decl":{"start":{"line":470,"column":10},"end":{"line":470,"column":24}},"loc":{"start":{"line":470,"column":40},"end":{"line":472,"column":3}}},"25":{"name":"(anonymous_26)","decl":{"start":{"line":474,"column":10},"end":{"line":474,"column":17}},"loc":{"start":{"line":474,"column":29},"end":{"line":476,"column":3}}},"26":{"name":"(anonymous_27)","decl":{"start":{"line":478,"column":2},"end":{"line":478,"column":7}},"loc":{"start":{"line":478,"column":25},"end":{"line":499,"column":3}}},"27":{"name":"getRPCProvider","decl":{"start":{"line":504,"column":16},"end":{"line":504,"column":30}},"loc":{"start":{"line":504,"column":60},"end":{"line":509,"column":1}}}},"branchMap":{"0":{"loc":{"start":{"line":34,"column":14},"end":{"line":34,"column":48}},"type":"default-arg","locations":[{"start":{"line":34,"column":45},"end":{"line":34,"column":48}}]},"1":{"loc":{"start":{"line":46,"column":4},"end":{"line":53,"column":5}},"type":"if","locations":[{"start":{"line":46,"column":4},"end":{"line":53,"column":5}}]},"2":{"loc":{"start":{"line":49,"column":6},"end":{"line":52,"column":7}},"type":"if","locations":[{"start":{"line":49,"column":6},"end":{"line":52,"column":7}}]},"3":{"loc":{"start":{"line":77,"column":14},"end":{"line":77,"column":48}},"type":"default-arg","locations":[{"start":{"line":77,"column":45},"end":{"line":77,"column":48}}]},"4":{"loc":{"start":{"line":69,"column":13},"end":{"line":69,"column":88}},"type":"binary-expr","locations":[{"start":{"line":69,"column":13},"end":{"line":69,"column":40}},{"start":{"line":69,"column":44},"end":{"line":69,"column":88}}]},"5":{"loc":{"start":{"line":70,"column":12},"end":{"line":70,"column":82}},"type":"binary-expr","locations":[{"start":{"line":70,"column":12},"end":{"line":70,"column":38}},{"start":{"line":70,"column":42},"end":{"line":70,"column":82}}]},"6":{"loc":{"start":{"line":71,"column":10},"end":{"line":71,"column":65}},"type":"binary-expr","locations":[{"start":{"line":71,"column":10},"end":{"line":71,"column":34}},{"start":{"line":71,"column":38},"end":{"line":71,"column":65}}]},"7":{"loc":{"start":{"line":73,"column":6},"end":{"line":74,"column":50}},"type":"binary-expr","locations":[{"start":{"line":73,"column":6},"end":{"line":73,"column":35}},{"start":{"line":74,"column":6},"end":{"line":74,"column":50}}]},"8":{"loc":{"start":{"line":92,"column":4},"end":{"line":94,"column":5}},"type":"if","locations":[{"start":{"line":92,"column":4},"end":{"line":94,"column":5}}]},"9":{"loc":{"start":{"line":92,"column":8},"end":{"line":92,"column":39}},"type":"binary-expr","locations":[{"start":{"line":92,"column":8},"end":{"line":92,"column":12}},{"start":{"line":92,"column":16},"end":{"line":92,"column":39}}]},"10":{"loc":{"start":{"line":101,"column":6},"end":{"line":104,"column":7}},"type":"if","locations":[{"start":{"line":101,"column":6},"end":{"line":104,"column":7}}]},"11":{"loc":{"start":{"line":119,"column":4},"end":{"line":121,"column":5}},"type":"if","locations":[{"start":{"line":119,"column":4},"end":{"line":121,"column":5}}]},"12":{"loc":{"start":{"line":124,"column":4},"end":{"line":128,"column":5}},"type":"if","locations":[{"start":{"line":124,"column":4},"end":{"line":128,"column":5}}]},"13":{"loc":{"start":{"line":134,"column":11},"end":{"line":134,"column":44}},"type":"binary-expr","locations":[{"start":{"line":134,"column":11},"end":{"line":134,"column":34}},{"start":{"line":134,"column":38},"end":{"line":134,"column":44}}]},"14":{"loc":{"start":{"line":137,"column":37},"end":{"line":137,"column":56}},"type":"default-arg","locations":[{"start":{"line":137,"column":55},"end":{"line":137,"column":56}}]},"15":{"loc":{"start":{"line":139,"column":4},"end":{"line":142,"column":5}},"type":"if","locations":[{"start":{"line":139,"column":4},"end":{"line":142,"column":5}}]},"16":{"loc":{"start":{"line":150,"column":8},"end":{"line":157,"column":9}},"type":"if","locations":[{"start":{"line":150,"column":8},"end":{"line":157,"column":9}}]},"17":{"loc":{"start":{"line":167,"column":8},"end":{"line":170,"column":9}},"type":"if","locations":[{"start":{"line":167,"column":8},"end":{"line":170,"column":9}}]},"18":{"loc":{"start":{"line":180,"column":6},"end":{"line":180,"column":35}},"type":"binary-expr","locations":[{"start":{"line":180,"column":6},"end":{"line":180,"column":29}},{"start":{"line":180,"column":33},"end":{"line":180,"column":35}}]},"19":{"loc":{"start":{"line":187,"column":6},"end":{"line":187,"column":59}},"type":"if","locations":[{"start":{"line":187,"column":6},"end":{"line":187,"column":59}}]},"20":{"loc":{"start":{"line":190,"column":6},"end":{"line":194,"column":7}},"type":"if","locations":[{"start":{"line":190,"column":6},"end":{"line":194,"column":7}}]},"21":{"loc":{"start":{"line":201,"column":23},"end":{"line":201,"column":42}},"type":"default-arg","locations":[{"start":{"line":201,"column":41},"end":{"line":201,"column":42}}]},"22":{"loc":{"start":{"line":211,"column":8},"end":{"line":225,"column":9}},"type":"if","locations":[{"start":{"line":211,"column":8},"end":{"line":225,"column":9}},{"start":{"line":220,"column":15},"end":{"line":225,"column":9}}]},"23":{"loc":{"start":{"line":213,"column":10},"end":{"line":217,"column":11}},"type":"if","locations":[{"start":{"line":213,"column":10},"end":{"line":217,"column":11}}]},"24":{"loc":{"start":{"line":237,"column":13},"end":{"line":237,"column":35}},"type":"binary-expr","locations":[{"start":{"line":237,"column":13},"end":{"line":237,"column":29}},{"start":{"line":237,"column":33},"end":{"line":237,"column":35}}]},"25":{"loc":{"start":{"line":246,"column":4},"end":{"line":248,"column":5}},"type":"if","locations":[{"start":{"line":246,"column":4},"end":{"line":248,"column":5}}]},"26":{"loc":{"start":{"line":269,"column":4},"end":{"line":271,"column":5}},"type":"if","locations":[{"start":{"line":269,"column":4},"end":{"line":271,"column":5}}]},"27":{"loc":{"start":{"line":295,"column":4},"end":{"line":297,"column":5}},"type":"if","locations":[{"start":{"line":295,"column":4},"end":{"line":297,"column":5}}]},"28":{"loc":{"start":{"line":298,"column":4},"end":{"line":300,"column":5}},"type":"if","locations":[{"start":{"line":298,"column":4},"end":{"line":300,"column":5}}]},"29":{"loc":{"start":{"line":323,"column":4},"end":{"line":323,"column":30}},"type":"default-arg","locations":[{"start":{"line":323,"column":25},"end":{"line":323,"column":30}}]},"30":{"loc":{"start":{"line":324,"column":4},"end":{"line":324,"column":22}},"type":"default-arg","locations":[{"start":{"line":324,"column":20},"end":{"line":324,"column":22}}]},"31":{"loc":{"start":{"line":326,"column":4},"end":{"line":328,"column":5}},"type":"if","locations":[{"start":{"line":326,"column":4},"end":{"line":328,"column":5}}]},"32":{"loc":{"start":{"line":350,"column":8},"end":{"line":355,"column":9}},"type":"if","locations":[{"start":{"line":350,"column":8},"end":{"line":355,"column":9}}]},"33":{"loc":{"start":{"line":362,"column":10},"end":{"line":364,"column":11}},"type":"if","locations":[{"start":{"line":362,"column":10},"end":{"line":364,"column":11}}]},"34":{"loc":{"start":{"line":371,"column":15},"end":{"line":371,"column":43}},"type":"cond-expr","locations":[{"start":{"line":371,"column":37},"end":{"line":371,"column":38}},{"start":{"line":371,"column":41},"end":{"line":371,"column":43}}]},"35":{"loc":{"start":{"line":385,"column":4},"end":{"line":387,"column":5}},"type":"if","locations":[{"start":{"line":385,"column":4},"end":{"line":387,"column":5}}]},"36":{"loc":{"start":{"line":408,"column":4},"end":{"line":410,"column":5}},"type":"if","locations":[{"start":{"line":408,"column":4},"end":{"line":410,"column":5}}]},"37":{"loc":{"start":{"line":433,"column":4},"end":{"line":433,"column":29}},"type":"default-arg","locations":[{"start":{"line":433,"column":24},"end":{"line":433,"column":29}}]},"38":{"loc":{"start":{"line":435,"column":4},"end":{"line":439,"column":5}},"type":"if","locations":[{"start":{"line":435,"column":4},"end":{"line":439,"column":5}}]},"39":{"loc":{"start":{"line":449,"column":6},"end":{"line":451,"column":7}},"type":"if","locations":[{"start":{"line":449,"column":6},"end":{"line":451,"column":7}}]},"40":{"loc":{"start":{"line":457,"column":6},"end":{"line":459,"column":7}},"type":"if","locations":[{"start":{"line":457,"column":6},"end":{"line":459,"column":7}}]},"41":{"loc":{"start":{"line":483,"column":6},"end":{"line":495,"column":7}},"type":"if","locations":[{"start":{"line":483,"column":6},"end":{"line":495,"column":7}},{"start":{"line":493,"column":13},"end":{"line":495,"column":7}}]},"42":{"loc":{"start":{"line":486,"column":10},"end":{"line":489,"column":11}},"type":"if","locations":[{"start":{"line":486,"column":10},"end":{"line":489,"column":11}}]},"43":{"loc":{"start":{"line":505,"column":2},"end":{"line":507,"column":3}},"type":"if","locations":[{"start":{"line":505,"column":2},"end":{"line":507,"column":3}}]}},"s":{"0":1,"1":1,"2":1,"3":1,"4":1,"5":1,"6":4,"7":4,"8":4,"9":4,"10":4,"11":3,"12":4,"13":0,"14":0,"15":0,"16":0,"17":0,"18":0,"19":4,"20":1,"21":0,"22":0,"23":0,"24":0,"25":0,"26":0,"27":0,"28":0,"29":0,"30":0,"31":0,"32":0,"33":0,"34":0,"35":0,"36":0,"37":0,"38":0,"39":0,"40":0,"41":0,"42":0,"43":0,"44":0,"45":0,"46":0,"47":0,"48":0,"49":0,"50":0,"51":0,"52":0,"53":0,"54":0,"55":0,"56":0,"57":0,"58":0,"59":0,"60":0,"61":0,"62":0,"63":0,"64":0,"65":0,"66":0,"67":0,"68":0,"69":0,"70":0,"71":0,"72":0,"73":0,"74":0,"75":0,"76":0,"77":0,"78":0,"79":0,"80":0,"81":0,"82":0,"83":0,"84":0,"85":0,"86":0,"87":0,"88":0,"89":0,"90":0,"91":0,"92":0,"93":0,"94":0,"95":0,"96":0,"97":0,"98":0,"99":0,"100":0,"101":0,"102":0,"103":0,"104":0,"105":0,"106":0,"107":0,"108":0,"109":0,"110":0,"111":0,"112":0,"113":0,"114":0,"115":0,"116":0,"117":0,"118":0,"119":0,"120":0,"121":0,"122":0,"123":0,"124":0,"125":0,"126":0,"127":0,"128":0,"129":0,"130":0,"131":0,"132":0,"133":0,"134":0,"135":0,"136":0,"137":0,"138":0,"139":0,"140":0,"141":0,"142":0,"143":0,"144":0,"145":0,"146":0,"147":0,"148":0,"149":0,"150":0,"151":0,"152":0,"153":0,"154":0,"155":0,"156":0,"157":0,"158":0,"159":0,"160":0,"161":0,"162":0,"163":0,"164":0,"165":0,"166":0,"167":0,"168":0,"169":0,"170":0,"171":0,"172":0,"173":0,"174":0,"175":0,"176":0,"177":0,"178":0,"179":0,"180":0,"181":0,"182":0,"183":0,"184":0,"185":0,"186":0,"187":0,"188":0,"189":0,"190":0,"191":0,"192":0,"193":0,"194":0,"195":0,"196":0,"197":0,"198":0,"199":0,"200":0,"201":0,"202":0,"203":0,"204":0,"205":0,"206":0,"207":0,"208":0,"209":0,"210":1,"211":1,"212":0,"213":0,"214":0,"215":1},"f":{"0":4,"1":4,"2":3,"3":0,"4":0,"5":0,"6":0,"7":0,"8":0,"9":0,"10":0,"11":0,"12":0,"13":0,"14":0,"15":0,"16":0,"17":0,"18":0,"19":0,"20":0,"21":0,"22":0,"23":0,"24":0,"25":0,"26":0,"27":0},"b":{"0":[1],"1":[0],"2":[0],"3":[0],"4":[0,0],"5":[0,0],"6":[0,0],"7":[0,0],"8":[0],"9":[0,0],"10":[0],"11":[0],"12":[0],"13":[0,0],"14":[0],"15":[0],"16":[0],"17":[0],"18":[0,0],"19":[0],"20":[0],"21":[0],"22":[0,0],"23":[0],"24":[0,0],"25":[0],"26":[0],"27":[0],"28":[0],"29":[0],"30":[0],"31":[0],"32":[0],"33":[0],"34":[0,0],"35":[0],"36":[0],"37":[0],"38":[0],"39":[0],"40":[0],"41":[0,0],"42":[0],"43":[0]}}
}
