{"/home/drix/.openclaw/workspace/memecoin-bot-project/src/analyzers/index.ts": {"path":"/home/drix/.openclaw/workspace/memecoin-bot-project/src/analyzers/index.ts","statementMap":{"0":{"start":{"line":1,"column":0},"end":{"line":1,"column":37}},"1":{"start":{"line":13,"column":4},"end":{"line":16,"column":7}},"2":{"start":{"line":18,"column":23},"end":{"line":18,"column":58}},"3":{"start":{"line":19,"column":4},"end":{"line":26,"column":5}},"4":{"start":{"line":20,"column":6},"end":{"line":25,"column":8}},"5":{"start":{"line":28,"column":26},"end":{"line":28,"column":78}},"6":{"start":{"line":28,"column":56},"end":{"line":28,"column":74}},"7":{"start":{"line":29,"column":25},"end":{"line":29,"column":55}},"8":{"start":{"line":31,"column":16},"end":{"line":31,"column":19}},"9":{"start":{"line":32,"column":32},"end":{"line":32,"column":34}},"10":{"start":{"line":35,"column":4},"end":{"line":43,"column":5}},"11":{"start":{"line":36,"column":6},"end":{"line":36,"column":18}},"12":{"start":{"line":37,"column":6},"end":{"line":37,"column":60}},"13":{"start":{"line":38,"column":11},"end":{"line":43,"column":5}},"14":{"start":{"line":39,"column":6},"end":{"line":39,"column":18}},"15":{"start":{"line":40,"column":6},"end":{"line":40,"column":66}},"16":{"start":{"line":41,"column":11},"end":{"line":43,"column":5}},"17":{"start":{"line":42,"column":6},"end":{"line":42,"column":18}},"18":{"start":{"line":45,"column":4},"end":{"line":51,"column":5}},"19":{"start":{"line":46,"column":6},"end":{"line":46,"column":18}},"20":{"start":{"line":47,"column":6},"end":{"line":47,"column":75}},"21":{"start":{"line":48,"column":11},"end":{"line":51,"column":5}},"22":{"start":{"line":49,"column":6},"end":{"line":49,"column":18}},"23":{"start":{"line":50,"column":6},"end":{"line":50,"column":73}},"24":{"start":{"line":53,"column":4},"end":{"line":58,"column":6}},"25":{"start":{"line":11,"column":0},"end":{"line":11,"column":13}},"26":{"start":{"line":73,"column":4},"end":{"line":73,"column":66}},"27":{"start":{"line":77,"column":16},"end":{"line":77,"column":26}},"28":{"start":{"line":78,"column":24},"end":{"line":78,"column":40}},"29":{"start":{"line":79,"column":26},"end":{"line":79,"column":61}},"30":{"start":{"line":81,"column":16},"end":{"line":81,"column":18}},"31":{"start":{"line":82,"column":32},"end":{"line":82,"column":34}},"32":{"start":{"line":83,"column":32},"end":{"line":83,"column":34}},"33":{"start":{"line":85,"column":4},"end":{"line":94,"column":5}},"34":{"start":{"line":86,"column":6},"end":{"line":86,"column":18}},"35":{"start":{"line":87,"column":6},"end":{"line":87,"column":79}},"36":{"start":{"line":88,"column":11},"end":{"line":94,"column":5}},"37":{"start":{"line":89,"column":6},"end":{"line":89,"column":18}},"38":{"start":{"line":90,"column":6},"end":{"line":90,"column":78}},"39":{"start":{"line":91,"column":11},"end":{"line":94,"column":5}},"40":{"start":{"line":92,"column":6},"end":{"line":92,"column":18}},"41":{"start":{"line":93,"column":6},"end":{"line":93,"column":81}},"42":{"start":{"line":96,"column":4},"end":{"line":103,"column":6}},"43":{"start":{"line":71,"column":0},"end":{"line":71,"column":13}},"44":{"start":{"line":121,"column":4},"end":{"line":125,"column":7}},"45":{"start":{"line":127,"column":16},"end":{"line":127,"column":18}},"46":{"start":{"line":128,"column":32},"end":{"line":128,"column":34}},"47":{"start":{"line":129,"column":32},"end":{"line":129,"column":34}},"48":{"start":{"line":131,"column":4},"end":{"line":137,"column":5}},"49":{"start":{"line":132,"column":6},"end":{"line":132,"column":18}},"50":{"start":{"line":133,"column":6},"end":{"line":133,"column":72}},"51":{"start":{"line":135,"column":6},"end":{"line":135,"column":44}},"52":{"start":{"line":136,"column":6},"end":{"line":136,"column":18}},"53":{"start":{"line":139,"column":4},"end":{"line":148,"column":5}},"54":{"start":{"line":140,"column":6},"end":{"line":140,"column":18}},"55":{"start":{"line":141,"column":6},"end":{"line":141,"column":49}},"56":{"start":{"line":142,"column":11},"end":{"line":148,"column":5}},"57":{"start":{"line":143,"column":6},"end":{"line":143,"column":18}},"58":{"start":{"line":144,"column":6},"end":{"line":144,"column":70}},"59":{"start":{"line":145,"column":11},"end":{"line":148,"column":5}},"60":{"start":{"line":146,"column":6},"end":{"line":146,"column":18}},"61":{"start":{"line":147,"column":6},"end":{"line":147,"column":78}},"62":{"start":{"line":150,"column":4},"end":{"line":156,"column":6}},"63":{"start":{"line":115,"column":0},"end":{"line":115,"column":13}}},"fnMap":{"0":{"name":"(anonymous_1)","decl":{"start":{"line":12,"column":2},"end":{"line":12,"column":16}},"loc":{"start":{"line":12,"column":46},"end":{"line":59,"column":3}}},"1":{"name":"(anonymous_2)","decl":{"start":{"line":28,"column":44},"end":{"line":28,"column":45}},"loc":{"start":{"line":28,"column":56},"end":{"line":28,"column":74}}},"2":{"name":"(anonymous_3)","decl":{"start":{"line":72,"column":2},"end":{"line":72,"column":7}},"loc":{"start":{"line":72,"column":65},"end":{"line":104,"column":3}}},"3":{"name":"(anonymous_4)","decl":{"start":{"line":116,"column":2},"end":{"line":116,"column":18}},"loc":{"start":{"line":119,"column":21},"end":{"line":157,"column":3}}}},"branchMap":{"0":{"loc":{"start":{"line":19,"column":4},"end":{"line":26,"column":5}},"type":"if","locations":[{"start":{"line":19,"column":4},"end":{"line":26,"column":5}}]},"1":{"loc":{"start":{"line":29,"column":25},"end":{"line":29,"column":55}},"type":"binary-expr","locations":[{"start":{"line":29,"column":25},"end":{"line":29,"column":50}},{"start":{"line":29,"column":54},"end":{"line":29,"column":55}}]},"2":{"loc":{"start":{"line":35,"column":4},"end":{"line":43,"column":5}},"type":"if","locations":[{"start":{"line":35,"column":4},"end":{"line":43,"column":5}},{"start":{"line":38,"column":11},"end":{"line":43,"column":5}}]},"3":{"loc":{"start":{"line":38,"column":11},"end":{"line":43,"column":5}},"type":"if","locations":[{"start":{"line":38,"column":11},"end":{"line":43,"column":5}},{"start":{"line":41,"column":11},"end":{"line":43,"column":5}}]},"4":{"loc":{"start":{"line":41,"column":11},"end":{"line":43,"column":5}},"type":"if","locations":[{"start":{"line":41,"column":11},"end":{"line":43,"column":5}}]},"5":{"loc":{"start":{"line":45,"column":4},"end":{"line":51,"column":5}},"type":"if","locations":[{"start":{"line":45,"column":4},"end":{"line":51,"column":5}},{"start":{"line":48,"column":11},"end":{"line":51,"column":5}}]},"6":{"loc":{"start":{"line":48,"column":11},"end":{"line":51,"column":5}},"type":"if","locations":[{"start":{"line":48,"column":11},"end":{"line":51,"column":5}}]},"7":{"loc":{"start":{"line":85,"column":4},"end":{"line":94,"column":5}},"type":"if","locations":[{"start":{"line":85,"column":4},"end":{"line":94,"column":5}},{"start":{"line":88,"column":11},"end":{"line":94,"column":5}}]},"8":{"loc":{"start":{"line":88,"column":11},"end":{"line":94,"column":5}},"type":"if","locations":[{"start":{"line":88,"column":11},"end":{"line":94,"column":5}},{"start":{"line":91,"column":11},"end":{"line":94,"column":5}}]},"9":{"loc":{"start":{"line":91,"column":11},"end":{"line":94,"column":5}},"type":"if","locations":[{"start":{"line":91,"column":11},"end":{"line":94,"column":5}}]},"10":{"loc":{"start":{"line":131,"column":4},"end":{"line":137,"column":5}},"type":"if","locations":[{"start":{"line":131,"column":4},"end":{"line":137,"column":5}},{"start":{"line":134,"column":11},"end":{"line":137,"column":5}}]},"11":{"loc":{"start":{"line":139,"column":4},"end":{"line":148,"column":5}},"type":"if","locations":[{"start":{"line":139,"column":4},"end":{"line":148,"column":5}},{"start":{"line":142,"column":11},"end":{"line":148,"column":5}}]},"12":{"loc":{"start":{"line":142,"column":11},"end":{"line":148,"column":5}},"type":"if","locations":[{"start":{"line":142,"column":11},"end":{"line":148,"column":5}},{"start":{"line":145,"column":11},"end":{"line":148,"column":5}}]},"13":{"loc":{"start":{"line":145,"column":11},"end":{"line":148,"column":5}},"type":"if","locations":[{"start":{"line":145,"column":11},"end":{"line":148,"column":5}}]},"14":{"loc":{"start":{"line":153,"column":23},"end":{"line":153,"column":43}},"type":"binary-expr","locations":[{"start":{"line":153,"column":23},"end":{"line":153,"column":38}},{"start":{"line":153,"column":42},"end":{"line":153,"column":43}}]}},"s":{"0":1,"1":3,"2":3,"3":3,"4":1,"5":2,"6":20,"7":2,"8":2,"9":2,"10":2,"11":1,"12":1,"13":1,"14":0,"15":0,"16":1,"17":0,"18":2,"19":1,"20":1,"21":1,"22":0,"23":0,"24":2,"25":1,"26":2,"27":2,"28":2,"29":2,"30":2,"31":2,"32":2,"33":2,"34":1,"35":1,"36":1,"37":0,"38":0,"39":1,"40":1,"41":1,"42":2,"43":1,"44":4,"45":4,"46":4,"47":4,"48":4,"49":1,"50":1,"51":3,"52":3,"53":4,"54":0,"55":0,"56":4,"57":1,"58":1,"59":3,"60":1,"61":1,"62":4,"63":1},"f":{"0":3,"1":20,"2":2,"3":4},"b":{"0":[1],"1":[2,0],"2":[1,1],"3":[0,1],"4":[0],"5":[1,1],"6":[0],"7":[1,1],"8":[0,1],"9":[1],"10":[1,3],"11":[0,4],"12":[1,3],"13":[1],"14":[4,0]}}
,"/home/drix/.openclaw/workspace/memecoin-bot-project/src/scoring/score-engine.ts": {"path":"/home/drix/.openclaw/workspace/memecoin-bot-project/src/scoring/score-engine.ts","statementMap":{"0":{"start":{"line":1,"column":0},"end":{"line":1,"column":37}},"1":{"start":{"line":17,"column":13},"end":{"line":22,"column":2}},"2":{"start":{"line":31,"column":4},"end":{"line":36,"column":7}},"3":{"start":{"line":39,"column":23},"end":{"line":43,"column":null}},"4":{"start":{"line":47,"column":18},"end":{"line":51,"column":6}},"5":{"start":{"line":53,"column":22},"end":{"line":56,"column":6}},"6":{"start":{"line":59,"column":58},"end":{"line":59,"column":65}},"7":{"start":{"line":60,"column":4},"end":{"line":64,"column":5}},"8":{"start":{"line":61,"column":6},"end":{"line":61,"column":30}},"9":{"start":{"line":62,"column":11},"end":{"line":64,"column":5}},"10":{"start":{"line":63,"column":6},"end":{"line":63,"column":33}},"11":{"start":{"line":66,"column":4},"end":{"line":77,"column":6}},"12":{"start":{"line":24,"column":0},"end":{"line":24,"column":13}}},"fnMap":{"0":{"name":"(anonymous_1)","decl":{"start":{"line":25,"column":2},"end":{"line":25,"column":7}},"loc":{"start":{"line":29,"column":26},"end":{"line":78,"column":3}}}},"branchMap":{"0":{"loc":{"start":{"line":29,"column":4},"end":{"line":29,"column":26}},"type":"default-arg","locations":[{"start":{"line":29,"column":24},"end":{"line":29,"column":26}}]},"1":{"loc":{"start":{"line":60,"column":4},"end":{"line":64,"column":5}},"type":"if","locations":[{"start":{"line":60,"column":4},"end":{"line":64,"column":5}},{"start":{"line":62,"column":11},"end":{"line":64,"column":5}}]},"2":{"loc":{"start":{"line":62,"column":11},"end":{"line":64,"column":5}},"type":"if","locations":[{"start":{"line":62,"column":11},"end":{"line":64,"column":5}}]}},"s":{"0":1,"1":1,"2":5,"3":5,"4":5,"5":5,"6":5,"7":5,"8":2,"9":3,"10":2,"11":5,"12":1},"f":{"0":5},"b":{"0":[0],"1":[2,3],"2":[2]}}
,"/home/drix/.openclaw/workspace/memecoin-bot-project/src/scrapers/clanker.ts": {"path":"/home/drix/.openclaw/workspace/memecoin-bot-project/src/scrapers/clanker.ts","statementMap":{"0":{"start":{"line":1,"column":0},"end":{"line":1,"column":45}},"1":{"start":{"line":2,"column":0},"end":{"line":2,"column":37}},"2":{"start":{"line":30,"column":10},"end":{"line":30,"column":38}},"3":{"start":{"line":35,"column":4},"end":{"line":35,"column":35}},"4":{"start":{"line":36,"column":4},"end":{"line":36,"column":47}},"5":{"start":{"line":43,"column":16},"end":{"line":43,"column":26}},"6":{"start":{"line":45,"column":4},"end":{"line":45,"column":87}},"7":{"start":{"line":45,"column":57},"end":{"line":45,"column":85}},"8":{"start":{"line":47,"column":4},"end":{"line":54,"column":5}},"9":{"start":{"line":48,"column":28},"end":{"line":48,"column":48}},"10":{"start":{"line":49,"column":23},"end":{"line":49,"column":68}},"11":{"start":{"line":50,"column":6},"end":{"line":53,"column":7}},"12":{"start":{"line":51,"column":8},"end":{"line":51,"column":68}},"13":{"start":{"line":51,"column":37},"end":{"line":51,"column":66}},"14":{"start":{"line":52,"column":8},"end":{"line":52,"column":35}},"15":{"start":{"line":56,"column":4},"end":{"line":56,"column":32}},"16":{"start":{"line":68,"column":10},"end":{"line":68,"column":50}},"17":{"start":{"line":71,"column":10},"end":{"line":76,"column":4}},"18":{"start":{"line":79,"column":4},"end":{"line":79,"column":48}},"19":{"start":{"line":82,"column":4},"end":{"line":89,"column":7}},"20":{"start":{"line":98,"column":4},"end":{"line":98,"column":33}},"21":{"start":{"line":98,"column":21},"end":{"line":98,"column":33}},"22":{"start":{"line":99,"column":4},"end":{"line":99,"column":29}},"23":{"start":{"line":99,"column":19},"end":{"line":99,"column":29}},"24":{"start":{"line":101,"column":4},"end":{"line":121,"column":5}},"25":{"start":{"line":102,"column":6},"end":{"line":102,"column":68}},"26":{"start":{"line":103,"column":23},"end":{"line":103,"column":74}},"27":{"start":{"line":105,"column":6},"end":{"line":108,"column":7}},"28":{"start":{"line":106,"column":8},"end":{"line":106,"column":86}},"29":{"start":{"line":107,"column":8},"end":{"line":107,"column":18}},"30":{"start":{"line":110,"column":24},"end":{"line":112,"column":53}},"31":{"start":{"line":111,"column":25},"end":{"line":111,"column":49}},"32":{"start":{"line":112,"column":22},"end":{"line":112,"column":52}},"33":{"start":{"line":114,"column":6},"end":{"line":114,"column":88}},"34":{"start":{"line":115,"column":6},"end":{"line":115,"column":23}},"35":{"start":{"line":117,"column":6},"end":{"line":119,"column":9}},"36":{"start":{"line":120,"column":6},"end":{"line":120,"column":16}},"37":{"start":{"line":130,"column":4},"end":{"line":133,"column":5}},"38":{"start":{"line":131,"column":6},"end":{"line":131,"column":79}},"39":{"start":{"line":132,"column":6},"end":{"line":132,"column":18}},"40":{"start":{"line":135,"column":4},"end":{"line":151,"column":5}},"41":{"start":{"line":136,"column":6},"end":{"line":136,"column":65}},"42":{"start":{"line":137,"column":23},"end":{"line":137,"column":71}},"43":{"start":{"line":139,"column":6},"end":{"line":142,"column":7}},"44":{"start":{"line":140,"column":8},"end":{"line":140,"column":86}},"45":{"start":{"line":141,"column":8},"end":{"line":141,"column":20}},"46":{"start":{"line":144,"column":6},"end":{"line":144,"column":47}},"47":{"start":{"line":146,"column":6},"end":{"line":149,"column":9}},"48":{"start":{"line":150,"column":6},"end":{"line":150,"column":18}},"49":{"start":{"line":160,"column":4},"end":{"line":163,"column":5}},"50":{"start":{"line":161,"column":6},"end":{"line":161,"column":89}},"51":{"start":{"line":162,"column":6},"end":{"line":162,"column":18}},"52":{"start":{"line":165,"column":4},"end":{"line":175,"column":5}},"53":{"start":{"line":166,"column":6},"end":{"line":166,"column":66}},"54":{"start":{"line":167,"column":23},"end":{"line":167,"column":80}},"55":{"start":{"line":168,"column":6},"end":{"line":168,"column":30}},"56":{"start":{"line":170,"column":6},"end":{"line":173,"column":9}},"57":{"start":{"line":174,"column":6},"end":{"line":174,"column":18}},"58":{"start":{"line":186,"column":4},"end":{"line":186,"column":42}},"59":{"start":{"line":188,"column":34},"end":{"line":188,"column":38}},"60":{"start":{"line":190,"column":4},"end":{"line":228,"column":5}},"61":{"start":{"line":190,"column":23},"end":{"line":190,"column":24}},"62":{"start":{"line":191,"column":6},"end":{"line":227,"column":7}},"63":{"start":{"line":192,"column":8},"end":{"line":196,"column":11}},"64":{"start":{"line":198,"column":25},"end":{"line":198,"column":72}},"65":{"start":{"line":200,"column":8},"end":{"line":202,"column":9}},"66":{"start":{"line":201,"column":10},"end":{"line":201,"column":31}},"67":{"start":{"line":204,"column":8},"end":{"line":204,"column":70}},"68":{"start":{"line":206,"column":8},"end":{"line":206,"column":78}},"69":{"start":{"line":209,"column":8},"end":{"line":215,"column":9}},"70":{"start":{"line":210,"column":10},"end":{"line":213,"column":13}},"71":{"start":{"line":214,"column":10},"end":{"line":214,"column":26}},"72":{"start":{"line":218,"column":8},"end":{"line":226,"column":9}},"73":{"start":{"line":219,"column":26},"end":{"line":219,"column":61}},"74":{"start":{"line":220,"column":10},"end":{"line":224,"column":13}},"75":{"start":{"line":225,"column":10},"end":{"line":225,"column":69}},"76":{"start":{"line":225,"column":39},"end":{"line":225,"column":67}},"77":{"start":{"line":231,"column":4},"end":{"line":233,"column":6}},"78":{"start":{"line":242,"column":6},"end":{"line":243,"column":59}},"79":{"start":{"line":245,"column":19},"end":{"line":245,"column":39}},"80":{"start":{"line":246,"column":4},"end":{"line":246,"column":76}},"81":{"start":{"line":253,"column":4},"end":{"line":253,"column":47}},"82":{"start":{"line":253,"column":35},"end":{"line":253,"column":47}},"83":{"start":{"line":256,"column":4},"end":{"line":258,"column":5}},"84":{"start":{"line":257,"column":6},"end":{"line":257,"column":18}},"85":{"start":{"line":261,"column":4},"end":{"line":263,"column":5}},"86":{"start":{"line":262,"column":6},"end":{"line":262,"column":18}},"87":{"start":{"line":266,"column":4},"end":{"line":274,"column":5}},"88":{"start":{"line":267,"column":25},"end":{"line":267,"column":37}},"89":{"start":{"line":268,"column":6},"end":{"line":270,"column":7}},"90":{"start":{"line":269,"column":8},"end":{"line":269,"column":20}},"91":{"start":{"line":271,"column":6},"end":{"line":273,"column":7}},"92":{"start":{"line":272,"column":8},"end":{"line":272,"column":20}},"93":{"start":{"line":277,"column":4},"end":{"line":277,"column":16}},"94":{"start":{"line":285,"column":4},"end":{"line":285,"column":58}},"95":{"start":{"line":285,"column":45},"end":{"line":285,"column":58}},"96":{"start":{"line":287,"column":23},"end":{"line":287,"column":62}},"97":{"start":{"line":288,"column":20},"end":{"line":288,"column":32}},"98":{"start":{"line":289,"column":22},"end":{"line":289,"column":36}},"99":{"start":{"line":290,"column":4},"end":{"line":290,"column":46}},"100":{"start":{"line":297,"column":4},"end":{"line":297,"column":31}},"101":{"start":{"line":297,"column":18},"end":{"line":297,"column":31}},"102":{"start":{"line":299,"column":25},"end":{"line":299,"column":46}},"103":{"start":{"line":300,"column":4},"end":{"line":300,"column":52}},"104":{"start":{"line":307,"column":4},"end":{"line":324,"column":6}},"105":{"start":{"line":331,"column":4},"end":{"line":348,"column":5}},"106":{"start":{"line":332,"column":6},"end":{"line":332,"column":58}},"107":{"start":{"line":333,"column":23},"end":{"line":333,"column":78}},"108":{"start":{"line":334,"column":24},"end":{"line":334,"column":47}},"109":{"start":{"line":336,"column":6},"end":{"line":340,"column":7}},"110":{"start":{"line":337,"column":8},"end":{"line":337,"column":55}},"111":{"start":{"line":339,"column":8},"end":{"line":339,"column":84}},"112":{"start":{"line":342,"column":6},"end":{"line":342,"column":23}},"113":{"start":{"line":344,"column":6},"end":{"line":346,"column":9}},"114":{"start":{"line":347,"column":6},"end":{"line":347,"column":19}},"115":{"start":{"line":67,"column":0},"end":{"line":67,"column":13}}},"fnMap":{"0":{"name":"(anonymous_1)","decl":{"start":{"line":34,"column":2},"end":{"line":34,"column":14}},"loc":{"start":{"line":34,"column":71},"end":{"line":37,"column":3}}},"1":{"name":"(anonymous_2)","decl":{"start":{"line":42,"column":2},"end":{"line":42,"column":7}},"loc":{"start":{"line":42,"column":20},"end":{"line":57,"column":3}}},"2":{"name":"(anonymous_3)","decl":{"start":{"line":45,"column":49},"end":{"line":45,"column":53}},"loc":{"start":{"line":45,"column":57},"end":{"line":45,"column":85}}},"3":{"name":"(anonymous_4)","decl":{"start":{"line":51,"column":26},"end":{"line":51,"column":33}},"loc":{"start":{"line":51,"column":37},"end":{"line":51,"column":66}}},"4":{"name":"(anonymous_5)","decl":{"start":{"line":78,"column":2},"end":{"line":78,"column":null}},"loc":{"start":{"line":78,"column":2},"end":{"line":90,"column":3}}},"5":{"name":"(anonymous_6)","decl":{"start":{"line":97,"column":2},"end":{"line":97,"column":7}},"loc":{"start":{"line":97,"column":46},"end":{"line":122,"column":3}}},"6":{"name":"(anonymous_7)","decl":{"start":{"line":111,"column":16},"end":{"line":111,"column":21}},"loc":{"start":{"line":111,"column":25},"end":{"line":111,"column":49}}},"7":{"name":"(anonymous_8)","decl":{"start":{"line":112,"column":13},"end":{"line":112,"column":18}},"loc":{"start":{"line":112,"column":22},"end":{"line":112,"column":52}}},"8":{"name":"(anonymous_9)","decl":{"start":{"line":129,"column":2},"end":{"line":129,"column":7}},"loc":{"start":{"line":129,"column":44},"end":{"line":152,"column":3}}},"9":{"name":"(anonymous_10)","decl":{"start":{"line":159,"column":2},"end":{"line":159,"column":7}},"loc":{"start":{"line":159,"column":45},"end":{"line":176,"column":3}}},"10":{"name":"(anonymous_11)","decl":{"start":{"line":184,"column":10},"end":{"line":184,"column":15}},"loc":{"start":{"line":184,"column":74},"end":{"line":234,"column":3}}},"11":{"name":"(anonymous_12)","decl":{"start":{"line":225,"column":28},"end":{"line":225,"column":35}},"loc":{"start":{"line":225,"column":39},"end":{"line":225,"column":67}}},"12":{"name":"(anonymous_13)","decl":{"start":{"line":240,"column":10},"end":{"line":240,"column":31}},"loc":{"start":{"line":240,"column":47},"end":{"line":247,"column":3}}},"13":{"name":"(anonymous_14)","decl":{"start":{"line":252,"column":10},"end":{"line":252,"column":26}},"loc":{"start":{"line":252,"column":37},"end":{"line":278,"column":3}}},"14":{"name":"(anonymous_15)","decl":{"start":{"line":284,"column":10},"end":{"line":284,"column":22}},"loc":{"start":{"line":284,"column":33},"end":{"line":291,"column":3}}},"15":{"name":"(anonymous_16)","decl":{"start":{"line":296,"column":10},"end":{"line":296,"column":24}},"loc":{"start":{"line":296,"column":40},"end":{"line":301,"column":3}}},"16":{"name":"(anonymous_17)","decl":{"start":{"line":306,"column":10},"end":{"line":306,"column":28}},"loc":{"start":{"line":306,"column":37},"end":{"line":325,"column":3}}},"17":{"name":"(anonymous_18)","decl":{"start":{"line":330,"column":2},"end":{"line":330,"column":7}},"loc":{"start":{"line":330,"column":19},"end":{"line":349,"column":3}}}},"branchMap":{"0":{"loc":{"start":{"line":34,"column":14},"end":{"line":34,"column":39}},"type":"default-arg","locations":[{"start":{"line":34,"column":36},"end":{"line":34,"column":39}}]},"1":{"loc":{"start":{"line":34,"column":41},"end":{"line":34,"column":71}},"type":"default-arg","locations":[{"start":{"line":34,"column":69},"end":{"line":34,"column":71}}]},"2":{"loc":{"start":{"line":47,"column":4},"end":{"line":54,"column":5}},"type":"if","locations":[{"start":{"line":47,"column":4},"end":{"line":54,"column":5}}]},"3":{"loc":{"start":{"line":50,"column":6},"end":{"line":53,"column":7}},"type":"if","locations":[{"start":{"line":50,"column":6},"end":{"line":53,"column":7}}]},"4":{"loc":{"start":{"line":97,"column":28},"end":{"line":97,"column":46}},"type":"default-arg","locations":[{"start":{"line":97,"column":44},"end":{"line":97,"column":46}}]},"5":{"loc":{"start":{"line":98,"column":4},"end":{"line":98,"column":33}},"type":"if","locations":[{"start":{"line":98,"column":4},"end":{"line":98,"column":33}}]},"6":{"loc":{"start":{"line":99,"column":4},"end":{"line":99,"column":29}},"type":"if","locations":[{"start":{"line":99,"column":4},"end":{"line":99,"column":29}}]},"7":{"loc":{"start":{"line":105,"column":6},"end":{"line":108,"column":7}},"type":"if","locations":[{"start":{"line":105,"column":6},"end":{"line":108,"column":7}}]},"8":{"loc":{"start":{"line":118,"column":15},"end":{"line":118,"column":69}},"type":"cond-expr","locations":[{"start":{"line":118,"column":40},"end":{"line":118,"column":53}},{"start":{"line":118,"column":56},"end":{"line":118,"column":69}}]},"9":{"loc":{"start":{"line":130,"column":4},"end":{"line":133,"column":5}},"type":"if","locations":[{"start":{"line":130,"column":4},"end":{"line":133,"column":5}}]},"10":{"loc":{"start":{"line":139,"column":6},"end":{"line":142,"column":7}},"type":"if","locations":[{"start":{"line":139,"column":6},"end":{"line":142,"column":7}}]},"11":{"loc":{"start":{"line":148,"column":15},"end":{"line":148,"column":69}},"type":"cond-expr","locations":[{"start":{"line":148,"column":40},"end":{"line":148,"column":53}},{"start":{"line":148,"column":56},"end":{"line":148,"column":69}}]},"12":{"loc":{"start":{"line":160,"column":4},"end":{"line":163,"column":5}},"type":"if","locations":[{"start":{"line":160,"column":4},"end":{"line":163,"column":5}}]},"13":{"loc":{"start":{"line":168,"column":13},"end":{"line":168,"column":29}},"type":"binary-expr","locations":[{"start":{"line":168,"column":13},"end":{"line":168,"column":21}},{"start":{"line":168,"column":25},"end":{"line":168,"column":29}}]},"14":{"loc":{"start":{"line":172,"column":15},"end":{"line":172,"column":69}},"type":"cond-expr","locations":[{"start":{"line":172,"column":40},"end":{"line":172,"column":53}},{"start":{"line":172,"column":56},"end":{"line":172,"column":69}}]},"15":{"loc":{"start":{"line":200,"column":8},"end":{"line":202,"column":9}},"type":"if","locations":[{"start":{"line":200,"column":8},"end":{"line":202,"column":9}}]},"16":{"loc":{"start":{"line":200,"column":12},"end":{"line":200,"column":62}},"type":"binary-expr","locations":[{"start":{"line":200,"column":12},"end":{"line":200,"column":35}},{"start":{"line":200,"column":39},"end":{"line":200,"column":62}}]},"17":{"loc":{"start":{"line":206,"column":20},"end":{"line":206,"column":77}},"type":"cond-expr","locations":[{"start":{"line":206,"column":45},"end":{"line":206,"column":50}},{"start":{"line":206,"column":53},"end":{"line":206,"column":77}}]},"18":{"loc":{"start":{"line":209,"column":8},"end":{"line":215,"column":9}},"type":"if","locations":[{"start":{"line":209,"column":8},"end":{"line":215,"column":9}}]},"19":{"loc":{"start":{"line":218,"column":8},"end":{"line":226,"column":9}},"type":"if","locations":[{"start":{"line":218,"column":8},"end":{"line":226,"column":9}}]},"20":{"loc":{"start":{"line":232,"column":85},"end":{"line":232,"column":122}},"type":"binary-expr","locations":[{"start":{"line":232,"column":85},"end":{"line":232,"column":103}},{"start":{"line":232,"column":107},"end":{"line":232,"column":122}}]},"21":{"loc":{"start":{"line":253,"column":4},"end":{"line":253,"column":47}},"type":"if","locations":[{"start":{"line":253,"column":4},"end":{"line":253,"column":47}}]},"22":{"loc":{"start":{"line":256,"column":4},"end":{"line":258,"column":5}},"type":"if","locations":[{"start":{"line":256,"column":4},"end":{"line":258,"column":5}}]},"23":{"loc":{"start":{"line":256,"column":8},"end":{"line":256,"column":85}},"type":"binary-expr","locations":[{"start":{"line":256,"column":8},"end":{"line":256,"column":46}},{"start":{"line":256,"column":50},"end":{"line":256,"column":85}}]},"24":{"loc":{"start":{"line":261,"column":4},"end":{"line":263,"column":5}},"type":"if","locations":[{"start":{"line":261,"column":4},"end":{"line":263,"column":5}}]},"25":{"loc":{"start":{"line":266,"column":4},"end":{"line":274,"column":5}},"type":"if","locations":[{"start":{"line":266,"column":4},"end":{"line":274,"column":5}}]},"26":{"loc":{"start":{"line":266,"column":8},"end":{"line":266,"column":42}},"type":"binary-expr","locations":[{"start":{"line":266,"column":8},"end":{"line":266,"column":13}},{"start":{"line":266,"column":17},"end":{"line":266,"column":42}}]},"27":{"loc":{"start":{"line":268,"column":6},"end":{"line":270,"column":7}},"type":"if","locations":[{"start":{"line":268,"column":6},"end":{"line":270,"column":7}}]},"28":{"loc":{"start":{"line":271,"column":6},"end":{"line":273,"column":7}},"type":"if","locations":[{"start":{"line":271,"column":6},"end":{"line":273,"column":7}}]},"29":{"loc":{"start":{"line":271,"column":10},"end":{"line":271,"column":74}},"type":"binary-expr","locations":[{"start":{"line":271,"column":10},"end":{"line":271,"column":37}},{"start":{"line":271,"column":41},"end":{"line":271,"column":74}}]},"30":{"loc":{"start":{"line":285,"column":4},"end":{"line":285,"column":58}},"type":"if","locations":[{"start":{"line":285,"column":4},"end":{"line":285,"column":58}}]},"31":{"loc":{"start":{"line":285,"column":8},"end":{"line":285,"column":43}},"type":"binary-expr","locations":[{"start":{"line":285,"column":8},"end":{"line":285,"column":14}},{"start":{"line":285,"column":18},"end":{"line":285,"column":43}}]},"32":{"loc":{"start":{"line":287,"column":26},"end":{"line":287,"column":61}},"type":"binary-expr","locations":[{"start":{"line":287,"column":26},"end":{"line":287,"column":39}},{"start":{"line":287,"column":43},"end":{"line":287,"column":61}}]},"33":{"loc":{"start":{"line":290,"column":11},"end":{"line":290,"column":45}},"type":"binary-expr","locations":[{"start":{"line":290,"column":11},"end":{"line":290,"column":21}},{"start":{"line":290,"column":25},"end":{"line":290,"column":32}},{"start":{"line":290,"column":36},"end":{"line":290,"column":45}}]},"34":{"loc":{"start":{"line":297,"column":4},"end":{"line":297,"column":31}},"type":"if","locations":[{"start":{"line":297,"column":4},"end":{"line":297,"column":31}}]},"35":{"loc":{"start":{"line":308,"column":16},"end":{"line":308,"column":53}},"type":"binary-expr","locations":[{"start":{"line":308,"column":16},"end":{"line":308,"column":27}},{"start":{"line":308,"column":31},"end":{"line":308,"column":47}},{"start":{"line":308,"column":51},"end":{"line":308,"column":53}}]},"36":{"loc":{"start":{"line":309,"column":12},"end":{"line":309,"column":33}},"type":"binary-expr","locations":[{"start":{"line":309,"column":12},"end":{"line":309,"column":20}},{"start":{"line":309,"column":24},"end":{"line":309,"column":33}}]},"37":{"loc":{"start":{"line":310,"column":14},"end":{"line":310,"column":37}},"type":"binary-expr","locations":[{"start":{"line":310,"column":14},"end":{"line":310,"column":24}},{"start":{"line":310,"column":28},"end":{"line":310,"column":37}}]},"38":{"loc":{"start":{"line":311,"column":16},"end":{"line":311,"column":34}},"type":"binary-expr","locations":[{"start":{"line":311,"column":16},"end":{"line":311,"column":28}},{"start":{"line":311,"column":32},"end":{"line":311,"column":34}}]},"39":{"loc":{"start":{"line":312,"column":19},"end":{"line":312,"column":61}},"type":"binary-expr","locations":[{"start":{"line":312,"column":19},"end":{"line":312,"column":34}},{"start":{"line":312,"column":38},"end":{"line":312,"column":54}},{"start":{"line":312,"column":58},"end":{"line":312,"column":61}}]},"40":{"loc":{"start":{"line":313,"column":16},"end":{"line":313,"column":49}},"type":"binary-expr","locations":[{"start":{"line":313,"column":16},"end":{"line":313,"column":27}},{"start":{"line":313,"column":31},"end":{"line":313,"column":43}},{"start":{"line":313,"column":47},"end":{"line":313,"column":49}}]},"41":{"loc":{"start":{"line":314,"column":18},"end":{"line":314,"column":55}},"type":"binary-expr","locations":[{"start":{"line":314,"column":18},"end":{"line":314,"column":32}},{"start":{"line":314,"column":36},"end":{"line":314,"column":50}},{"start":{"line":314,"column":54},"end":{"line":314,"column":55}}]},"42":{"loc":{"start":{"line":315,"column":16},"end":{"line":315,"column":58}},"type":"binary-expr","locations":[{"start":{"line":315,"column":16},"end":{"line":315,"column":28}},{"start":{"line":315,"column":32},"end":{"line":315,"column":45}},{"start":{"line":315,"column":49},"end":{"line":315,"column":58}}]},"43":{"loc":{"start":{"line":316,"column":17},"end":{"line":316,"column":61}},"type":"binary-expr","locations":[{"start":{"line":316,"column":17},"end":{"line":316,"column":30}},{"start":{"line":316,"column":34},"end":{"line":316,"column":48}},{"start":{"line":316,"column":52},"end":{"line":316,"column":61}}]},"44":{"loc":{"start":{"line":317,"column":15},"end":{"line":317,"column":39}},"type":"binary-expr","locations":[{"start":{"line":317,"column":15},"end":{"line":317,"column":26}},{"start":{"line":317,"column":30},"end":{"line":317,"column":39}}]},"45":{"loc":{"start":{"line":319,"column":17},"end":{"line":319,"column":59}},"type":"binary-expr","locations":[{"start":{"line":319,"column":17},"end":{"line":319,"column":28}},{"start":{"line":319,"column":32},"end":{"line":319,"column":46}},{"start":{"line":319,"column":50},"end":{"line":319,"column":59}}]},"46":{"loc":{"start":{"line":320,"column":18},"end":{"line":320,"column":62}},"type":"binary-expr","locations":[{"start":{"line":320,"column":18},"end":{"line":320,"column":30}},{"start":{"line":320,"column":34},"end":{"line":320,"column":49}},{"start":{"line":320,"column":53},"end":{"line":320,"column":62}}]},"47":{"loc":{"start":{"line":321,"column":17},"end":{"line":321,"column":41}},"type":"binary-expr","locations":[{"start":{"line":321,"column":17},"end":{"line":321,"column":28}},{"start":{"line":321,"column":32},"end":{"line":321,"column":41}}]},"48":{"loc":{"start":{"line":322,"column":17},"end":{"line":322,"column":59}},"type":"binary-expr","locations":[{"start":{"line":322,"column":17},"end":{"line":322,"column":28}},{"start":{"line":322,"column":32},"end":{"line":322,"column":46}},{"start":{"line":322,"column":50},"end":{"line":322,"column":59}}]},"49":{"loc":{"start":{"line":336,"column":6},"end":{"line":340,"column":7}},"type":"if","locations":[{"start":{"line":336,"column":6},"end":{"line":340,"column":7}},{"start":{"line":338,"column":13},"end":{"line":340,"column":7}}]},"50":{"loc":{"start":{"line":345,"column":15},"end":{"line":345,"column":69}},"type":"cond-expr","locations":[{"start":{"line":345,"column":40},"end":{"line":345,"column":53}},{"start":{"line":345,"column":56},"end":{"line":345,"column":69}}]}},"s":{"0":1,"1":1,"2":20,"3":20,"4":20,"5":16,"6":16,"7":3,"8":16,"9":0,"10":0,"11":0,"12":0,"13":0,"14":0,"15":16,"16":20,"17":20,"18":20,"19":20,"20":6,"21":0,"22":6,"23":0,"24":6,"25":6,"26":6,"27":4,"28":0,"29":0,"30":4,"31":5,"32":4,"33":4,"34":4,"35":2,"36":2,"37":13,"38":5,"39":5,"40":8,"41":8,"42":8,"43":7,"44":0,"45":0,"46":7,"47":1,"48":1,"49":3,"50":1,"51":1,"52":2,"53":2,"54":2,"55":1,"56":1,"57":1,"58":16,"59":16,"60":16,"61":16,"62":26,"63":26,"64":26,"65":12,"66":12,"67":0,"68":14,"69":14,"70":0,"71":0,"72":14,"73":10,"74":10,"75":10,"76":10,"77":4,"78":10,"79":10,"80":10,"81":14,"82":0,"83":14,"84":0,"85":14,"86":0,"87":14,"88":14,"89":14,"90":0,"91":14,"92":0,"93":14,"94":12,"95":0,"96":12,"97":12,"98":12,"99":12,"100":16,"101":1,"102":15,"103":15,"104":11,"105":3,"106":3,"107":3,"108":2,"109":2,"110":1,"111":1,"112":2,"113":1,"114":1,"115":1},"f":{"0":20,"1":16,"2":3,"3":0,"4":20,"5":6,"6":5,"7":4,"8":13,"9":3,"10":16,"11":10,"12":10,"13":14,"14":12,"15":16,"16":11,"17":3},"b":{"0":[0],"1":[0],"2":[0],"3":[0],"4":[3],"5":[0],"6":[0],"7":[0],"8":[2,0],"9":[5],"10":[0],"11":[1,0],"12":[1],"13":[1,0],"14":[1,0],"15":[12],"16":[12,0],"17":[14,0],"18":[0],"19":[10],"20":[4,0],"21":[0],"22":[0],"23":[14,14],"24":[0],"25":[14],"26":[14,14],"27":[0],"28":[0],"29":[14,0],"30":[0],"31":[12,12],"32":[12,2],"33":[12,11,11],"34":[1],"35":[11,1,0],"36":[11,0],"37":[11,0],"38":[11,7],"39":[11,9,9],"40":[11,9,8],"41":[11,9,8],"42":[11,11,11],"43":[11,11,10],"44":[11,11],"45":[11,11,11],"46":[11,11,11],"47":[11,11],"48":[11,11,11],"49":[1,1],"50":[1,0]}}
,"/home/drix/.openclaw/workspace/memecoin-bot-project/src/utils/logger.ts": {"path":"/home/drix/.openclaw/workspace/memecoin-bot-project/src/utils/logger.ts","statementMap":{"0":{"start":{"line":1,"column":0},"end":{"line":1,"column":30}},"1":{"start":{"line":3,"column":15},"end":{"line":21,"column":2}},"2":{"start":{"line":23,"column":0},"end":{"line":23,"column":22}}},"fnMap":{},"branchMap":{"0":{"loc":{"start":{"line":4,"column":9},"end":{"line":4,"column":40}},"type":"binary-expr","locations":[{"start":{"line":4,"column":9},"end":{"line":4,"column":30}},{"start":{"line":4,"column":34},"end":{"line":4,"column":40}}]}},"s":{"0":2,"1":2,"2":2},"f":{},"b":{"0":[2,2]}}
}
