TN:
SF:src/analyzers/index.ts
FN:12,(anonymous_1)
FN:28,(anonymous_2)
FN:72,(anonymous_3)
FN:116,(anonymous_4)
FNF:4
FNH:4
FNDA:3,(anonymous_1)
FNDA:20,(anonymous_2)
FNDA:2,(anonymous_3)
FNDA:4,(anonymous_4)
DA:1,1
DA:11,1
DA:13,3
DA:18,3
DA:19,3
DA:20,1
DA:28,20
DA:29,2
DA:31,2
DA:32,2
DA:35,2
DA:36,1
DA:37,1
DA:38,1
DA:39,0
DA:40,0
DA:41,1
DA:42,0
DA:45,2
DA:46,1
DA:47,1
DA:48,1
DA:49,0
DA:50,0
DA:53,2
DA:71,1
DA:73,2
DA:77,2
DA:78,2
DA:79,2
DA:81,2
DA:82,2
DA:83,2
DA:85,2
DA:86,1
DA:87,1
DA:88,1
DA:89,0
DA:90,0
DA:91,1
DA:92,1
DA:93,1
DA:96,2
DA:115,1
DA:121,4
DA:127,4
DA:128,4
DA:129,4
DA:131,4
DA:132,1
DA:133,1
DA:135,3
DA:136,3
DA:139,4
DA:140,0
DA:141,0
DA:142,4
DA:143,1
DA:144,1
DA:145,3
DA:146,1
DA:147,1
DA:150,4
LF:63
LH:54
BRDA:19,0,0,1
BRDA:29,1,0,2
BRDA:29,1,1,0
BRDA:35,2,0,1
BRDA:35,2,1,1
BRDA:38,3,0,0
BRDA:38,3,1,1
BRDA:41,4,0,0
BRDA:45,5,0,1
BRDA:45,5,1,1
BRDA:48,6,0,0
BRDA:85,7,0,1
BRDA:85,7,1,1
BRDA:88,8,0,0
BRDA:88,8,1,1
BRDA:91,9,0,1
BRDA:131,10,0,1
BRDA:131,10,1,3
BRDA:139,11,0,0
BRDA:139,11,1,4
BRDA:142,12,0,1
BRDA:142,12,1,3
BRDA:145,13,0,1
BRDA:153,14,0,4
BRDA:153,14,1,0
BRF:25
BRH:18
end_of_record
TN:
SF:src/scoring/score-engine.ts
FN:25,(anonymous_1)
FNF:1
FNH:1
FNDA:5,(anonymous_1)
DA:1,1
DA:17,1
DA:24,1
DA:31,5
DA:39,5
DA:47,5
DA:53,5
DA:59,5
DA:60,5
DA:61,2
DA:62,3
DA:63,2
DA:66,5
LF:13
LH:13
BRDA:29,0,0,0
BRDA:60,1,0,2
BRDA:60,1,1,3
BRDA:62,2,0,2
BRF:4
BRH:3
end_of_record
TN:
SF:src/scrapers/clanker.ts
FN:34,(anonymous_1)
FN:42,(anonymous_2)
FN:45,(anonymous_3)
FN:51,(anonymous_4)
FN:78,(anonymous_5)
FN:97,(anonymous_6)
FN:111,(anonymous_7)
FN:112,(anonymous_8)
FN:129,(anonymous_9)
FN:159,(anonymous_10)
FN:184,(anonymous_11)
FN:225,(anonymous_12)
FN:240,(anonymous_13)
FN:252,(anonymous_14)
FN:284,(anonymous_15)
FN:296,(anonymous_16)
FN:306,(anonymous_17)
FN:330,(anonymous_18)
FNF:18
FNH:17
FNDA:20,(anonymous_1)
FNDA:16,(anonymous_2)
FNDA:3,(anonymous_3)
FNDA:0,(anonymous_4)
FNDA:20,(anonymous_5)
FNDA:6,(anonymous_6)
FNDA:5,(anonymous_7)
FNDA:4,(anonymous_8)
FNDA:13,(anonymous_9)
FNDA:3,(anonymous_10)
FNDA:16,(anonymous_11)
FNDA:10,(anonymous_12)
FNDA:10,(anonymous_13)
FNDA:14,(anonymous_14)
FNDA:12,(anonymous_15)
FNDA:16,(anonymous_16)
FNDA:11,(anonymous_17)
FNDA:3,(anonymous_18)
DA:1,1
DA:2,1
DA:30,20
DA:35,20
DA:36,20
DA:43,16
DA:45,16
DA:47,16
DA:48,0
DA:49,0
DA:50,0
DA:51,0
DA:52,0
DA:56,16
DA:67,1
DA:68,20
DA:71,20
DA:79,20
DA:82,20
DA:98,6
DA:99,6
DA:101,6
DA:102,6
DA:103,6
DA:105,4
DA:106,0
DA:107,0
DA:110,4
DA:111,5
DA:112,4
DA:114,4
DA:115,4
DA:117,2
DA:120,2
DA:130,13
DA:131,5
DA:132,5
DA:135,8
DA:136,8
DA:137,8
DA:139,7
DA:140,0
DA:141,0
DA:144,7
DA:146,1
DA:150,1
DA:160,3
DA:161,1
DA:162,1
DA:165,2
DA:166,2
DA:167,2
DA:168,1
DA:170,1
DA:174,1
DA:186,16
DA:188,16
DA:190,16
DA:191,26
DA:192,26
DA:198,26
DA:200,12
DA:201,12
DA:204,0
DA:206,14
DA:209,14
DA:210,0
DA:214,0
DA:218,14
DA:219,10
DA:220,10
DA:225,10
DA:231,4
DA:242,10
DA:245,10
DA:246,10
DA:253,14
DA:256,14
DA:257,0
DA:261,14
DA:262,0
DA:266,14
DA:267,14
DA:268,14
DA:269,0
DA:271,14
DA:272,0
DA:277,14
DA:285,12
DA:287,12
DA:288,12
DA:289,12
DA:290,12
DA:297,16
DA:299,15
DA:300,15
DA:307,11
DA:331,3
DA:332,3
DA:333,3
DA:334,2
DA:336,2
DA:337,1
DA:339,1
DA:342,2
DA:344,1
DA:347,1
LF:107
LH:91
BRDA:34,0,0,0
BRDA:34,1,0,0
BRDA:47,2,0,0
BRDA:50,3,0,0
BRDA:97,4,0,3
BRDA:98,5,0,0
BRDA:99,6,0,0
BRDA:105,7,0,0
BRDA:118,8,0,2
BRDA:118,8,1,0
BRDA:130,9,0,5
BRDA:139,10,0,0
BRDA:148,11,0,1
BRDA:148,11,1,0
BRDA:160,12,0,1
BRDA:168,13,0,1
BRDA:168,13,1,0
BRDA:172,14,0,1
BRDA:172,14,1,0
BRDA:200,15,0,12
BRDA:200,16,0,12
BRDA:200,16,1,0
BRDA:206,17,0,14
BRDA:206,17,1,0
BRDA:209,18,0,0
BRDA:218,19,0,10
BRDA:232,20,0,4
BRDA:232,20,1,0
BRDA:253,21,0,0
BRDA:256,22,0,0
BRDA:256,23,0,14
BRDA:256,23,1,14
BRDA:261,24,0,0
BRDA:266,25,0,14
BRDA:266,26,0,14
BRDA:266,26,1,14
BRDA:268,27,0,0
BRDA:271,28,0,0
BRDA:271,29,0,14
BRDA:271,29,1,0
BRDA:285,30,0,0
BRDA:285,31,0,12
BRDA:285,31,1,12
BRDA:287,32,0,12
BRDA:287,32,1,2
BRDA:290,33,0,12
BRDA:290,33,1,11
BRDA:290,33,2,11
BRDA:297,34,0,1
BRDA:308,35,0,11
BRDA:308,35,1,1
BRDA:308,35,2,0
BRDA:309,36,0,11
BRDA:309,36,1,0
BRDA:310,37,0,11
BRDA:310,37,1,0
BRDA:311,38,0,11
BRDA:311,38,1,7
BRDA:312,39,0,11
BRDA:312,39,1,9
BRDA:312,39,2,9
BRDA:313,40,0,11
BRDA:313,40,1,9
BRDA:313,40,2,8
BRDA:314,41,0,11
BRDA:314,41,1,9
BRDA:314,41,2,8
BRDA:315,42,0,11
BRDA:315,42,1,11
BRDA:315,42,2,11
BRDA:316,43,0,11
BRDA:316,43,1,11
BRDA:316,43,2,10
BRDA:317,44,0,11
BRDA:317,44,1,11
BRDA:319,45,0,11
BRDA:319,45,1,11
BRDA:319,45,2,11
BRDA:320,46,0,11
BRDA:320,46,1,11
BRDA:320,46,2,11
BRDA:321,47,0,11
BRDA:321,47,1,11
BRDA:322,48,0,11
BRDA:322,48,1,11
BRDA:322,48,2,11
BRDA:336,49,0,1
BRDA:336,49,1,1
BRDA:345,50,0,1
BRDA:345,50,1,0
BRF:90
BRH:63
end_of_record
TN:
SF:src/utils/logger.ts
FNF:0
FNH:0
DA:1,2
DA:3,2
DA:23,2
LF:3
LH:3
BRDA:4,0,0,2
BRDA:4,0,1,2
BRF:2
BRH:2
end_of_record
