TN:
SF:src/alerts/telegram-notifier.ts
FN:20,(anonymous_1)
FN:25,(anonymous_2)
FN:63,(anonymous_3)
FN:106,(anonymous_4)
FN:117,(anonymous_5)
FN:121,(anonymous_6)
FNF:6
FNH:1
FNDA:10,(anonymous_1)
FNDA:0,(anonymous_2)
FNDA:0,(anonymous_3)
FNDA:0,(anonymous_4)
FNDA:0,(anonymous_5)
FNDA:0,(anonymous_6)
DA:1,1
DA:2,1
DA:3,1
DA:14,1
DA:17,10
DA:18,10
DA:21,10
DA:22,10
DA:27,0
DA:28,0
DA:29,0
DA:33,0
DA:36,0
DA:37,0
DA:38,0
DA:43,0
DA:48,0
DA:49,0
DA:54,0
DA:56,0
DA:64,0
DA:65,0
DA:66,0
DA:67,0
DA:69,0
DA:71,0
DA:72,0
DA:73,0
DA:74,0
DA:76,0
DA:77,0
DA:79,0
DA:80,0
DA:81,0
DA:82,0
DA:84,0
DA:87,0
DA:88,0
DA:89,0
DA:90,0
DA:92,0
DA:95,0
DA:96,0
DA:97,0
DA:98,0
DA:99,0
DA:101,0
DA:103,0
DA:107,0
DA:108,0
DA:109,0
DA:111,0
DA:112,0
DA:113,0
DA:114,0
DA:118,0
DA:122,0
DA:123,0
DA:124,0
DA:125,0
DA:126,0
DA:128,0
LF:62
LH:8
BRDA:28,0,0,0
BRDA:69,1,0,0
BRDA:69,1,1,0
BRDA:69,2,0,0
BRDA:69,2,1,0
BRDA:79,3,0,0
BRDA:87,4,0,0
BRDA:111,5,0,0
BRDA:112,6,0,0
BRDA:113,7,0,0
BRF:10
BRH:0
end_of_record
TN:
SF:src/analyzers/index.ts
FN:12,(anonymous_1)
FN:28,(anonymous_2)
FN:72,(anonymous_3)
FN:116,(anonymous_4)
FNF:4
FNH:4
FNDA:4,(anonymous_1)
FNDA:30,(anonymous_2)
FNDA:3,(anonymous_3)
FNDA:5,(anonymous_4)
DA:1,2
DA:11,2
DA:13,4
DA:18,4
DA:19,4
DA:20,1
DA:28,30
DA:29,3
DA:31,3
DA:32,3
DA:35,3
DA:36,2
DA:37,2
DA:38,1
DA:39,0
DA:40,0
DA:41,1
DA:42,0
DA:45,3
DA:46,1
DA:47,1
DA:48,2
DA:49,1
DA:50,1
DA:53,3
DA:71,2
DA:73,3
DA:77,3
DA:78,3
DA:79,3
DA:81,3
DA:82,3
DA:83,3
DA:85,3
DA:86,2
DA:87,2
DA:88,1
DA:89,0
DA:90,0
DA:91,1
DA:92,1
DA:93,1
DA:96,3
DA:115,2
DA:121,5
DA:127,5
DA:128,5
DA:129,5
DA:131,5
DA:132,1
DA:133,1
DA:135,4
DA:136,4
DA:139,5
DA:140,0
DA:141,0
DA:142,5
DA:143,1
DA:144,1
DA:145,4
DA:146,1
DA:147,1
DA:150,5
LF:63
LH:56
BRDA:19,0,0,1
BRDA:29,1,0,3
BRDA:29,1,1,0
BRDA:35,2,0,2
BRDA:35,2,1,1
BRDA:38,3,0,0
BRDA:38,3,1,1
BRDA:41,4,0,0
BRDA:45,5,0,1
BRDA:45,5,1,2
BRDA:48,6,0,1
BRDA:85,7,0,2
BRDA:85,7,1,1
BRDA:88,8,0,0
BRDA:88,8,1,1
BRDA:91,9,0,1
BRDA:131,10,0,1
BRDA:131,10,1,4
BRDA:139,11,0,0
BRDA:139,11,1,5
BRDA:142,12,0,1
BRDA:142,12,1,4
BRDA:145,13,0,1
BRDA:153,14,0,5
BRDA:153,14,1,0
BRF:25
BRH:19
end_of_record
TN:
SF:src/analyzers/pump-pattern.ts
FN:47,(anonymous_1)
FN:59,(anonymous_2)
FN:67,(anonymous_3)
FN:68,(anonymous_4)
FN:138,(anonymous_5)
FN:148,(anonymous_6)
FN:149,(anonymous_7)
FN:169,(anonymous_8)
FN:186,(anonymous_9)
FN:208,(anonymous_10)
FN:211,(anonymous_11)
FN:229,(anonymous_12)
FN:258,(anonymous_13)
FN:277,(anonymous_14)
FN:334,(anonymous_15)
FN:367,(anonymous_16)
FN:436,(anonymous_17)
FNF:17
FNH:15
FNDA:1,(anonymous_1)
FNDA:1,(anonymous_2)
FNDA:2,(anonymous_3)
FNDA:2,(anonymous_4)
FNDA:1,(anonymous_5)
FNDA:1,(anonymous_6)
FNDA:1,(anonymous_7)
FNDA:1,(anonymous_8)
FNDA:1,(anonymous_9)
FNDA:1,(anonymous_10)
FNDA:1,(anonymous_11)
FNDA:1,(anonymous_12)
FNDA:0,(anonymous_13)
FNDA:1,(anonymous_14)
FNDA:2,(anonymous_15)
FNDA:1,(anonymous_16)
FNDA:0,(anonymous_17)
DA:1,1
DA:2,1
DA:38,1
DA:49,1
DA:50,0
DA:51,0
DA:54,1
DA:55,0
DA:59,1
DA:61,1
DA:63,1
DA:64,1
DA:67,2
DA:68,2
DA:69,1
DA:70,1
DA:73,1
DA:76,1
DA:79,1
DA:82,1
DA:85,1
DA:96,1
DA:105,1
DA:113,1
DA:125,0
DA:139,1
DA:140,0
DA:144,1
DA:145,1
DA:146,1
DA:148,1
DA:149,1
DA:151,1
DA:153,1
DA:154,1
DA:155,0
DA:156,0
DA:159,0
DA:170,1
DA:171,0
DA:174,1
DA:175,1
DA:177,1
DA:187,1
DA:188,0
DA:192,1
DA:193,1
DA:194,1
DA:195,1
DA:197,1
DA:198,1
DA:199,1
DA:203,1
DA:204,0
DA:208,1
DA:211,1
DA:214,1
DA:230,1
DA:231,1
DA:235,0
DA:236,0
DA:238,0
DA:239,0
DA:240,0
DA:241,0
DA:246,0
DA:249,0
DA:250,0
DA:251,0
DA:252,0
DA:253,0
DA:257,0
DA:258,0
DA:259,0
DA:262,0
DA:286,1
DA:287,1
DA:290,1
DA:291,0
DA:292,1
DA:293,0
DA:294,1
DA:295,0
DA:299,1
DA:300,0
DA:301,1
DA:302,0
DA:303,1
DA:304,1
DA:308,1
DA:309,0
DA:310,1
DA:311,0
DA:315,1
DA:316,0
DA:317,1
DA:318,0
DA:322,1
DA:323,1
DA:324,0
DA:325,0
DA:329,1
DA:330,0
DA:334,2
DA:335,1
DA:336,1
DA:338,1
DA:339,0
DA:340,1
DA:341,0
DA:342,1
DA:343,1
DA:346,1
DA:375,1
DA:378,1
DA:379,0
DA:380,1
DA:381,0
DA:382,1
DA:383,1
DA:387,1
DA:388,0
DA:389,1
DA:390,0
DA:391,1
DA:392,0
DA:393,1
DA:394,0
DA:398,1
DA:399,0
DA:400,1
DA:401,0
DA:402,1
DA:403,0
DA:407,1
DA:408,0
DA:409,1
DA:410,0
DA:411,1
DA:412,0
DA:416,1
DA:417,1
DA:418,0
DA:419,0
DA:423,1
DA:424,0
DA:427,1
DA:437,0
DA:451,1
LF:149
LH:92
BRDA:49,0,0,0
BRDA:49,1,0,1
BRDA:49,1,1,1
BRDA:54,2,0,0
BRDA:70,3,0,1
BRDA:70,3,1,0
BRDA:70,4,0,1
BRDA:70,4,1,0
BRDA:139,5,0,0
BRDA:151,6,0,1
BRDA:151,6,1,0
BRDA:153,7,0,1
BRDA:153,7,1,0
BRDA:155,8,0,0
BRDA:170,9,0,0
BRDA:177,10,0,1
BRDA:177,10,1,0
BRDA:187,11,0,0
BRDA:197,12,0,1
BRDA:203,13,0,0
BRDA:230,14,0,1
BRDA:239,15,0,0
BRDA:250,16,0,0
BRDA:262,17,0,0
BRDA:262,17,1,0
BRDA:262,17,2,0
BRDA:290,18,0,0
BRDA:290,18,1,1
BRDA:292,19,0,0
BRDA:292,19,1,1
BRDA:294,20,0,0
BRDA:299,21,0,0
BRDA:299,21,1,1
BRDA:301,22,0,0
BRDA:301,22,1,1
BRDA:303,23,0,1
BRDA:308,24,0,0
BRDA:308,24,1,1
BRDA:310,25,0,0
BRDA:315,26,0,0
BRDA:315,26,1,1
BRDA:317,27,0,0
BRDA:322,28,0,1
BRDA:322,28,1,0
BRDA:324,29,0,0
BRDA:329,30,0,0
BRDA:338,31,0,0
BRDA:338,31,1,1
BRDA:340,32,0,0
BRDA:340,32,1,1
BRDA:342,33,0,1
BRDA:378,34,0,0
BRDA:378,34,1,1
BRDA:380,35,0,0
BRDA:380,35,1,1
BRDA:382,36,0,1
BRDA:387,37,0,0
BRDA:387,37,1,1
BRDA:389,38,0,0
BRDA:389,38,1,1
BRDA:391,39,0,0
BRDA:391,39,1,1
BRDA:393,40,0,0
BRDA:398,41,0,0
BRDA:398,41,1,1
BRDA:400,42,0,0
BRDA:400,42,1,1
BRDA:402,43,0,0
BRDA:407,44,0,0
BRDA:407,44,1,1
BRDA:409,45,0,0
BRDA:409,45,1,1
BRDA:411,46,0,0
BRDA:416,47,0,1
BRDA:416,47,1,0
BRDA:418,48,0,0
BRDA:423,49,0,0
BRF:77
BRH:31
end_of_record
TN:
SF:src/scoring/score-engine.ts
FN:25,(anonymous_1)
FNF:1
FNH:1
FNDA:11,(anonymous_1)
DA:1,2
DA:17,2
DA:24,2
DA:31,11
DA:39,11
DA:47,11
DA:53,11
DA:59,11
DA:60,11
DA:61,3
DA:62,8
DA:63,6
DA:66,11
LF:13
LH:13
BRDA:29,0,0,0
BRDA:60,1,0,3
BRDA:60,1,1,8
BRDA:62,2,0,6
BRF:4
BRH:3
end_of_record
TN:
SF:src/scrapers/clanker.ts
FN:34,(anonymous_1)
FN:42,(anonymous_2)
FN:45,(anonymous_3)
FN:51,(anonymous_4)
FN:78,(anonymous_5)
FN:97,(anonymous_6)
FN:111,(anonymous_7)
FN:112,(anonymous_8)
FN:129,(anonymous_9)
FN:159,(anonymous_10)
FN:184,(anonymous_11)
FN:225,(anonymous_12)
FN:240,(anonymous_13)
FN:252,(anonymous_14)
FN:284,(anonymous_15)
FN:296,(anonymous_16)
FN:306,(anonymous_17)
FN:330,(anonymous_18)
FNF:18
FNH:17
FNDA:20,(anonymous_1)
FNDA:16,(anonymous_2)
FNDA:3,(anonymous_3)
FNDA:0,(anonymous_4)
FNDA:20,(anonymous_5)
FNDA:6,(anonymous_6)
FNDA:5,(anonymous_7)
FNDA:4,(anonymous_8)
FNDA:13,(anonymous_9)
FNDA:3,(anonymous_10)
FNDA:16,(anonymous_11)
FNDA:10,(anonymous_12)
FNDA:10,(anonymous_13)
FNDA:14,(anonymous_14)
FNDA:12,(anonymous_15)
FNDA:16,(anonymous_16)
FNDA:11,(anonymous_17)
FNDA:3,(anonymous_18)
DA:1,1
DA:2,1
DA:30,20
DA:35,20
DA:36,20
DA:43,16
DA:45,16
DA:47,16
DA:48,0
DA:49,0
DA:50,0
DA:51,0
DA:52,0
DA:56,16
DA:67,1
DA:68,20
DA:71,20
DA:79,20
DA:82,20
DA:98,6
DA:99,6
DA:101,6
DA:102,6
DA:103,6
DA:105,4
DA:106,0
DA:107,0
DA:110,4
DA:111,5
DA:112,4
DA:114,4
DA:115,4
DA:117,2
DA:120,2
DA:130,13
DA:131,5
DA:132,5
DA:135,8
DA:136,8
DA:137,8
DA:139,7
DA:140,0
DA:141,0
DA:144,7
DA:146,1
DA:150,1
DA:160,3
DA:161,1
DA:162,1
DA:165,2
DA:166,2
DA:167,2
DA:168,1
DA:170,1
DA:174,1
DA:186,16
DA:188,16
DA:190,16
DA:191,26
DA:192,26
DA:198,26
DA:200,12
DA:201,12
DA:204,0
DA:206,14
DA:209,14
DA:210,0
DA:214,0
DA:218,14
DA:219,10
DA:220,10
DA:225,10
DA:231,4
DA:242,10
DA:245,10
DA:246,10
DA:253,14
DA:256,14
DA:257,0
DA:261,14
DA:262,0
DA:266,14
DA:267,14
DA:268,14
DA:269,0
DA:271,14
DA:272,0
DA:277,14
DA:285,12
DA:287,12
DA:288,12
DA:289,12
DA:290,12
DA:297,16
DA:299,15
DA:300,15
DA:307,11
DA:331,3
DA:332,3
DA:333,3
DA:334,2
DA:336,2
DA:337,1
DA:339,1
DA:342,2
DA:344,1
DA:347,1
LF:107
LH:91
BRDA:34,0,0,0
BRDA:34,1,0,0
BRDA:47,2,0,0
BRDA:50,3,0,0
BRDA:97,4,0,3
BRDA:98,5,0,0
BRDA:99,6,0,0
BRDA:105,7,0,0
BRDA:118,8,0,2
BRDA:118,8,1,0
BRDA:130,9,0,5
BRDA:139,10,0,0
BRDA:148,11,0,1
BRDA:148,11,1,0
BRDA:160,12,0,1
BRDA:168,13,0,1
BRDA:168,13,1,0
BRDA:172,14,0,1
BRDA:172,14,1,0
BRDA:200,15,0,12
BRDA:200,16,0,12
BRDA:200,16,1,0
BRDA:206,17,0,14
BRDA:206,17,1,0
BRDA:209,18,0,0
BRDA:218,19,0,10
BRDA:232,20,0,4
BRDA:232,20,1,0
BRDA:253,21,0,0
BRDA:256,22,0,0
BRDA:256,23,0,14
BRDA:256,23,1,14
BRDA:261,24,0,0
BRDA:266,25,0,14
BRDA:266,26,0,14
BRDA:266,26,1,14
BRDA:268,27,0,0
BRDA:271,28,0,0
BRDA:271,29,0,14
BRDA:271,29,1,0
BRDA:285,30,0,0
BRDA:285,31,0,12
BRDA:285,31,1,12
BRDA:287,32,0,12
BRDA:287,32,1,2
BRDA:290,33,0,12
BRDA:290,33,1,11
BRDA:290,33,2,11
BRDA:297,34,0,1
BRDA:308,35,0,11
BRDA:308,35,1,1
BRDA:308,35,2,0
BRDA:309,36,0,11
BRDA:309,36,1,0
BRDA:310,37,0,11
BRDA:310,37,1,0
BRDA:311,38,0,11
BRDA:311,38,1,7
BRDA:312,39,0,11
BRDA:312,39,1,9
BRDA:312,39,2,9
BRDA:313,40,0,11
BRDA:313,40,1,9
BRDA:313,40,2,8
BRDA:314,41,0,11
BRDA:314,41,1,9
BRDA:314,41,2,8
BRDA:315,42,0,11
BRDA:315,42,1,11
BRDA:315,42,2,11
BRDA:316,43,0,11
BRDA:316,43,1,11
BRDA:316,43,2,10
BRDA:317,44,0,11
BRDA:317,44,1,11
BRDA:319,45,0,11
BRDA:319,45,1,11
BRDA:319,45,2,11
BRDA:320,46,0,11
BRDA:320,46,1,11
BRDA:320,46,2,11
BRDA:321,47,0,11
BRDA:321,47,1,11
BRDA:322,48,0,11
BRDA:322,48,1,11
BRDA:322,48,2,11
BRDA:336,49,0,1
BRDA:336,49,1,1
BRDA:345,50,0,1
BRDA:345,50,1,0
BRF:90
BRH:63
end_of_record
TN:
SF:src/utils/errors.ts
FN:2,(anonymous_0)
FN:9,(anonymous_1)
FN:16,(anonymous_2)
FN:23,(anonymous_3)
FN:30,(anonymous_4)
FN:37,(anonymous_5)
FNF:6
FNH:3
FNDA:2,(anonymous_0)
FNDA:1,(anonymous_1)
FNDA:0,(anonymous_2)
FNDA:0,(anonymous_3)
FNDA:0,(anonymous_4)
FNDA:1,(anonymous_5)
DA:1,2
DA:2,2
DA:3,2
DA:4,2
DA:8,2
DA:10,1
DA:11,1
DA:15,2
DA:17,0
DA:18,0
DA:22,2
DA:24,0
DA:25,0
DA:29,2
DA:30,0
DA:31,0
DA:32,0
DA:36,2
DA:38,1
DA:39,1
LF:20
LH:13
BRF:0
BRH:0
end_of_record
TN:
SF:src/utils/logger.ts
FNF:0
FNH:0
DA:1,4
DA:3,4
DA:23,4
LF:3
LH:3
BRDA:4,0,0,4
BRDA:4,0,1,4
BRF:2
BRH:2
end_of_record
TN:
SF:src/utils/rpc-provider.ts
FN:34,(anonymous_1)
FN:38,(anonymous_2)
FN:43,(anonymous_3)
FN:51,(anonymous_4)
FN:77,(anonymous_5)
FN:85,(anonymous_6)
FN:91,(anonymous_7)
FN:114,(anonymous_8)
FN:118,(anonymous_9)
FN:133,(anonymous_10)
FN:137,(anonymous_11)
FN:169,(anonymous_12)
FN:177,(anonymous_13)
FN:201,(anonymous_14)
FN:219,(anonymous_15)
FN:232,(anonymous_16)
FN:245,(anonymous_17)
FN:268,(anonymous_18)
FN:291,(anonymous_19)
FN:321,(anonymous_20)
FN:370,(anonymous_21)
FN:384,(anonymous_22)
FN:407,(anonymous_23)
FN:431,(anonymous_24)
FN:470,(anonymous_25)
FN:474,(anonymous_26)
FN:478,(anonymous_27)
FN:504,getRPCProvider
FNF:28
FNH:3
FNDA:4,(anonymous_1)
FNDA:4,(anonymous_2)
FNDA:3,(anonymous_3)
FNDA:0,(anonymous_4)
FNDA:0,(anonymous_5)
FNDA:0,(anonymous_6)
FNDA:0,(anonymous_7)
FNDA:0,(anonymous_8)
FNDA:0,(anonymous_9)
FNDA:0,(anonymous_10)
FNDA:0,(anonymous_11)
FNDA:0,(anonymous_12)
FNDA:0,(anonymous_13)
FNDA:0,(anonymous_14)
FNDA:0,(anonymous_15)
FNDA:0,(anonymous_16)
FNDA:0,(anonymous_17)
FNDA:0,(anonymous_18)
FNDA:0,(anonymous_19)
FNDA:0,(anonymous_20)
FNDA:0,(anonymous_21)
FNDA:0,(anonymous_22)
FNDA:0,(anonymous_23)
FNDA:0,(anonymous_24)
FNDA:0,(anonymous_25)
FNDA:0,(anonymous_26)
FNDA:0,(anonymous_27)
FNDA:0,getRPCProvider
DA:1,1
DA:2,1
DA:3,1
DA:8,1
DA:20,1
DA:30,1
DA:32,4
DA:35,4
DA:39,4
DA:40,4
DA:42,4
DA:43,3
DA:46,4
DA:47,0
DA:48,0
DA:49,0
DA:50,0
DA:51,0
DA:55,4
DA:62,1
DA:63,0
DA:64,0
DA:66,0
DA:68,0
DA:78,0
DA:79,0
DA:80,0
DA:86,0
DA:87,0
DA:92,0
DA:93,0
DA:96,0
DA:97,0
DA:98,0
DA:99,0
DA:101,0
DA:102,0
DA:103,0
DA:106,0
DA:108,0
DA:115,0
DA:119,0
DA:120,0
DA:123,0
DA:124,0
DA:125,0
DA:130,0
DA:134,0
DA:138,0
DA:139,0
DA:140,0
DA:141,0
DA:144,0
DA:145,0
DA:146,0
DA:147,0
DA:148,0
DA:150,0
DA:151,0
DA:155,0
DA:156,0
DA:159,0
DA:160,0
DA:167,0
DA:168,0
DA:169,0
DA:174,0
DA:178,0
DA:179,0
DA:183,0
DA:185,0
DA:186,0
DA:187,0
DA:189,0
DA:190,0
DA:191,0
DA:192,0
DA:193,0
DA:197,0
DA:198,0
DA:202,0
DA:203,0
DA:204,0
DA:205,0
DA:206,0
DA:207,0
DA:209,0
DA:211,0
DA:212,0
DA:213,0
DA:214,0
DA:218,0
DA:219,0
DA:221,0
DA:229,0
DA:233,0
DA:234,0
DA:235,0
DA:236,0
DA:237,0
DA:239,0
DA:246,0
DA:247,0
DA:250,0
DA:251,0
DA:252,0
DA:253,0
DA:258,0
DA:259,0
DA:261,0
DA:269,0
DA:270,0
DA:273,0
DA:274,0
DA:275,0
DA:276,0
DA:281,0
DA:282,0
DA:284,0
DA:295,0
DA:296,0
DA:298,0
DA:299,0
DA:302,0
DA:303,0
DA:304,0
DA:305,0
DA:310,0
DA:311,0
DA:313,0
DA:326,0
DA:327,0
DA:330,0
DA:331,0
DA:332,0
DA:334,0
DA:335,0
DA:337,0
DA:344,0
DA:345,0
DA:347,0
DA:348,0
DA:349,0
DA:350,0
DA:351,0
DA:354,0
DA:358,0
DA:359,0
DA:360,0
DA:361,0
DA:362,0
DA:363,0
DA:366,0
DA:370,0
DA:371,0
DA:374,0
DA:376,0
DA:385,0
DA:386,0
DA:389,0
DA:390,0
DA:391,0
DA:392,0
DA:397,0
DA:398,0
DA:400,0
DA:408,0
DA:409,0
DA:412,0
DA:413,0
DA:414,0
DA:415,0
DA:420,0
DA:421,0
DA:422,0
DA:424,0
DA:435,0
DA:436,0
DA:441,0
DA:442,0
DA:443,0
DA:445,0
DA:449,0
DA:450,0
DA:453,0
DA:457,0
DA:458,0
DA:461,0
DA:463,0
DA:471,0
DA:475,0
DA:479,0
DA:481,0
DA:482,0
DA:483,0
DA:484,0
DA:485,0
DA:486,0
DA:487,0
DA:488,0
DA:491,0
DA:494,0
DA:498,0
DA:502,1
DA:504,1
DA:505,0
DA:506,0
DA:508,0
DA:511,1
LF:209
LH:18
BRDA:34,0,0,1
BRDA:46,1,0,0
BRDA:49,2,0,0
BRDA:77,3,0,0
BRDA:69,4,0,0
BRDA:69,4,1,0
BRDA:70,5,0,0
BRDA:70,5,1,0
BRDA:71,6,0,0
BRDA:71,6,1,0
BRDA:73,7,0,0
BRDA:73,7,1,0
BRDA:92,8,0,0
BRDA:92,9,0,0
BRDA:92,9,1,0
BRDA:101,10,0,0
BRDA:119,11,0,0
BRDA:124,12,0,0
BRDA:134,13,0,0
BRDA:134,13,1,0
BRDA:137,14,0,0
BRDA:139,15,0,0
BRDA:150,16,0,0
BRDA:167,17,0,0
BRDA:180,18,0,0
BRDA:180,18,1,0
BRDA:187,19,0,0
BRDA:190,20,0,0
BRDA:201,21,0,0
BRDA:211,22,0,0
BRDA:211,22,1,0
BRDA:213,23,0,0
BRDA:237,24,0,0
BRDA:237,24,1,0
BRDA:246,25,0,0
BRDA:269,26,0,0
BRDA:295,27,0,0
BRDA:298,28,0,0
BRDA:323,29,0,0
BRDA:324,30,0,0
BRDA:326,31,0,0
BRDA:350,32,0,0
BRDA:362,33,0,0
BRDA:371,34,0,0
BRDA:371,34,1,0
BRDA:385,35,0,0
BRDA:408,36,0,0
BRDA:433,37,0,0
BRDA:435,38,0,0
BRDA:449,39,0,0
BRDA:457,40,0,0
BRDA:483,41,0,0
BRDA:483,41,1,0
BRDA:486,42,0,0
BRDA:505,43,0,0
BRF:55
BRH:1
end_of_record
